ENSG00000102158
ok
ENSG00000174106
ok
ENSG00000165406
ok
ENSG00000165238
ok
ENSG00000142784
ok
ENSG00000163121
ok
ENSG00000101463
ok
ENSG00000109184
ok
ENSG00000171551
ok
ENSG00000011021
ok
ENSG00000196843
ok
ENSG00000154370
ok
ENSG00000183010
ok
ENSG00000067715
ok
ENSG00000162931
ok
ENSG00000177000
ok
ENSG00000110619
ok
ENSG00000061936
ok
ENSG00000132406
ok
ENSG00000116574
ok
ENSG00000168118
ok
ENSG00000165186
ok
ENSG00000135823
ok
ENSG00000112290
ok
ENSG00000185345
ok
ENSG00000174099
ok
ENSG00000085999
ok
ENSG00000143514
ok
ENSG00000198483
ok
ENSG00000132128
ok
ENSG00000163646
ok
ENSG00000151136
ok
ENSG00000115806
ok
ENSG00000157353
ok
ENSG00000198648
ok
ENSG00000132330
ok
ENSG00000107798
ok
ENSG00000152402
ok
ENSG00000132664
ok
ENSG00000151413
ok
ENSG00000135902
ok
ENSG00000104365
ok
ENSG00000132749
ok
ENSG00000196123
ok
ENSG00000109686
ok
ENSG00000177425
ok
ENSG00000140859
ok
ENSG00000119917
ok
ENSG00000134317
ok
ENSG00000058272
ok
ENSG00000177994
ok
ENSG00000128606
ok
ENSG00000161040
ok
ENSG00000122566
ok
ENSG00000188191
ok
ENSG00000198216
ok
ENSG00000075539
ok
ENSG00000134398
ok
ENSG00000175782
ok
ENSG00000102081
ok
ENSG00000196811
ok
ENSG00000125740
ok
ENSG00000115468
ok
ENSG00000012061
ok
ENSG00000174243
ok
ENSG00000101134
ok
ENSG00000198598
ok
ENSG00000008323
ok
ENSG00000107874
ok
ENSG00000120802
ok
ENSG00000163811
ok
ENSG00000110851
ok
ENSG00000118503
ok
ENSG00000172602
ok
ENSG00000198208
ok
ENSG00000172819
ok
ENSG00000115232
ok
ENSG00000101452
ok
ENSG00000177169
ok
ENSG00000162692
ok
ENSG00000135763
ok
ENSG00000172059
ok
ENSG00000143753
ok
ENSG00000117479
ok
ENSG00000188452
ok
ENSG00000141569
ok
ENSG00000144488
ok
ENSG00000075035
ok
ENSG00000177614
ok
ENSG00000174175
ok
ENSG00000138035
ok
ENSG00000130766
ok
ENSG00000178795
ok
ENSG00000135775
ok
ENSG00000174600
ok
ENSG00000162694
ok
ENSG00000164045
ok
ENSG00000189350
ok
ENSG00000130202
ok
ENSG00000152778
ok
ENSG00000135744
ok
ENSG00000162695
ok
ENSG00000135773
ok
ENSG00000132323
ok
ENSG00000142224
ok
ENSG00000157890
ok
ENSG00000146918
ok
ENSG00000162891
ok
ENSG00000177192
ok
ENSG00000054803
ok
ENSG00000064419
ok
ENSG00000141367
ok
ENSG00000075856
ok
ENSG00000138756
ok
ENSG00000000457
ok
ENSG00000162892
ok
ENSG00000115306
ok
ENSG00000183495
ok
ENSG00000163291
ok
ENSG00000132326
ok
ENSG00000007908
ok
ENSG00000152779
ok
ENSG00000162894
ok
ENSG00000134285
ok
ENSG00000188404
ok
ENSG00000143643
ok
ENSG00000143771
ok
ENSG00000179044
ok
ENSG00000112414
ok
ENSG00000108389
ok
ENSG00000198046
ok
ENSG00000161638
ok
ENSG00000162736
ok
ENSG00000162944
ok
ENSG00000204104
ok
ENSG00000161048
ok
ENSG00000112379
ok
ENSG00000163516
ok
ENSG00000161642
ok
ENSG00000143786
ok
ENSG00000152430
ok
ENSG00000122218
ok
ENSG00000162923
ok
ENSG00000173599
ok
ENSG00000065802
ok
ENSG00000149269
ok
ENSG00000173275
ok
ENSG00000163521
ok
ENSG00000161267
ok
ENSG00000184967
ok
ENSG00000135476
ok
ENSG00000115896
ok
ENSG00000121101
ok
ENSG00000115665
ok
ENSG00000163071
ok
ENSG00000116906
ok
ENSG00000101890
ok
ENSG00000119630
ok
ENSG00000127824
ok
ENSG00000162896
ok
ENSG00000081800
ok
ENSG00000162897
ok
ENSG00000115295
ok
ENSG00000182795
ok
ENSG00000169884
ok
ENSG00000089053
ok
ENSG00000119718
ok
ENSG00000165899
ok
ENSG00000189091
ok
ENSG00000173166
ok
ENSG00000125084
ok
ENSG00000102890
ok
ENSG00000135766
ok
ENSG00000117543
ok
ENSG00000117480
ok
ENSG00000138434
ok
ENSG00000196943
ok
ENSG00000135678
ok
ENSG00000137760
ok
ENSG00000136305
ok
ENSG00000139637
ok
ENSG00000123836
ok
ENSG00000132718
ok
ENSG00000124181
ok
ENSG00000138443
ok
ENSG00000117868
ok
ENSG00000164675
ok
ENSG00000198900
ok
ENSG00000174306
ok
ENSG00000017260
ok
ENSG00000018236
ok
ENSG00000180667
ok
ENSG00000135828
ok
ENSG00000106018
ok
ENSG00000072163
ok
ENSG00000171786
ok
ENSG00000185046
ok
ENSG00000089094
ok
ENSG00000162738
ok
ENSG00000111046
ok
ENSG00000162739
ok
ENSG00000135824
ok
ENSG00000138182
ok
ENSG00000140836
ok
ENSG00000111049
ok
ENSG00000066294
ok
ENSG00000135838
ok
ENSG00000066248
ok
ENSG00000116584
ok
ENSG00000115252
ok
ENSG00000157600
ok
ENSG00000123838
ok
ENSG00000110880
ok
ENSG00000111605
ok
ENSG00000165966
ok
ENSG00000119042
ok
ENSG00000165288
ok
ENSG00000123338
ok
ENSG00000135829
ok
ENSG00000118733
ok
ENSG00000103197
ok
ENSG00000111058
ok
ENSG00000159648
ok
ENSG00000120370
ok
ENSG00000157060
ok
ENSG00000111052
ok
ENSG00000178562
ok
ENSG00000105821
ok
ENSG00000163599
ok
ENSG00000196867
ok
ENSG00000116132
ok
ENSG00000103005
ok
ENSG00000135862
ok
ENSG00000170615
ok
ENSG00000110887
ok
ENSG00000178074
ok
ENSG00000198689
ok
ENSG00000123360
ok
ENSG00000143815
ok
ENSG00000058085
ok
ENSG00000162496
ok
ENSG00000166111
ok
ENSG00000157064
ok
ENSG00000116991
ok
ENSG00000114988
ok
ENSG00000197016
ok
ENSG00000116117
ok
ENSG00000196141
ok
ENSG00000054356
ok
ENSG00000117090
ok
ENSG00000157330
ok
ENSG00000128045
ok
ENSG00000157368
ok
ENSG00000132613
ok
ENSG00000164022
ok
ENSG00000161057
ok
ENSG00000196187
ok
ENSG00000116698
ok
ENSG00000146809
ok
ENSG00000125122
ok
ENSG00000142327
ok
ENSG00000158158
ok
ENSG00000168918
ok
ENSG00000243978
ok
ENSG00000170807
ok
ENSG00000102996
ok
ENSG00000101935
ok
ENSG00000173947
ok
ENSG00000026751
ok
ENSG00000106299
ok
ENSG00000106302
ok
ENSG00000135968
ok
ENSG00000116701
ok
ENSG00000101938
ok
ENSG00000136709
ok
ENSG00000132698
ok
ENSG00000115840
ok
ENSG00000143674
ok
ENSG00000143751
ok
ENSG00000135750
ok
ENSG00000060718
ok
ENSG00000076555
ok
ENSG00000172878
ok
ENSG00000122223
ok
ENSG00000183780
ok
ENSG00000010361
ok
ENSG00000196961
ok
ENSG00000142330
ok
ENSG00000158023
ok
ENSG00000061676
ok
ENSG00000158006
ok
ENSG00000118257
ok
ENSG00000139549
ok
ENSG00000005020
ok
ENSG00000152580
ok
ENSG00000138271
ok
ENSG00000181631
ok
ENSG00000144893
ok
ENSG00000158769
ok
ENSG00000103274
ok
ENSG00000215845
ok
ENSG00000077264
ok
ENSG00000162999
ok
ENSG00000072201
ok
ENSG00000182938
ok
ENSG00000163002
ok
ENSG00000163909
ok
ENSG00000094914
ok
ENSG00000070761
ok
ENSG00000100614
ok
ENSG00000134853
ok
ENSG00000158014
ok
ENSG00000048649
ok
ENSG00000175727
ok
ENSG00000143110
ok
ENSG00000167861
ok
ENSG00000116981
ok
ENSG00000163126
ok
ENSG00000213626
ok
ENSG00000173227
ok
ENSG00000146416
ok
ENSG00000204671
ok
ENSG00000158113
ok
ENSG00000158022
ok
ENSG00000112531
ok
ENSG00000139445
ok
ENSG00000148688
ok
ENSG00000072609
ok
ENSG00000077274
ok
ENSG00000144233
ok
ENSG00000139636
ok
ENSG00000116983
ok
ENSG00000114933
ok
ENSG00000143344
ok
ENSG00000179008
ok
ENSG00000196458
ok
ENSG00000175084
ok
ENSG00000090615
ok
ENSG00000172954
ok
ENSG00000131791
ok
ENSG00000111647
ok
ENSG00000196155
ok
ENSG00000198756
ok
ENSG00000182827
ok
ENSG00000158793
ok
ENSG00000185155
ok
ENSG00000130561
ok
ENSG00000144355
ok
ENSG00000168676
ok
ENSG00000127325
ok
ENSG00000023228
ok
ENSG00000144369
ok
ENSG00000179583
ok
ENSG00000138448
ok
ENSG00000173156
ok
ENSG00000034971
ok
ENSG00000130294
ok
ENSG00000109089
ok
ENSG00000127720
ok
ENSG00000087884
ok
ENSG00000189007
ok
ENSG00000166343
ok
ENSG00000077044
ok
ENSG00000003436
ok
ENSG00000138356
ok
ENSG00000129467
ok
ENSG00000064989
ok
ENSG00000143799
ok
ENSG00000116406
ok
ENSG00000143258
ok
ENSG00000163297
ok
ENSG00000160781
ok
ENSG00000179104
ok
ENSG00000197959
ok
ENSG00000072133
ok
ENSG00000072041
ok
ENSG00000151148
ok
ENSG00000185591
ok
ENSG00000103023
ok
ENSG00000179520
ok
ENSG00000165259
ok
ENSG00000152256
ok
ENSG00000180901
ok
ENSG00000082153
ok
ENSG00000168758
ok
ENSG00000091409
ok
ENSG00000012504
ok
ENSG00000166348
ok
ENSG00000072182
ok
ENSG00000179603
ok
ENSG00000144591
ok
ENSG00000158859
ok
ENSG00000121486
ok
ENSG00000133636
ok
ENSG00000152784
ok
ENSG00000204186
ok
ENSG00000182050
ok
ENSG00000170190
ok
ENSG00000116668
ok
ENSG00000172482
ok
ENSG00000094975
ok
ENSG00000168243
ok
ENSG00000114948
ok
ENSG00000168542
ok
ENSG00000186487
ok
ENSG00000139625
ok
ENSG00000066923
ok
ENSG00000139428
ok
ENSG00000151572
ok
ENSG00000174059
ok
ENSG00000076356
ok
ENSG00000117560
ok
ENSG00000117586
ok
ENSG00000256870
ok
ENSG00000166268
ok
ENSG00000162804
ok
ENSG00000198707
ok
ENSG00000120800
ok
ENSG00000136731
ok
ENSG00000130779
ok
ENSG00000177103
ok
ENSG00000118246
ok
ENSG00000122085
ok
ENSG00000172137
ok
ENSG00000168754
ok
ENSG00000116962
ok
ENSG00000091428
ok
ENSG00000077585
ok
ENSG00000008118
ok
ENSG00000123989
ok
ENSG00000013441
ok
ENSG00000158882
ok
ENSG00000142675
ok
ENSG00000143257
ok
ENSG00000196878
ok
ENSG00000115687
ok
ENSG00000033030
ok
ENSG00000124429
ok
ENSG00000076321
ok
ENSG00000125458
ok
ENSG00000117594
ok
ENSG00000116690
ok
ENSG00000173020
ok
ENSG00000124006
ok
ENSG00000091436
ok
ENSG00000129116
ok
ENSG00000123999
ok
ENSG00000152601
ok
ENSG00000117593
ok
ENSG00000132677
ok
ENSG00000009790
ok
ENSG00000204262
ok
ENSG00000116977
ok
ENSG00000144589
ok
ENSG00000010626
ok
ENSG00000115368
ok
ENSG00000185052
ok
ENSG00000117595
ok
ENSG00000117597
ok
ENSG00000111674
ok
ENSG00000139324
ok
ENSG00000184445
ok
ENSG00000174938
ok
ENSG00000127329
ok
ENSG00000119285
ok
ENSG00000143469
ok
ENSG00000115942
ok
ENSG00000157181
ok
ENSG00000151893
ok
ENSG00000082497
ok
ENSG00000077522
ok
ENSG00000139318
ok
ENSG00000054392
ok
ENSG00000107581
ok
ENSG00000073756
ok
ENSG00000116604
ok
ENSG00000114923
ok
ENSG00000169174
ok
ENSG00000101210
ok
ENSG00000116984
ok
ENSG00000174939
ok
ENSG00000139436
ok
ENSG00000183856
ok
ENSG00000174943
ok
ENSG00000130783
ok
ENSG00000187862
ok
ENSG00000243667
ok
ENSG00000162402
ok
ENSG00000143473
ok
ENSG00000196091
ok
ENSG00000163328
ok
ENSG00000116711
ok
ENSG00000178385
ok
ENSG00000104951
ok
ENSG00000119865
ok
ENSG00000163254
ok
ENSG00000116106
ok
ENSG00000188674
ok
ENSG00000039650
ok
ENSG00000070961
ok
ENSMMUG00000014407
ok
ENSTSYG00000029346
ok
ENSOGAG00000011100
ok
ENSSBOG00000029973
ok
ENSPTRG00000022048
ok
ENSNLEG00000001330
ok
ENSMICG00000015284
ok
ENSPPYG00000020493
ok
ENSPPAG00000037154
ok
ENSCJAG00000018916
ok
ENSGGOG00000010342
ok
ENSPCOG00000016418
ok
ENSMFAG00000031612
ok
ENSRROG00000032173
ok
ENSMLEG00000033555
ok
ENSPSMG00000025342
ok
ENSTGEG00000001542
ok
ENSCCAG00000020403
ok
ENSCANG00000041182
ok
ENSRBIG00000035051
ok
ENSCSAG00000010777
ok
ENSPANG00000012904
ok
ENSANAG00000030919
ok
ENSCATG00000033861
ok
ENSMNEG00000039288
ok
ENSPTEG00000008810
ok
ENSMMUG00000016892
ok
ENSTSYG00000026312
ok
ENSOGAG00000029850
ok
ENSSBOG00000035113
ok
ENSPTRG00000005180
ok
ENSNLEG00000003127
ok
ENSMICG00000012102
ok
ENSPPYG00000004734
ok
ENSPPAG00000038814
ok
ENSCJAG00000014586
ok
ENSGGOG00000006729
ok
ENSPCOG00000025387
ok
ENSMFAG00000045363
ok
ENSRROG00000044769
ok
ENSMLEG00000040177
ok
ENSPSMG00000001199
ok
ENSTGEG00000020927
ok
ENSCCAG00000020176
ok
ENSCANG00000040510
ok
ENSRBIG00000041811
ok
ENSCSAG00000004407
ok
ENSPANG00000008712
ok
ENSANAG00000019904
ok
ENSCATG00000045322
ok
ENSMNEG00000039357
ok
ENSPTEG00000024336
ok
ENSMMUG00000013437
ok
ENSTSYG00000011985
ok
ENSOGAG00000002585
ok
ENSSBOG00000023929
ok
ENSPTRG00000002459
ok
ENSNLEG00000015999
ok
ENSMICG00000034366
ok
ENSPPYG00000002230
ok
ENSPPAG00000028418
ok
ENSCJAG00000043002
ok
ENSGGOG00000014991
ok
ENSPCOG00000021062
ok
ENSMFAG00000002860
ok
ENSRROG00000036944
ok
ENSMLEG00000025367
ok
ENSPSMG00000000322
ok
ENSTGEG00000011639
ok
ENSCCAG00000028508
ok
ENSCANG00000011326
ok
ENSRBIG00000044093
ok
ENSCSAG00000010743
ok
ENSPANG00000022668
ok
ENSANAG00000032137
ok
ENSCATG00000018800
ok
ENSMNEG00000032715
ok
ENSPTEG00000019649
ok
ENSMMUG00000013881
ok
ENSTSYG00000035768
ok
ENSOGAG00000015885
ok
ENSSBOG00000025266
ok
ENSPTRG00000044172
ok
ENSNLEG00000016558
ok
ENSMICG00000003404
ok
ENSPPYG00000019388
ok
ENSPPAG00000041184
ok
ENSCJAG00000011431
ok
ENSGGOG00000014387
ok
ENSPCOG00000024984
ok
ENSMFAG00000031335
ok
ENSRROG00000045154
ok
ENSMLEG00000041496
ok
ENSPSMG00000008693
ok
ENSTGEG00000003082
ok
ENSCCAG00000035835
ok
ENSCANG00000028723
ok
ENSRBIG00000028305
ok
ENSCSAG00000007110
ok
ENSPANG00000024699
ok
ENSANAG00000023375
ok
ENSCATG00000041310
ok
ENSMNEG00000018382
ok
ENSPTEG00000006202
ok
ENSMMUG00000004762
ok
ENSTSYG00000028104
ok
ENSOGAG00000015076
ok
ENSSBOG00000024363
ok
ENSPTRG00000000401
ok
ENSNLEG00000009495
ok
ENSMICG00000015711
ok
ENSPPYG00000001668
ok
ENSPPAG00000030849
ok
ENSCJAG00000009088
ok
ENSGGOG00000012009
ok
ENSPCOG00000019286
ok
ENSMFAG00000040733
ok
ENSRROG00000039571
ok
ENSMLEG00000028076
ok
ENSPSMG00000010594
ok
ENSTGEG00000008151
ok
ENSCCAG00000026157
ok
ENSCANG00000032510
ok
ENSRBIG00000040615
ok
ENSCSAG00000000989
ok
ENSPANG00000008666
ok
ENSANAG00000025177
ok
ENSCATG00000044454
ok
ENSMNEG00000041566
ok
ENSPTEG00000011841
ok
ENSMMUG00000000006
ok
ENSTSYG00000033936
ok
ENSOGAG00000002782
ok
ENSSBOG00000032794
ok
ENSPTRG00000048188
ok
ENSNLEG00000033432
ok
ENSMICG00000012532
ok
ENSPPYG00000012071
ok
ENSPPAG00000033567
ok
ENSCJAG00000007758
ok
ENSGGOG00000017067
ok
ENSPCOG00000019560
ok
ENSMFAG00000040926
ok
ENSRROG00000039929
ok
ENSMLEG00000041334
ok
ENSPSMG00000021875
ok
ENSTGEG00000009792
ok
ENSCCAG00000029139
ok
ENSCANG00000039119
ok
ENSRBIG00000036661
ok
ENSCSAG00000017358
ok
ENSPANG00000023239
ok
ENSANAG00000023753
ok
ENSCATG00000038490
ok
ENSMNEG00000043432
ok
ENSPTEG00000001537
ok
ENSMMUG00000015852
ok
ENSTSYG00000002656
ok
ENSOGAG00000008495
ok
ENSSBOG00000023812
ok
ENSPTRG00000013333
ok
ENSNLEG00000015521
ok
ENSMICG00000027578
ok
ENSPPYG00000010778
ok
ENSPPAG00000030602
ok
ENSCJAG00000046278
ok
ENSGGOG00000000617
ok
ENSPCOG00000003880
ok
ENSMFAG00000001861
ok
ENSRROG00000034113
ok
ENSMLEG00000030663
ok
ENSPSMG00000010370
ok
ENSTGEG00000020420
ok
ENSCCAG00000028638
ok
ENSCANG00000010764
ok
ENSRBIG00000040849
ok
ENSCSAG00000010985
ok
ENSPANG00000021776
ok
ENSANAG00000029055
ok
ENSCATG00000034882
ok
ENSMNEG00000029710
ok
ENSPTEG00000029454
ok
ENSMMUG00000008579
ok
ENSTSYG00000025861
ok
ENSOGAG00000012891
ok
ENSSBOG00000030384
ok
ENSPTRG00000016051
ok
ENSNLEG00000033951
ok
ENSMICG00000012931
ok
ENSPPYG00000014782
ok
ENSPPAG00000042595
ok
ENSCJAG00000018601
ok
ENSGGOG00000014656
ok
ENSPCOG00000022124
ok
ENSMFAG00000003049
ok
ENSRROG00000044136
ok
ENSMLEG00000039534
ok
ENSPSMG00000021445
ok
ENSTGEG00000023881
ok
ENSCCAG00000016912
ok
ENSCANG00000038030
ok
ENSRBIG00000037191
ok
ENSCSAG00000004948
ok
ENSPANG00000000847
ok
ENSANAG00000006089
ok
ENSCATG00000034641
ok
ENSMNEG00000031415
ok
ENSPTEG00000029846
ok
ENSMMUG00000016873
ok
ENSTSYG00000002191
ok
ENSOGAG00000030299
ok
ENSSBOG00000021737
ok
ENSPTRG00000013037
ok
ENSNLEG00000014253
ok
ENSMICG00000012136
ok
ENSPPYG00000013278
ok
ENSPPAG00000031343
ok
ENSCJAG00000013711
ok
ENSGGOG00000005626
ok
ENSPCOG00000015421
ok
ENSMFAG00000034405
ok
ENSRROG00000028511
ok
ENSMLEG00000039300
ok
ENSPSMG00000025939
ok
ENSTGEG00000019398
ok
ENSCCAG00000029634
ok
ENSCANG00000036206
ok
ENSRBIG00000043419
ok
ENSCSAG00000006548
ok
ENSPANG00000015931
ok
ENSANAG00000034088
ok
ENSCATG00000033582
ok
ENSMNEG00000043075
ok
ENSPTEG00000033551
ok
ENSMMUG00000007829
ok
ENSTSYG00000006555
ok
ENSOGAG00000009731
ok
ENSSBOG00000026226
ok
ENSPTRG00000000154
ok
ENSNLEG00000009669
ok
ENSMICG00000003383
ok
ENSPPYG00000001879
ok
ENSPPAG00000036215
ok
ENSCJAG00000013347
ok
ENSGGOG00000012934
ok
ENSPCOG00000022407
ok
ENSMFAG00000001048
ok
ENSRROG00000031407
ok
ENSMLEG00000028866
ok
ENSPSMG00000014533
ok
ENSTGEG00000020716
ok
ENSCCAG00000005206
ok
ENSCANG00000009426
ok
ENSRBIG00000028788
ok
ENSCSAG00000000801
ok
ENSPANG00000000674
ok
ENSANAG00000021449
ok
ENSCATG00000031197
ok
ENSMNEG00000033126
ok
ENSPTEG00000032286
ok
ENSMMUG00000030744
ok
ENSTSYG00000007952
ok
ENSOGAG00000004116
ok
ENSSBOG00000024862
ok
ENSPTRG00000012234
ok
ENSNLEG00000007764
ok
ENSMICG00000001964
ok
ENSPPYG00000012072
ok
ENSPPAG00000036311
ok
ENSCJAG00000007759
ok
ENSGGOG00000017068
ok
ENSPCOG00000014320
ok
ENSMFAG00000041379
ok
ENSRROG00000029852
ok
ENSMLEG00000044210
ok
ENSPSMG00000021893
ok
ENSTGEG00000009742
ok
ENSCCAG00000030973
ok
ENSCANG00000031234
ok
ENSRBIG00000039453
ok
ENSCSAG00000017355
ok
ENSPANG00000012565
ok
ENSANAG00000025214
ok
ENSCATG00000035535
ok
ENSMNEG00000006786
ok
ENSPTEG00000001606
ok
ENSMMUG00000005306
ok
ENSTSYG00000029832
ok
ENSOGAG00000009216
ok
ENSSBOG00000005125
ok
ENSPTRG00000002071
ok
ENSNLEG00000014315
ok
ENSMICG00000029090
ok
ENSPPYG00000000138
ok
ENSPPAG00000018913
ok
ENSCJAG00000016757
ok
ENSGGOG00000016890
ok
ENSPCOG00000016532
ok
ENSMFAG00000042805
ok
ENSRROG00000036560
ok
ENSMLEG00000035665
ok
ENSPSMG00000013308
ok
ENSTGEG00000000551
ok
ENSCCAG00000036943
ok
ENSCANG00000031612
ok
ENSRBIG00000027735
ok
ENSCSAG00000016542
ok
ENSPANG00000004478
ok
ENSANAG00000034240
ok
ENSCATG00000037992
ok
ENSMNEG00000029145
ok
ENSPTEG00000024965
ok
ENSMMUG00000012895
ok
ENSTSYG00000002648
ok
ENSOGAG00000015203
ok
ENSSBOG00000034483
ok
ENSPTRG00000009777
ok
ENSNLEG00000010327
ok
ENSMICG00000004071
ok
ENSPPYG00000008755
ok
ENSPPAG00000039994
ok
ENSCJAG00000018243
ok
ENSGGOG00000013977
ok
ENSPCOG00000027617
ok
ENSMFAG00000040932
ok
ENSRROG00000035558
ok
ENSMLEG00000043085
ok
ENSPSMG00000012854
ok
ENSTGEG00000011215
ok
ENSCCAG00000025166
ok
ENSCANG00000040538
ok
ENSRBIG00000042531
ok
ENSCSAG00000002197
ok
ENSPANG00000019032
ok
ENSANAG00000024949
ok
ENSCATG00000026320
ok
ENSMNEG00000044253
ok
ENSPTEG00000030645
ok
ENSMMUG00000005530
ok
ENSTSYG00000012843
ok
ENSOGAG00000009943
ok
ENSSBOG00000033271
ok
ENSPTRG00000024064
ok
ENSNLEG00000004995
ok
ENSMICG00000015517
ok
ENSPPYG00000004794
ok
ENSPPAG00000029261
ok
ENSCJAG00000019262
ok
ENSGGOG00000024224
ok
ENSPCOG00000025512
ok
ENSMFAG00000003495
ok
ENSRROG00000029917
ok
ENSMLEG00000029930
ok
ENSPSMG00000016943
ok
ENSTGEG00000026132
ok
ENSCCAG00000023917
ok
ENSCANG00000028594
ok
ENSRBIG00000027508
ok
ENSCSAG00000003971
ok
ENSPANG00000009048
ok
ENSANAG00000025826
ok
ENSCATG00000033541
ok
ENSMNEG00000030551
ok
ENSPTEG00000034353
ok
ENSMMUG00000005307
ok
ENSTSYG00000008473
ok
ENSOGAG00000009217
ok
ENSSBOG00000030344
ok
ENSPTRG00000002076
ok
ENSNLEG00000014332
ok
ENSMICG00000013315
ok
ENSPPYG00000000137
ok
ENSPPAG00000018691
ok
ENSCJAG00000016765
ok
ENSGGOG00000016899
ok
ENSPCOG00000026287
ok
ENSMFAG00000001716
ok
ENSRROG00000035878
ok
ENSMLEG00000036683
ok
ENSPSMG00000013322
ok
ENSTGEG00000000528
ok
ENSCCAG00000025121
ok
ENSCANG00000033979
ok
ENSRBIG00000017974
ok
ENSCSAG00000016546
ok
ENSPANG00000014849
ok
ENSANAG00000028749
ok
ENSCATG00000004723
ok
ENSMNEG00000033783
ok
ENSPTEG00000024932
ok
ENSMMUG00000007828
ok
ENSTSYG00000032408
ok
ENSOGAG00000009728
ok
ENSSBOG00000030921
ok
ENSPTRG00000000153
ok
ENSNLEG00000026640
ok
ENSMICG00000003379
ok
ENSPPYG00000001880
ok
ENSPPAG00000038114
ok
ENSCJAG00000013334
ok
ENSGGOG00000012925
ok
ENSPCOG00000016874
ok
ENSMFAG00000043284
ok
ENSRROG00000045245
ok
ENSMLEG00000028312
ok
ENSPSMG00000005165
ok
ENSTGEG00000020534
ok
ENSCCAG00000028756
ok
ENSCANG00000028766
ok
ENSRBIG00000023636
ok
ENSCSAG00000000800
ok
ENSPANG00000002434
ok
ENSANAG00000035602
ok
ENSCATG00000027362
ok
ENSMNEG00000042441
ok
ENSPTEG00000032389
ok
ENSMMUG00000000511
ok
ENSTSYG00000037371
ok
ENSOGAG00000005982
ok
ENSSBOG00000026536
ok
ENSPTRG00000003188
ok
ENSNLEG00000031888
ok
ENSMICG00000003357
ok
ENSPPYG00000002940
ok
ENSPPAG00000032383
ok
ENSCJAG00000011585
ok
ENSGGOG00000013232
ok
ENSPCOG00000023381
ok
ENSMFAG00000000778
ok
ENSRROG00000041623
ok
ENSMLEG00000029795
ok
ENSPSMG00000025479
ok
ENSTGEG00000027312
ok
ENSCCAG00000032224
ok
ENSCANG00000023607
ok
ENSRBIG00000033195
ok
ENSCSAG00000009547
ok
ENSPANG00000015564
ok
ENSANAG00000027534
ok
ENSCATG00000035979
ok
ENSMNEG00000034229
ok
ENSPTEG00000006047
ok
ENSMMUG00000020343
ok
ENSTSYG00000010303
ok
ENSOGAG00000016724
ok
ENSSBOG00000026217
ok
ENSPTRG00000005640
ok
ENSNLEG00000008386
ok
ENSMICG00000004465
ok
ENSPPYG00000005129
ok
ENSPPAG00000036706
ok
ENSCJAG00000003613
ok
ENSGGOG00000014877
ok
ENSPCOG00000023786
ok
ENSMFAG00000037352
ok
ENSRROG00000032001
ok
ENSMLEG00000035728
ok
ENSPSMG00000004129
ok
ENSTGEG00000028202
ok
ENSCCAG00000037255
ok
ENSCANG00000036501
ok
ENSRBIG00000036330
ok
ENSCSAG00000001884
ok
ENSPANG00000019737
ok
ENSANAG00000001518
ok
ENSCATG00000031094
ok
ENSMNEG00000041002
ok
ENSPTEG00000039684
ok
ENSMMUG00000023242
ok
ENSTSYG00000009170
ok
ENSOGAG00000000984
ok
ENSSBOG00000000856
ok
ENSPTRG00000015866
ok
ENSNLEG00000035157
ok
ENSMICG00000042056
ok
ENSPPYG00000014602
ok
ENSPPAG00000032192
ok
ENSCJAG00000000112
ok
ENSGGOG00000013003
ok
ENSPCOG00000015894
ok
ENSMFAG00000043258
ok
ENSRROG00000036911
ok
ENSMLEG00000043233
ok
ENSPSMG00000017548
ok
ENSTGEG00000025951
ok
ENSCCAG00000025079
ok
ENSCANG00000028589
ok
ENSRBIG00000028884
ok
ENSCSAG00000016276
ok
ENSPANG00000019220
ok
ENSANAG00000028842
ok
ENSCATG00000040757
ok
ENSMNEG00000038217
ok
ENSPTEG00000038369
ok
ENSMMUG00000002924
ok
ENSTSYG00000034382
ok
ENSOGAG00000002345
ok
ENSSBOG00000021186
ok
ENSPTRG00000045909
ok
ENSNLEG00000027920
ok
ENSMICG00000036063
ok
ENSPPYG00000000130
ok
ENSPPAG00000034335
ok
ENSCJAG00000046177
ok
ENSGGOG00000007918
ok
ENSPCOG00000023566
ok
ENSMFAG00000044318
ok
ENSRROG00000045420
ok
ENSMLEG00000032978
ok
ENSPSMG00000003314
ok
ENSTGEG00000010025
ok
ENSCCAG00000011687
ok
ENSCANG00000038514
ok
ENSRBIG00000028509
ok
ENSCSAG00000010641
ok
ENSPANG00000002244
ok
ENSANAG00000023279
ok
ENSCATG00000040681
ok
ENSMNEG00000042624
ok
ENSPTEG00000033325
ok
ENSMMUG00000017720
ok
ENSTSYG00000001430
ok
ENSOGAG00000008356
ok
ENSSBOG00000027352
ok
ENSPTRG00000002083
ok
ENSNLEG00000014339
ok
ENSMICG00000013144
ok
ENSPPYG00000000128
ok
ENSPPAG00000036595
ok
ENSCJAG00000011215
ok
ENSGGOG00000015714
ok
ENSPCOG00000027532
ok
ENSMFAG00000038659
ok
ENSRROG00000033329
ok
ENSMLEG00000011269
ok
ENSPSMG00000010205
ok
ENSTGEG00000010115
ok
ENSCCAG00000024652
ok
ENSCANG00000029098
ok
ENSRBIG00000043096
ok
ENSCSAG00000010634
ok
ENSPANG00000021583
ok
ENSANAG00000032124
ok
ENSCATG00000037018
ok
ENSMNEG00000039001
ok
ENSPTEG00000033364
ok
ENSMMUG00000001088
ok
ENSTSYG00000013898
ok
ENSOGAG00000016650
ok
ENSSBOG00000022861
ok
ENSPTRG00000021738
ok
ENSNLEG00000010004
ok
ENSMICG00000000824
ok
ENSPPYG00000020187
ok
ENSPPAG00000013963
ok
ENSCJAG00000005108
ok
ENSGGOG00000044059
ok
ENSPCOG00000010244
ok
ENSMFAG00000033896
ok
ENSRROG00000028686
ok
ENSMLEG00000032417
ok
ENSPSMG00000001876
ok
ENSTGEG00000022671
ok
ENSCCAG00000018554
ok
ENSCANG00000025840
ok
ENSRBIG00000039543
ok
ENSCSAG00000014414
ok
ENSPANG00000013638
ok
ENSANAG00000036323
ok
ENSCATG00000018108
ok
ENSMNEG00000031256
ok
ENSPTEG00000004383
ok
ENSMMUG00000020021
ok
ENSTSYG00000013584
ok
ENSOGAG00000010434
ok
ENSSBOG00000036240
ok
ENSPTRG00000033764
ok
ENSNLEG00000016021
ok
ENSMICG00000017559
ok
ENSPPYG00000000446
ok
ENSPPAG00000042678
ok
ENSCJAG00000004356
ok
ENSGGOG00000000732
ok
ENSPCOG00000015644
ok
ENSMFAG00000032791
ok
ENSRROG00000041114
ok
ENSMLEG00000037024
ok
ENSPSMG00000003786
ok
ENSTGEG00000026783
ok
ENSCCAG00000026992
ok
ENSCANG00000007258
ok
ENSRBIG00000031066
ok
ENSCSAG00000012445
ok
ENSPANG00000004517
ok
ENSANAG00000038302
ok
ENSCATG00000045307
ok
ENSMNEG00000036076
ok
ENSPTEG00000005110
ok
ENSMMUG00000014764
ok
ENSTSYG00000012905
ok
ENSOGAG00000008623
ok
ENSSBOG00000026253
ok
ENSPTRG00000018494
ok
ENSNLEG00000012748
ok
ENSMICG00000032077
ok
ENSPPYG00000016918
ok
ENSPPAG00000004961
ok
ENSCJAG00000005488
ok
ENSGGOG00000007331
ok
ENSPCOG00000011518
ok
ENSMFAG00000002297
ok
ENSRROG00000027532
ok
ENSMLEG00000018449
ok
ENSPSMG00000024695
ok
ENSTGEG00000001946
ok
ENSCCAG00000023365
ok
ENSCANG00000033516
ok
ENSRBIG00000040551
ok
ENSCSAG00000015445
ok
ENSPANG00000007144
ok
ENSANAG00000014957
ok
ENSCATG00000029269
ok
ENSMNEG00000029371
ok
ENSPTEG00000038398
ok
ENSMMUG00000020410
ok
ENSTSYG00000007825
ok
ENSOGAG00000010979
ok
ENSSBOG00000019735
ok
ENSPTRG00000018781
ok
ENSNLEG00000011473
ok
ENSMICG00000009200
ok
ENSPPYG00000017158
ok
ENSPPAG00000034661
ok
ENSCJAG00000012355
ok
ENSGGOG00000041961
ok
ENSPCOG00000019988
ok
ENSMFAG00000002107
ok
ENSRROG00000029447
ok
ENSMLEG00000028291
ok
ENSPSMG00000018587
ok
ENSTGEG00000028954
ok
ENSCCAG00000024514
ok
ENSCANG00000016116
ok
ENSRBIG00000027594
ok
ENSCSAG00000012267
ok
ENSPANG00000022007
ok
ENSANAG00000032287
ok
ENSCATG00000033190
ok
ENSMNEG00000027725
ok
ENSPTEG00000026300
ok
ENSMMUG00000003669
ok
ENSTSYG00000011896
ok
ENSOGAG00000029119
ok
ENSSBOG00000026989
ok
ENSPTRG00000005181
ok
ENSNLEG00000003158
ok
ENSMICG00000043324
ok
ENSPPYG00000004735
ok
ENSPPAG00000033981
ok
ENSCJAG00000014581
ok
ENSGGOG00000010153
ok
ENSPCOG00000016725
ok
ENSMFAG00000031622
ok
ENSRROG00000032500
ok
ENSMLEG00000042778
ok
ENSPSMG00000001376
ok
ENSTGEG00000021076
ok
ENSCCAG00000023672
ok
ENSCANG00000029535
ok
ENSRBIG00000040147
ok
ENSCSAG00000004400
ok
ENSPANG00000005564
ok
ENSANAG00000032708
ok
ENSCATG00000033718
ok
ENSMNEG00000032679
ok
ENSPTEG00000024311
ok
ENSMMUG00000011568
ok
ENSTSYG00000002032
ok
ENSOGAG00000001132
ok
ENSSBOG00000024672
ok
ENSPTRG00000000689
ok
ENSNLEG00000016548
ok
ENSMICG00000003266
ok
ENSPPYG00000001398
ok
ENSPPAG00000031222
ok
ENSCJAG00000021080
ok
ENSGGOG00000010602
ok
ENSPCOG00000015423
ok
ENSMFAG00000031241
ok
ENSRROG00000020844
ok
ENSMLEG00000038145
ok
ENSPSMG00000013757
ok
ENSTGEG00000000858
ok
ENSCCAG00000025783
ok
ENSCANG00000034891
ok
ENSRBIG00000043495
ok
ENSCSAG00000001229
ok
ENSPANG00000016295
ok
ENSANAG00000035439
ok
ENSCATG00000030589
ok
ENSMNEG00000038562
ok
ENSPTEG00000037376
ok
ENSMMUG00000011146
ok
ENSTSYG00000011555
ok
ENSOGAG00000012552
ok
ENSSBOG00000023321
ok
ENSPTRG00000002017
ok
ENSNLEG00000013377
ok
ENSMICG00000016508
ok
ENSPPYG00000000186
ok
ENSPPAG00000042237
ok
ENSCJAG00000008144
ok
ENSGGOG00000003787
ok
ENSPCOG00000017767
ok
ENSMFAG00000003807
ok
ENSRROG00000031613
ok
ENSMLEG00000041969
ok
ENSPSMG00000000664
ok
ENSTGEG00000004918
ok
ENSCCAG00000029817
ok
ENSCANG00000028058
ok
ENSRBIG00000041319
ok
ENSCSAG00000016157
ok
ENSPANG00000016820
ok
ENSANAG00000020481
ok
ENSCATG00000045377
ok
ENSMNEG00000039539
ok
ENSPTEG00000005932
ok
ENSMMUG00000016732
ok
ENSTSYG00000014144
ok
ENSOGAG00000025100
ok
ENSSBOG00000030477
ok
ENSPTRG00000022831
ok
ENSNLEG00000005675
ok
ENSMICG00000028514
ok
ENSPPYG00000000933
ok
ENSPPAG00000041528
ok
ENSCJAG00000002247
ok
ENSGGOG00000015424
ok
ENSPCOG00000024317
ok
ENSMFAG00000036117
ok
ENSRROG00000032024
ok
ENSMLEG00000037307
ok
ENSPSMG00000013257
ok
ENSTGEG00000010282
ok
ENSCCAG00000020263
ok
ENSCANG00000034853
ok
ENSRBIG00000033813
ok
ENSCSAG00000001771
ok
ENSPANG00000009057
ok
ENSANAG00000025664
ok
ENSCATG00000033067
ok
ENSMNEG00000031803
ok
ENSPTEG00000010576
ok
ENSMMUG00000032149
ok
ENSTSYG00000027351
ok
ENSOGAG00000033806
ok
ENSSBOG00000026644
ok
ENSPTRG00000000690
ok
ENSNLEG00000016529
ok
ENSMICG00000003273
ok
ENSPPYG00000001397
ok
ENSPPAG00000030986
ok
ENSCJAG00000021111
ok
ENSGGOG00000010618
ok
ENSPCOG00000023433
ok
ENSMFAG00000039635
ok
ENSRROG00000040000
ok
ENSMLEG00000035892
ok
ENSPSMG00000013556
ok
ENSTGEG00000000900
ok
ENSCCAG00000031729
ok
ENSCANG00000034597
ok
ENSRBIG00000032151
ok
ENSCSAG00000001230
ok
ENSPANG00000004655
ok
ENSANAG00000029615
ok
ENSCATG00000039299
ok
ENSMNEG00000028167
ok
ENSPTEG00000037403
ok
ENSMMUG00000021451
ok
ENSTSYG00000010022
ok
ENSOGAG00000002963
ok
ENSSBOG00000029016
ok
ENSPTRG00000042520
ok
ENSNLEG00000003352
ok
ENSMICG00000049572
ok
ENSPPYG00000014208
ok
ENSPPAG00000042156
ok
ENSCJAG00000001146
ok
ENSGGOG00000000147
ok
ENSPCOG00000005621
ok
ENSMFAG00000045355
ok
ENSRROG00000036596
ok
ENSMLEG00000039993
ok
ENSPSMG00000004434
ok
ENSTGEG00000006166
ok
ENSCCAG00000020009
ok
ENSCANG00000032992
ok
ENSRBIG00000041768
ok
ENSCSAG00000011664
ok
ENSPANG00000010641
ok
ENSANAG00000036741
ok
ENSCATG00000030799
ok
ENSMNEG00000033326
ok
ENSPTEG00000028622
ok
ENSMMUG00000015540
ok
ENSTSYG00000014668
ok
ENSOGAG00000033069
ok
ENSSBOG00000032844
ok
ENSPTRG00000005398
ok
ENSNLEG00000032890
ok
ENSMICG00000007791
ok
ENSPPYG00000004912
ok
ENSPPAG00000040851
ok
ENSCJAG00000015118
ok
ENSGGOG00000006683
ok
ENSPCOG00000027917
ok
ENSMFAG00000030643
ok
ENSRROG00000039165
ok
ENSMLEG00000038248
ok
ENSPSMG00000010529
ok
ENSTGEG00000012032
ok
ENSCCAG00000020783
ok
ENSCANG00000043866
ok
ENSRBIG00000029498
ok
ENSCSAG00000002923
ok
ENSPANG00000005795
ok
ENSANAG00000029978
ok
ENSCATG00000039876
ok
ENSMNEG00000033166
ok
ENSPTEG00000018714
ok
ENSMMUG00000015203
ok
ENSTSYG00000014516
ok
ENSOGAG00000016621
ok
ENSSBOG00000029025
ok
ENSPTRG00000012628
ok
ENSNLEG00000036160
ok
ENSMICG00000015034
ok
ENSPPYG00000012925
ok
ENSPPAG00000032659
ok
ENSCJAG00000041588
ok
ENSGGOG00000012535
ok
ENSPCOG00000016452
ok
ENSMFAG00000045440
ok
ENSRROG00000034746
ok
ENSMLEG00000043059
ok
ENSPSMG00000023197
ok
ENSTGEG00000017451
ok
ENSCCAG00000017764
ok
ENSCANG00000029145
ok
ENSRBIG00000042130
ok
ENSCSAG00000014990
ok
ENSPANG00000007749
ok
ENSANAG00000029006
ok
ENSCATG00000041815
ok
ENSMNEG00000031335
ok
ENSPTEG00000037155
ok
ENSMMUG00000003174
ok
ENSTSYG00000012102
ok
ENSOGAG00000016043
ok
ENSSBOG00000022951
ok
ENSPTRG00000008303
ok
ENSNLEG00000016111
ok
ENSMICG00000001338
ok
ENSPPYG00000007541
ok
ENSPPAG00000028024
ok
ENSCJAG00000014678
ok
ENSGGOG00000005949
ok
ENSPCOG00000027743
ok
ENSMFAG00000036078
ok
ENSRROG00000005603
ok
ENSMLEG00000031685
ok
ENSPSMG00000007949
ok
ENSTGEG00000012472
ok
ENSCCAG00000037899
ok
ENSCANG00000031310
ok
ENSRBIG00000037250
ok
ENSCSAG00000004438
ok
ENSPANG00000009922
ok
ENSANAG00000025413
ok
ENSCATG00000037116
ok
ENSMNEG00000043191
ok
ENSPTEG00000003854
ok
ENSMMUG00000006215
ok
ENSTSYG00000000035
ok
ENSOGAG00000007887
ok
ENSSBOG00000024160
ok
ENSPTRG00000012602
ok
ENSNLEG00000003560
ok
ENSMICG00000012416
ok
ENSPPYG00000012903
ok
ENSPPAG00000031529
ok
ENSCJAG00000006518
ok
ENSGGOG00000004356
ok
ENSPCOG00000028579
ok
ENSMFAG00000031858
ok
ENSRROG00000028699
ok
ENSMLEG00000033606
ok
ENSPSMG00000022408
ok
ENSTGEG00000015337
ok
ENSCCAG00000036776
ok
ENSCANG00000036709
ok
ENSRBIG00000038593
ok
ENSCSAG00000015336
ok
ENSPANG00000001119
ok
ENSANAG00000031467
ok
ENSCATG00000045238
ok
ENSMNEG00000009661
ok
ENSPTEG00000035447
ok
ENSMMUG00000018483
ok
ENSTSYG00000002756
ok
ENSOGAG00000009623
ok
ENSSBOG00000033368
ok
ENSPTRG00000013082
ok
ENSNLEG00000011190
ok
ENSMICG00000012094
ok
ENSPPYG00000013316
ok
ENSPPAG00000035663
ok
ENSCJAG00000000471
ok
ENSGGOG00000000090
ok
ENSPCOG00000028757
ok
ENSMFAG00000040528
ok
ENSRROG00000041556
ok
ENSMLEG00000037681
ok
ENSPSMG00000004320
ok
ENSTGEG00000023648
ok
ENSCCAG00000024192
ok
ENSCANG00000036377
ok
ENSRBIG00000010668
ok
ENSCSAG00000006088
ok
ENSPANG00000000673
ok
ENSANAG00000034089
ok
ENSCATG00000030988
ok
ENSMNEG00000042602
ok
ENSPTEG00000036568
ok
ENSMMUG00000047356
ok
ENSTSYG00000001780
ok
ENSOGAG00000002214
ok
ENSSBOG00000022968
ok
ENSPTRG00000002732
ok
ENSNLEG00000031920
ok
ENSMICG00000034453
ok
ENSPPYG00000002462
ok
ENSPPAG00000037322
ok
ENSCJAG00000005689
ok
ENSGGOG00000003979
ok
ENSPCOG00000015519
ok
ENSMFAG00000035936
ok
ENSRROG00000042282
ok
ENSMLEG00000006699
ok
ENSPSMG00000002485
ok
ENSTGEG00000007337
ok
ENSCCAG00000024186
ok
ENSCANG00000029982
ok
ENSRBIG00000036369
ok
ENSCSAG00000006783
ok
ENSPANG00000021738
ok
ENSANAG00000038450
ok
ENSCATG00000028959
ok
ENSMNEG00000038016
ok
ENSPTEG00000037099
ok
ENSMMUG00000013419
ok
ENSTSYG00000013682
ok
ENSOGAG00000014539
ok
ENSSBOG00000020105
ok
ENSPTRG00000004238
ok
ENSNLEG00000007212
ok
ENSMICG00000004925
ok
ENSPPYG00000003832
ok
ENSPPAG00000043185
ok
ENSCJAG00000009948
ok
ENSGGOG00000009726
ok
ENSPCOG00000016375
ok
ENSMFAG00000034683
ok
ENSRROG00000000045
ok
ENSMLEG00000034319
ok
ENSPSMG00000011041
ok
ENSTGEG00000015718
ok
ENSCCAG00000031034
ok
ENSCANG00000029755
ok
ENSRBIG00000010846
ok
ENSCSAG00000003037
ok
ENSPANG00000006437
ok
ENSANAG00000023296
ok
ENSCATG00000037410
ok
ENSMNEG00000036279
ok
ENSPTEG00000030095
ok
ENSMMUG00000004143
ok
ENSTSYG00000004207
ok
ENSOGAG00000002916
ok
ENSSBOG00000018207
ok
ENSPTRG00000013287
ok
ENSNLEG00000009778
ok
ENSMICG00000044519
ok
ENSPPYG00000010737
ok
ENSPPAG00000036681
ok
ENSCJAG00000005159
ok
ENSGGOG00000011543
ok
ENSPCOG00000004543
ok
ENSMFAG00000002227
ok
ENSRROG00000039911
ok
ENSMLEG00000021905
ok
ENSPSMG00000011205
ok
ENSTGEG00000018553
ok
ENSCCAG00000021800
ok
ENSCANG00000037390
ok
ENSRBIG00000021268
ok
ENSCSAG00000011513
ok
ENSPANG00000025015
ok
ENSANAG00000026726
ok
ENSCATG00000019507
ok
ENSMNEG00000033404
ok
ENSPTEG00000036065
ok
ENSMMUG00000012726
ok
ENSTSYG00000027172
ok
ENSOGAG00000011550
ok
ENSSBOG00000033649
ok
ENSPTRG00000006245
ok
ENSNLEG00000003141
ok
ENSMICG00000034340
ok
ENSPPYG00000005727
ok
ENSPPAG00000034553
ok
ENSCJAG00000005582
ok
ENSGGOG00000009764
ok
ENSPCOG00000022890
ok
ENSMFAG00000038751
ok
ENSRROG00000045260
ok
ENSMLEG00000003291
ok
ENSPSMG00000005363
ok
ENSTGEG00000001407
ok
ENSCCAG00000027436
ok
ENSCANG00000039565
ok
ENSRBIG00000033232
ok
ENSCSAG00000015694
ok
ENSPANG00000021781
ok
ENSANAG00000036864
ok
ENSCATG00000033880
ok
ENSMNEG00000031679
ok
ENSPTEG00000024586
ok
ENSMMUG00000022147
ok
ENSTSYG00000026118
ok
ENSOGAG00000009151
ok
ENSSBOG00000025903
ok
ENSPTRG00000013040
ok
ENSNLEG00000014298
ok
ENSMICG00000012154
ok
ENSPPYG00000013279
ok
ENSPPAG00000039136
ok
ENSCJAG00000013756
ok
ENSGGOG00000002098
ok
ENSPCOG00000021358
ok
ENSMFAG00000032629
ok
ENSRROG00000041436
ok
ENSMLEG00000040723
ok
ENSPSMG00000025937
ok
ENSTGEG00000019528
ok
ENSCCAG00000031392
ok
ENSCANG00000027758
ok
ENSRBIG00000040799
ok
ENSCSAG00000006511
ok
ENSPANG00000006398
ok
ENSANAG00000021610
ok
ENSCATG00000004199
ok
ENSMNEG00000037306
ok
ENSPTEG00000033464
ok
ENSMMUG00000008351
ok
ENSTSYG00000003371
ok
ENSOGAG00000005496
ok
ENSSBOG00000022620
ok
ENSPTRG00000020202
ok
ENSNLEG00000012842
ok
ENSMICG00000006581
ok
ENSPPYG00000018550
ok
ENSPPAG00000034251
ok
ENSCJAG00000007805
ok
ENSGGOG00000006769
ok
ENSPCOG00000022515
ok
ENSMFAG00000039739
ok
ENSRROG00000036326
ok
ENSMLEG00000032900
ok
ENSPSMG00000016942
ok
ENSTGEG00000012377
ok
ENSCCAG00000022765
ok
ENSCANG00000028732
ok
ENSRBIG00000037778
ok
ENSCSAG00000015039
ok
ENSPANG00000013874
ok
ENSANAG00000030869
ok
ENSCATG00000033153
ok
ENSMNEG00000039964
ok
ENSPTEG00000037821
ok
ENSMMUG00000001777
ok
ENSTSYG00000034747
ok
ENSOGAG00000007743
ok
ENSSBOG00000033953
ok
ENSPTRG00000003986
ok
ENSNLEG00000006601
ok
ENSMICG00000001063
ok
ENSPPYG00000002968
ok
ENSPPAG00000042130
ok
ENSCJAG00000015860
ok
ENSGGOG00000001666
ok
ENSPCOG00000022912
ok
ENSMFAG00000032724
ok
ENSRROG00000043646
ok
ENSMLEG00000036701
ok
ENSPSMG00000000229
ok
ENSTGEG00000001718
ok
ENSCCAG00000028427
ok
ENSCANG00000033296
ok
ENSRBIG00000041391
ok
ENSCSAG00000009039
ok
ENSPANG00000013061
ok
ENSANAG00000011110
ok
ENSCATG00000042664
ok
ENSMNEG00000045298
ok
ENSPTEG00000023029
ok
ENSMMUG00000020266
ok
ENSTSYG00000014556
ok
ENSOGAG00000000008
ok
ENSSBOG00000022034
ok
ENSPTRG00000031185
ok
ENSNLEG00000004356
ok
ENSMICG00000035308
ok
ENSPPYG00000007443
ok
ENSPPAG00000003682
ok
ENSCJAG00000039578
ok
ENSGGOG00000023625
ok
ENSPCOG00000022553
ok
ENSMFAG00000038714
ok
ENSRROG00000012831
ok
ENSMLEG00000036488
ok
ENSPSMG00000009424
ok
ENSTGEG00000005106
ok
ENSCCAG00000028132
ok
ENSCANG00000036417
ok
ENSRBIG00000036651
ok
ENSCSAG00000003789
ok
ENSPANG00000034476
ok
ENSANAG00000028721
ok
ENSCATG00000037134
ok
ENSMNEG00000040545
ok
ENSPTEG00000018336
ok
ENSMMUG00000006026
ok
ENSTSYG00000003764
ok
ENSOGAG00000012447
ok
ENSSBOG00000029208
ok
ENSPTRG00000016509
ok
ENSNLEG00000005818
ok
ENSMICG00000004926
ok
ENSPPYG00000015118
ok
ENSPPAG00000044129
ok
ENSCJAG00000002215
ok
ENSGGOG00000010733
ok
ENSPCOG00000027680
ok
ENSMFAG00000032402
ok
ENSRROG00000031648
ok
ENSMLEG00000042981
ok
ENSPSMG00000021327
ok
ENSTGEG00000014675
ok
ENSCCAG00000021260
ok
ENSCANG00000022360
ok
ENSRBIG00000043149
ok
ENSCSAG00000003339
ok
ENSPANG00000013406
ok
ENSANAG00000025505
ok
ENSCATG00000040234
ok
ENSMNEG00000039541
ok
ENSPTEG00000003436
ok
ENSMMUG00000015179
ok
ENSTSYG00000003902
ok
ENSOGAG00000027944
ok
ENSSBOG00000025731
ok
ENSPTRG00000005250
ok
ENSNLEG00000005035
ok
ENSMICG00000031649
ok
ENSPPYG00000004795
ok
ENSPPAG00000043711
ok
ENSCJAG00000019265
ok
ENSGGOG00000010093
ok
ENSPCOG00000018957
ok
ENSMFAG00000001736
ok
ENSRROG00000045013
ok
ENSMLEG00000041230
ok
ENSPSMG00000016915
ok
ENSTGEG00000026172
ok
ENSCCAG00000026556
ok
ENSCANG00000004999
ok
ENSRBIG00000029572
ok
ENSCSAG00000003962
ok
ENSPANG00000009557
ok
ENSANAG00000022396
ok
ENSCATG00000034935
ok
ENSMNEG00000004020
ok
ENSPTEG00000034398
ok
ENSMMUG00000015696
ok
ENSTSYG00000011319
ok
ENSOGAG00000006292
ok
ENSSBOG00000024774
ok
ENSPTRG00000008167
ok
ENSNLEG00000003191
ok
ENSMICG00000006381
ok
ENSPPYG00000007398
ok
ENSPPAG00000013413
ok
ENSCJAG00000011810
ok
ENSGGOG00000007147
ok
ENSPCOG00000011397
ok
ENSMFAG00000000179
ok
ENSRROG00000030816
ok
ENSMLEG00000032899
ok
ENSPSMG00000017210
ok
ENSTGEG00000001058
ok
ENSCCAG00000026908
ok
ENSCANG00000039875
ok
ENSRBIG00000034640
ok
ENSCSAG00000004843
ok
ENSPANG00000023899
ok
ENSANAG00000024781
ok
ENSCATG00000041314
ok
ENSMNEG00000041153
ok
ENSPTEG00000025486
ok
ENSMMUG00000005001
ok
ENSTSYG00000013541
ok
ENSOGAG00000002215
ok
ENSSBOG00000029768
ok
ENSPTRG00000029834
ok
ENSNLEG00000019258
ok
ENSMICG00000014624
ok
ENSPPYG00000002464
ok
ENSPPAG00000031450
ok
ENSCJAG00000005741
ok
ENSGGOG00000012012
ok
ENSPCOG00000000039
ok
ENSMFAG00000045508
ok
ENSRROG00000032038
ok
ENSMLEG00000028099
ok
ENSPSMG00000002450
ok
ENSTGEG00000007396
ok
ENSCCAG00000031633
ok
ENSCANG00000033982
ok
ENSRBIG00000037162
ok
ENSCSAG00000006774
ok
ENSPANG00000021699
ok
ENSANAG00000034347
ok
ENSCATG00000022496
ok
ENSMNEG00000028978
ok
ENSPTEG00000037056
ok
ENSMMUG00000001535
ok
ENSTSYG00000004124
ok
ENSOGAG00000014342
ok
ENSSBOG00000011486
ok
ENSPTRG00000011643
ok
ENSNLEG00000013634
ok
ENSMICG00000012737
ok
ENSPPYG00000012661
ok
ENSPPAG00000030977
ok
ENSCJAG00000006431
ok
ENSGGOG00000002692
ok
ENSPCOG00000005258
ok
ENSMFAG00000032356
ok
ENSRROG00000028348
ok
ENSMLEG00000036453
ok
ENSPSMG00000019897
ok
ENSTGEG00000015051
ok
ENSCCAG00000022259
ok
ENSCANG00000011376
ok
ENSRBIG00000024539
ok
ENSCSAG00000007158
ok
ENSPANG00000020814
ok
ENSANAG00000025191
ok
ENSCATG00000027324
ok
ENSMNEG00000030598
ok
ENSPTEG00000024470
ok
ENSMMUG00000019214
ok
ENSTSYG00000005094
ok
ENSOGAG00000010740
ok
ENSSBOG00000033660
ok
ENSPTRG00000005252
ok
ENSNLEG00000005041
ok
ENSMICG00000032335
ok
ENSPPYG00000004796
ok
ENSPPAG00000030740
ok
ENSCJAG00000019271
ok
ENSGGOG00000014574
ok
ENSPCOG00000018987
ok
ENSMFAG00000034239
ok
ENSRROG00000028932
ok
ENSMLEG00000040285
ok
ENSPSMG00000016837
ok
ENSTGEG00000026366
ok
ENSCCAG00000027422
ok
ENSCANG00000038090
ok
ENSRBIG00000039895
ok
ENSCSAG00000003956
ok
ENSPANG00000026354
ok
ENSANAG00000034824
ok
ENSCATG00000038278
ok
ENSMNEG00000033679
ok
ENSPTEG00000034726
ok
ENSMMUG00000002155
ok
ENSTSYG00000010796
ok
ENSOGAG00000015145
ok
ENSSBOG00000033884
ok
ENSPTRG00000011923
ok
ENSNLEG00000009117
ok
ENSMICG00000041896
ok
ENSPPYG00000012409
ok
ENSPPAG00000022129
ok
ENSCJAG00000042124
ok
ENSGGOG00000016735
ok
ENSPCOG00000017352
ok
ENSMFAG00000002665
ok
ENSRROG00000035336
ok
ENSMLEG00000039818
ok
ENSPSMG00000018048
ok
ENSTGEG00000005064
ok
ENSCCAG00000033291
ok
ENSCANG00000028851
ok
ENSRBIG00000034006
ok
ENSCSAG00000013849
ok
ENSPANG00000001209
ok
ENSANAG00000033893
ok
ENSCATG00000040721
ok
ENSMNEG00000019290
ok
ENSPTEG00000030214
ok
ENSMMUG00000012432
ok
ENSTSYG00000005748
ok
ENSOGAG00000029243
ok
ENSSBOG00000032650
ok
ENSPTRG00000019545
ok
ENSNLEG00000009451
ok
ENSMICG00000011744
ok
ENSPPYG00000017877
ok
ENSPPAG00000029239
ok
ENSCJAG00000021225
ok
ENSGGOG00000001725
ok
ENSPCOG00000023978
ok
ENSMFAG00000006231
ok
ENSRROG00000023172
ok
ENSMLEG00000034949
ok
ENSPSMG00000017023
ok
ENSTGEG00000009469
ok
ENSCCAG00000038096
ok
ENSCANG00000023129
ok
ENSRBIG00000043013
ok
ENSCSAG00000011758
ok
ENSPANG00000005425
ok
ENSANAG00000035904
ok
ENSCATG00000035373
ok
ENSMNEG00000033049
ok
ENSPTEG00000005951
ok
ENSMMUG00000012427
ok
ENSTSYG00000005742
ok
ENSOGAG00000015993
ok
ENSSBOG00000020780
ok
ENSPTRG00000019544
ok
ENSNLEG00000009409
ok
ENSMICG00000011727
ok
ENSPPYG00000017876
ok
ENSPPAG00000035681
ok
ENSCJAG00000021213
ok
ENSGGOG00000034848
ok
ENSPCOG00000013424
ok
ENSMFAG00000000510
ok
ENSRROG00000045319
ok
ENSMLEG00000037550
ok
ENSPSMG00000017016
ok
ENSTGEG00000009416
ok
ENSCCAG00000036416
ok
ENSCANG00000034488
ok
ENSRBIG00000030768
ok
ENSCSAG00000011766
ok
ENSPANG00000018070
ok
ENSANAG00000015418
ok
ENSCATG00000027965
ok
ENSMNEG00000033248
ok
ENSPTEG00000005818
ok
ENSMMUG00000003619
ok
ENSTSYG00000008124
ok
ENSOGAG00000015353
ok
ENSSBOG00000005245
ok
ENSPTRG00000019002
ok
ENSNLEG00000014918
ok
ENSMICG00000030570
ok
ENSPPYG00000017715
ok
ENSPPAG00000037520
ok
ENSCJAG00000007908
ok
ENSGGOG00000017072
ok
ENSPCOG00000026324
ok
ENSMFAG00000002536
ok
ENSRROG00000020443
ok
ENSMLEG00000040848
ok
ENSPSMG00000014452
ok
ENSTGEG00000021396
ok
ENSCCAG00000029074
ok
ENSCANG00000028734
ok
ENSRBIG00000015923
ok
ENSCSAG00000014175
ok
ENSPANG00000021598
ok
ENSANAG00000033016
ok
ENSCATG00000033325
ok
ENSMNEG00000029148
ok
ENSPTEG00000030871
ok
ENSMMUG00000001334
ok
ENSTSYG00000028727
ok
ENSOGAG00000006668
ok
ENSSBOG00000023065
ok
ENSPTRG00000052771
ok
ENSNLEG00000008269
ok
ENSMICG00000015712
ok
ENSPPYG00000018296
ok
ENSPPAG00000039707
ok
ENSCJAG00000034617
ok
ENSGGOG00000011929
ok
ENSPCOG00000022089
ok
ENSMFAG00000038186
ok
ENSRROG00000033270
ok
ENSMLEG00000029586
ok
ENSPSMG00000021502
ok
ENSTGEG00000001849
ok
ENSCCAG00000029660
ok
ENSCANG00000041753
ok
ENSRBIG00000041994
ok
ENSCSAG00000017535
ok
ENSPANG00000022605
ok
ENSANAG00000033552
ok
ENSCATG00000045331
ok
ENSMNEG00000002638
ok
ENSPTEG00000039634
ok
ENSMMUG00000014498
ok
ENSTSYG00000011774
ok
ENSOGAG00000001113
ok
ENSSBOG00000026633
ok
ENSPTRG00000001749
ok
ENSNLEG00000018004
ok
ENSMICG00000008818
ok
ENSPPYG00000000442
ok
ENSPPAG00000027818
ok
ENSCJAG00000004426
ok
ENSGGOG00000011090
ok
ENSPCOG00000028715
ok
ENSMFAG00000039476
ok
ENSRROG00000030435
ok
ENSMLEG00000033118
ok
ENSPSMG00000003064
ok
ENSTGEG00000026670
ok
ENSCCAG00000028643
ok
ENSCANG00000036623
ok
ENSRBIG00000038874
ok
ENSCSAG00000012479
ok
ENSPANG00000008917
ok
ENSANAG00000030753
ok
ENSCATG00000035687
ok
ENSMNEG00000036541
ok
ENSPTEG00000004649
ok
ENSMMUG00000006705
ok
ENSTSYG00000007860
ok
ENSOGAG00000004514
ok
ENSSBOG00000028692
ok
ENSPTRG00000016045
ok
ENSNLEG00000017409
ok
ENSMICG00000026961
ok
ENSPPYG00000014720
ok
ENSPPAG00000035404
ok
ENSCJAG00000018669
ok
ENSGGOG00000007654
ok
ENSPCOG00000023750
ok
ENSMFAG00000034687
ok
ENSRROG00000031353
ok
ENSMLEG00000039953
ok
ENSPSMG00000021994
ok
ENSTGEG00000024192
ok
ENSCCAG00000034554
ok
ENSCANG00000029033
ok
ENSRBIG00000040346
ok
ENSCSAG00000017204
ok
ENSPANG00000018310
ok
ENSANAG00000030260
ok
ENSCATG00000035924
ok
ENSMNEG00000029581
ok
ENSPTEG00000028088
ok
ENSMMUG00000013806
ok
ENSTSYG00000001334
ok
ENSOGAG00000005577
ok
ENSSBOG00000027251
ok
ENSPTRG00000007893
ok
ENSNLEG00000011950
ok
ENSMICG00000007841
ok
ENSPPYG00000007196
ok
ENSPPAG00000037128
ok
ENSCJAG00000020632
ok
ENSGGOG00000012853
ok
ENSPCOG00000017614
ok
ENSMFAG00000038350
ok
ENSRROG00000008752
ok
ENSMLEG00000040622
ok
ENSPSMG00000019102
ok
ENSTGEG00000019343
ok
ENSCCAG00000035789
ok
ENSCANG00000015296
ok
ENSRBIG00000034872
ok
ENSCSAG00000006703
ok
ENSPANG00000023632
ok
ENSANAG00000016991
ok
ENSCATG00000040324
ok
ENSMNEG00000034382
ok
ENSPTEG00000017475
ok
ENSMMUG00000014187
ok
ENSTSYG00000037276
ok
ENSOGAG00000002668
ok
ENSSBOG00000032921
ok
ENSPTRG00000005201
ok
ENSNLEG00000003749
ok
ENSMICG00000029927
ok
ENSPPYG00000004753
ok
ENSPPAG00000039610
ok
ENSCJAG00000007448
ok
ENSGGOG00000012605
ok
ENSPCOG00000028864
ok
ENSMFAG00000004066
ok
ENSRROG00000043342
ok
ENSMLEG00000038881
ok
ENSPSMG00000003036
ok
ENSTGEG00000022345
ok
ENSCCAG00000031394
ok
ENSCANG00000032275
ok
ENSRBIG00000030051
ok
ENSCSAG00000004248
ok
ENSPANG00000009136
ok
ENSANAG00000033390
ok
ENSCATG00000041806
ok
ENSMNEG00000044092
ok
ENSPTEG00000031400
ok
ENSMMUG00000015814
ok
ENSTSYG00000014392
ok
ENSOGAG00000013061
ok
ENSSBOG00000026623
ok
ENSPTRG00000022349
ok
ENSNLEG00000013269
ok
ENSMICG00000000838
ok
ENSPPYG00000020797
ok
ENSPPAG00000041836
ok
ENSCJAG00000003925
ok
ENSGGOG00000010373
ok
ENSPCOG00000028651
ok
ENSMFAG00000000241
ok
ENSRROG00000044396
ok
ENSMLEG00000035664
ok
ENSPSMG00000000944
ok
ENSTGEG00000006374
ok
ENSCCAG00000021737
ok
ENSCANG00000033482
ok
ENSRBIG00000028998
ok
ENSCSAG00000007281
ok
ENSPANG00000018447
ok
ENSANAG00000026715
ok
ENSCATG00000038319
ok
ENSMNEG00000024342
ok
ENSPTEG00000017634
ok
ENSMMUG00000022149
ok
ENSTSYG00000029139
ok
ENSOGAG00000032889
ok
ENSSBOG00000031334
ok
ENSPTRG00000022726
ok
ENSNLEG00000014319
ok
ENSMICG00000012165
ok
ENSPPYG00000013280
ok
ENSPPAG00000043480
ok
ENSCJAG00000013767
ok
ENSGGOG00000002100
ok
ENSPCOG00000023325
ok
ENSMFAG00000039032
ok
ENSRROG00000034175
ok
ENSMLEG00000030051
ok
ENSPSMG00000025936
ok
ENSTGEG00000019606
ok
ENSCCAG00000000722
ok
ENSCANG00000028338
ok
ENSRBIG00000035390
ok
ENSCSAG00000006488
ok
ENSPANG00000019942
ok
ENSANAG00000025891
ok
ENSCATG00000040459
ok
ENSMNEG00000026483
ok
ENSPTEG00000033387
ok
ENSMMUG00000014430
ok
ENSTSYG00000036018
ok
ENSOGAG00000013790
ok
ENSSBOG00000001761
ok
ENSPTRG00000046160
ok
ENSNLEG00000002090
ok
ENSMICG00000001809
ok
ENSPPYG00000010121
ok
ENSPPAG00000035998
ok
ENSCJAG00000012636
ok
ENSGGOG00000010952
ok
ENSPCOG00000008886
ok
ENSMFAG00000038029
ok
ENSRROG00000014678
ok
ENSMLEG00000033569
ok
ENSPSMG00000024967
ok
ENSTGEG00000020835
ok
ENSCCAG00000025333
ok
ENSCANG00000041553
ok
ENSRBIG00000028796
ok
ENSCSAG00000003176
ok
ENSPANG00000002665
ok
ENSANAG00000035322
ok
ENSCATG00000042659
ok
ENSMNEG00000038931
ok
ENSPTEG00000037030
ok
ENSMMUG00000041959
ok
ENSTSYG00000037172
ok
ENSOGAG00000009834
ok
ENSSBOG00000019397
ok
ENSPTRG00000045721
ok
ENSNLEG00000014349
ok
ENSMICG00000037057
ok
ENSPPYG00000013283
ok
ENSPPAG00000031444
ok
ENSCJAG00000039267
ok
ENSGGOG00000001703
ok
ENSPCOG00000001355
ok
ENSMFAG00000002769
ok
ENSRROG00000045596
ok
ENSMLEG00000035452
ok
ENSPSMG00000025934
ok
ENSTGEG00000019844
ok
ENSCCAG00000025411
ok
ENSCANG00000042445
ok
ENSRBIG00000036857
ok
ENSCSAG00000006462
ok
ENSPANG00000008052
ok
ENSANAG00000022913
ok
ENSCATG00000036158
ok
ENSMNEG00000029930
ok
ENSPTEG00000033155
ok
ENSMMUG00000000718
ok
ENSTSYG00000026792
ok
ENSOGAG00000030471
ok
ENSSBOG00000035042
ok
ENSPTRG00000011152
ok
ENSNLEG00000002069
ok
ENSMICG00000001806
ok
ENSPPYG00000010120
ok
ENSPPAG00000043568
ok
ENSCJAG00000038856
ok
ENSGGOG00000014332
ok
ENSPCOG00000028786
ok
ENSMFAG00000001814
ok
ENSRROG00000043870
ok
ENSMLEG00000029656
ok
ENSPSMG00000024982
ok
ENSTGEG00000020713
ok
ENSCCAG00000019653
ok
ENSCANG00000037847
ok
ENSRBIG00000043956
ok
ENSCSAG00000003179
ok
ENSPANG00000014628
ok
ENSANAG00000029523
ok
ENSCATG00000015252
ok
ENSMNEG00000012554
ok
ENSPTEG00000036918
ok
ENSMMUG00000008432
ok
ENSTSYG00000005429
ok
ENSOGAG00000016813
ok
ENSSBOG00000025799
ok
ENSPTRG00000004887
ok
ENSNLEG00000017864
ok
ENSMICG00000017541
ok
ENSPPYG00000004468
ok
ENSPPAG00000037807
ok
ENSCJAG00000020775
ok
ENSGGOG00000015252
ok
ENSPCOG00000025915
ok
ENSMFAG00000038666
ok
ENSRROG00000028964
ok
ENSMLEG00000042846
ok
ENSPSMG00000005631
ok
ENSTGEG00000000678
ok
ENSCCAG00000029177
ok
ENSCANG00000040182
ok
ENSRBIG00000040362
ok
ENSCSAG00000006240
ok
ENSPANG00000019459
ok
ENSANAG00000018663
ok
ENSCATG00000039797
ok
ENSMNEG00000040016
ok
ENSPTEG00000010059
ok
ENSMMUG00000007090
ok
ENSTSYG00000006310
ok
ENSOGAG00000005109
ok
ENSSBOG00000034460
ok
ENSPTRG00000013642
ok
ENSNLEG00000007024
ok
ENSMICG00000004144
ok
ENSPPYG00000011144
ok
ENSPPAG00000041888
ok
ENSCJAG00000002600
ok
ENSGGOG00000002089
ok
ENSPCOG00000017168
ok
ENSMFAG00000032194
ok
ENSRROG00000037243
ok
ENSMLEG00000035038
ok
ENSPSMG00000023699
ok
ENSTGEG00000013927
ok
ENSCCAG00000030738
ok
ENSCANG00000018865
ok
ENSRBIG00000036325
ok
ENSCSAG00000015329
ok
ENSPANG00000021794
ok
ENSANAG00000016760
ok
ENSCATG00000029158
ok
ENSMNEG00000005921
ok
ENSPTEG00000010444
ok
ENSMMUG00000010331
ok
ENSTSYG00000036286
ok
ENSOGAG00000016731
ok
ENSSBOG00000025163
ok
ENSPTRG00000005641
ok
ENSNLEG00000008455
ok
ENSMICG00000029005
ok
ENSPPYG00000005130
ok
ENSPPAG00000029938
ok
ENSCJAG00000003654
ok
ENSGGOG00000007390
ok
ENSPCOG00000012948
ok
ENSMFAG00000031345
ok
ENSRROG00000031619
ok
ENSMLEG00000033894
ok
ENSPSMG00000004176
ok
ENSTGEG00000028233
ok
ENSCCAG00000022066
ok
ENSCANG00000043070
ok
ENSRBIG00000039792
ok
ENSCSAG00000001883
ok
ENSPANG00000003977
ok
ENSANAG00000031499
ok
ENSCATG00000021343
ok
ENSMNEG00000028625
ok
ENSPTEG00000032396
ok
ENSMMUG00000000375
ok
ENSTSYG00000029682
ok
ENSOGAG00000012066
ok
ENSSBOG00000029167
ok
ENSPTRG00000004569
ok
ENSNLEG00000003548
ok
ENSMICG00000009241
ok
ENSPPYG00000004182
ok
ENSPPAG00000030565
ok
ENSCJAG00000000666
ok
ENSGGOG00000011884
ok
ENSPCOG00000025731
ok
ENSMFAG00000032181
ok
ENSRROG00000041873
ok
ENSMLEG00000041883
ok
ENSPSMG00000017750
ok
ENSTGEG00000010857
ok
ENSCCAG00000024072
ok
ENSCANG00000023194
ok
ENSRBIG00000035904
ok
ENSCSAG00000010727
ok
ENSPANG00000010167
ok
ENSANAG00000025040
ok
ENSCATG00000036270
ok
ENSMNEG00000029942
ok
ENSPTEG00000038849
ok
ENSMMUG00000003000
ok
ENSTSYG00000035705
ok
ENSOGAG00000016405
ok
ENSSBOG00000033427
ok
ENSPTRG00000002891
ok
ENSNLEG00000027134
ok
ENSMICG00000043889
ok
ENSPPYG00000002602
ok
ENSPPAG00000013700
ok
ENSCJAG00000044660
ok
ENSGGOG00000006994
ok
ENSPCOG00000028615
ok
ENSMFAG00000035328
ok
ENSRROG00000044234
ok
ENSMLEG00000033705
ok
ENSPSMG00000011742
ok
ENSTGEG00000020646
ok
ENSCCAG00000031794
ok
ENSCANG00000029531
ok
ENSRBIG00000043930
ok
ENSCSAG00000005434
ok
ENSPANG00000020984
ok
ENSANAG00000038457
ok
ENSCATG00000043008
ok
ENSMNEG00000041547
ok
ENSPTEG00000002950
ok
ENSMMUG00000023719
ok
ENSTSYG00000034654
ok
ENSOGAG00000012220
ok
ENSSBOG00000022813
ok
ENSPTRG00000005331
ok
ENSNLEG00000027479
ok
ENSMICG00000031893
ok
ENSPPYG00000004857
ok
ENSPPAG00000031102
ok
ENSCJAG00000002421
ok
ENSGGOG00000003388
ok
ENSPCOG00000027549
ok
ENSMFAG00000037885
ok
ENSRROG00000027974
ok
ENSMLEG00000040746
ok
ENSPSMG00000016116
ok
ENSTGEG00000003845
ok
ENSCCAG00000021602
ok
ENSCANG00000037773
ok
ENSRBIG00000034488
ok
ENSCSAG00000003541
ok
ENSPANG00000019454
ok
ENSANAG00000031573
ok
ENSCATG00000037155
ok
ENSMNEG00000029135
ok
ENSPTEG00000003208
ok
ENSMMUG00000022268
ok
ENSTSYG00000006448
ok
ENSOGAG00000009879
ok
ENSSBOG00000021596
ok
ENSPTRG00000011792
ok
ENSNLEG00000015361
ok
ENSMICG00000014276
ok
ENSPPYG00000012526
ok
ENSPPAG00000041978
ok
ENSCJAG00000008946
ok
ENSGGOG00000015956
ok
ENSPCOG00000000476
ok
ENSMFAG00000031243
ok
ENSRROG00000035929
ok
ENSMLEG00000022852
ok
ENSPSMG00000002621
ok
ENSTGEG00000024916
ok
ENSCCAG00000028533
ok
ENSCANG00000033059
ok
ENSRBIG00000026670
ok
ENSCSAG00000010665
ok
ENSPANG00000018846
ok
ENSANAG00000035736
ok
ENSCATG00000031005
ok
ENSMNEG00000035036
ok
ENSPTEG00000008300
ok
ENSMMUG00000015550
ok
ENSTSYG00000009248
ok
ENSOGAG00000011945
ok
ENSSBOG00000000403
ok
ENSPTRG00000005400
ok
ENSNLEG00000006748
ok
ENSMICG00000007807
ok
ENSPPYG00000004913
ok
ENSPPAG00000038438
ok
ENSCJAG00000015261
ok
ENSGGOG00000001244
ok
ENSPCOG00000021060
ok
ENSMFAG00000041862
ok
ENSRROG00000012779
ok
ENSMLEG00000039607
ok
ENSPSMG00000010306
ok
ENSTGEG00000012173
ok
ENSCCAG00000036033
ok
ENSCANG00000021804
ok
ENSRBIG00000035488
ok
ENSCSAG00000002896
ok
ENSPANG00000022084
ok
ENSANAG00000024800
ok
ENSCATG00000044797
ok
ENSMNEG00000032319
ok
ENSPTEG00000018960
ok
ENSMMUG00000008869
ok
ENSTSYG00000004891
ok
ENSOGAG00000011667
ok
ENSSBOG00000035720
ok
ENSPTRG00000018644
ok
ENSNLEG00000014913
ok
ENSMICG00000013965
ok
ENSPPYG00000017042
ok
ENSPPAG00000034373
ok
ENSCJAG00000019019
ok
ENSGGOG00000003334
ok
ENSPCOG00000028136
ok
ENSMFAG00000000326
ok
ENSRROG00000041571
ok
ENSMLEG00000024974
ok
ENSPSMG00000001157
ok
ENSTGEG00000016579
ok
ENSCCAG00000026453
ok
ENSCANG00000036925
ok
ENSRBIG00000034026
ok
ENSCSAG00000016944
ok
ENSPANG00000007076
ok
ENSANAG00000029324
ok
ENSCATG00000041434
ok
ENSMNEG00000036248
ok
ENSPTEG00000025324
ok
ENSMMUG00000048864
ok
ENSTSYG00000027407
ok
ENSOGAG00000034246
ok
ENSSBOG00000001346
ok
ENSPTRG00000004888
ok
ENSNLEG00000028550
ok
ENSMICG00000034995
ok
ENSPPYG00000004469
ok
ENSPPAG00000038456
ok
ENSCJAG00000045769
ok
ENSGGOG00000007068
ok
ENSPCOG00000021549
ok
ENSMFAG00000038513
ok
ENSRROG00000023951
ok
ENSMLEG00000030008
ok
ENSPSMG00000005611
ok
ENSTGEG00000000697
ok
ENSCCAG00000034569
ok
ENSCANG00000038573
ok
ENSRBIG00000008703
ok
ENSCSAG00000006239
ok
ENSPANG00000019460
ok
ENSANAG00000032196
ok
ENSCATG00000026420
ok
ENSMNEG00000038480
ok
ENSPTEG00000009968
ok
ENSMMUG00000004263
ok
ENSTSYG00000037448
ok
ENSOGAG00000001332
ok
ENSSBOG00000021119
ok
ENSPTRG00000024146
ok
ENSNLEG00000016363
ok
ENSMICG00000006086
ok
ENSPPYG00000005994
ok
ENSPPAG00000030997
ok
ENSCJAG00000020566
ok
ENSGGOG00000011607
ok
ENSPCOG00000026169
ok
ENSMFAG00000037597
ok
ENSRROG00000033229
ok
ENSMLEG00000037049
ok
ENSPSMG00000015121
ok
ENSTGEG00000024559
ok
ENSCCAG00000029866
ok
ENSCANG00000028068
ok
ENSRBIG00000040806
ok
ENSCSAG00000012263
ok
ENSPANG00000016739
ok
ENSANAG00000030516
ok
ENSCATG00000030155
ok
ENSMNEG00000043637
ok
ENSPTEG00000026669
ok
ENSMMUG00000022017
ok
ENSTSYG00000033747
ok
ENSOGAG00000026655
ok
ENSSBOG00000033172
ok
ENSPTRG00000005007
ok
ENSNLEG00000017714
ok
ENSMICG00000014220
ok
ENSPPYG00000004572
ok
ENSPPAG00000028990
ok
ENSCJAG00000018408
ok
ENSGGOG00000003215
ok
ENSPCOG00000019459
ok
ENSMFAG00000016523
ok
ENSRROG00000034892
ok
ENSMLEG00000025257
ok
ENSPSMG00000020029
ok
ENSTGEG00000008093
ok
ENSCCAG00000027904
ok
ENSCANG00000043110
ok
ENSRBIG00000027890
ok
ENSCSAG00000005525
ok
ENSPANG00000022411
ok
ENSANAG00000035586
ok
ENSCATG00000038973
ok
ENSMNEG00000031617
ok
ENSPTEG00000037501
ok
ENSMMUG00000000300
ok
ENSTSYG00000008313
ok
ENSOGAG00000016121
ok
ENSSBOG00000000272
ok
ENSPTRG00000012700
ok
ENSNLEG00000006295
ok
ENSMICG00000012605
ok
ENSPPYG00000012988
ok
ENSPPAG00000036435
ok
ENSCJAG00000011542
ok
ENSGGOG00000025254
ok
ENSPCOG00000005136
ok
ENSMFAG00000038317
ok
ENSRROG00000014136
ok
ENSMLEG00000036700
ok
ENSPSMG00000010331
ok
ENSTGEG00000026355
ok
ENSCCAG00000033915
ok
ENSCANG00000010967
ok
ENSRBIG00000040641
ok
ENSCSAG00000012902
ok
ENSPANG00000007919
ok
ENSANAG00000023637
ok
ENSCATG00000029659
ok
ENSMNEG00000043695
ok
ENSPTEG00000018146
ok
ENSMMUG00000003385
ok
ENSTSYG00000007049
ok
ENSOGAG00000000954
ok
ENSSBOG00000029157
ok
ENSPTRG00000013497
ok
ENSNLEG00000006429
ok
ENSMICG00000013282
ok
ENSPPYG00000011007
ok
ENSPPAG00000038372
ok
ENSCJAG00000011495
ok
ENSGGOG00000013960
ok
ENSPCOG00000022032
ok
ENSMFAG00000031593
ok
ENSRROG00000031055
ok
ENSMLEG00000037761
ok
ENSPSMG00000025291
ok
ENSTGEG00000000296
ok
ENSCCAG00000030551
ok
ENSCANG00000042479
ok
ENSRBIG00000036635
ok
ENSCSAG00000013928
ok
ENSPANG00000016616
ok
ENSANAG00000037687
ok
ENSCATG00000032920
ok
ENSMNEG00000024351
ok
ENSPTEG00000019127
ok
ENSMMUG00000015773
ok
ENSTSYG00000032371
ok
ENSOGAG00000005056
ok
ENSSBOG00000029125
ok
ENSPTRG00000047610
ok
ENSNLEG00000008460
ok
ENSMICG00000011757
ok
ENSPPYG00000005131
ok
ENSPPAG00000043077
ok
ENSCJAG00000003693
ok
ENSGGOG00000001320
ok
ENSPCOG00000001314
ok
ENSMFAG00000041938
ok
ENSRROG00000040667
ok
ENSMLEG00000042818
ok
ENSPSMG00000004192
ok
ENSTGEG00000028253
ok
ENSCCAG00000025526
ok
ENSCANG00000043151
ok
ENSRBIG00000042231
ok
ENSCSAG00000001882
ok
ENSPANG00000000375
ok
ENSANAG00000030708
ok
ENSCATG00000024995
ok
ENSMNEG00000034338
ok
ENSPTEG00000032371
ok
ENSMMUG00000022906
ok
ENSTSYG00000000565
ok
ENSOGAG00000015107
ok
ENSSBOG00000028557
ok
ENSPTRG00000001009
ok
ENSNLEG00000011881
ok
ENSMICG00000006841
ok
ENSPPYG00000001112
ok
ENSPPAG00000010474
ok
ENSCJAG00000003455
ok
ENSGGOG00000003275
ok
ENSPCOG00000020448
ok
ENSMFAG00000028887
ok
ENSRROG00000028952
ok
ENSMLEG00000037186
ok
ENSPSMG00000006577
ok
ENSTGEG00000026217
ok
ENSCCAG00000020395
ok
ENSCANG00000040297
ok
ENSRBIG00000033226
ok
ENSCSAG00000001511
ok
ENSPANG00000007779
ok
ENSANAG00000021976
ok
ENSCATG00000037830
ok
ENSMNEG00000035039
ok
ENSPTEG00000024456
ok
ENSMMUG00000009509
ok
ENSTSYG00000006924
ok
ENSOGAG00000003021
ok
ENSSBOG00000023055
ok
ENSPTRG00000002092
ok
ENSNLEG00000014450
ok
ENSMICG00000033302
ok
ENSPPYG00000000123
ok
ENSPPAG00000040629
ok
ENSCJAG00000010968
ok
ENSGGOG00000025643
ok
ENSPCOG00000023537
ok
ENSMFAG00000039905
ok
ENSRROG00000039854
ok
ENSMLEG00000043252
ok
ENSPSMG00000010481
ok
ENSTGEG00000010469
ok
ENSCCAG00000023932
ok
ENSCANG00000023711
ok
ENSRBIG00000037937
ok
ENSCSAG00000010599
ok
ENSPANG00000002245
ok
ENSANAG00000033963
ok
ENSCATG00000043366
ok
ENSMNEG00000038762
ok
ENSPTEG00000033734
ok
ENSMMUG00000002054
ok
ENSTSYG00000033967
ok
ENSOGAG00000026035
ok
ENSSBOG00000018899
ok
ENSPTRG00000011645
ok
ENSNLEG00000013701
ok
ENSMICG00000012761
ok
ENSPPYG00000012659
ok
ENSPPAG00000030099
ok
ENSCJAG00000046813
ok
ENSGGOG00000012494
ok
ENSPCOG00000021417
ok
ENSMFAG00000039490
ok
ENSRROG00000041608
ok
ENSMLEG00000036570
ok
ENSPSMG00000019846
ok
ENSTGEG00000015074
ok
ENSCCAG00000026312
ok
ENSCANG00000041176
ok
ENSRBIG00000037952
ok
ENSCSAG00000007163
ok
ENSPANG00000008644
ok
ENSANAG00000028728
ok
ENSCATG00000037396
ok
ENSMNEG00000034723
ok
ENSPTEG00000024380
ok
ENSMMUG00000002400
ok
ENSTSYG00000027166
ok
ENSOGAG00000010827
ok
ENSSBOG00000031189
ok
ENSPTRG00000002023
ok
ENSNLEG00000013432
ok
ENSMICG00000041977
ok
ENSPPYG00000010649
ok
ENSPPAG00000033472
ok
ENSCJAG00000045673
ok
ENSGGOG00000009270
ok
ENSPCOG00000015536
ok
ENSMFAG00000039054
ok
ENSRROG00000017054
ok
ENSMLEG00000031144
ok
ENSPSMG00000000586
ok
ENSTGEG00000004789
ok
ENSCCAG00000037018
ok
ENSCANG00000030454
ok
ENSRBIG00000033249
ok
ENSCSAG00000016186
ok
ENSPANG00000021909
ok
ENSANAG00000027303
ok
ENSCATG00000045366
ok
ENSMNEG00000028734
ok
ENSPTEG00000006274
ok
ENSMMUG00000013039
ok
ENSTSYG00000012524
ok
ENSOGAG00000010060
ok
ENSSBOG00000022009
ok
ENSPTRG00000001658
ok
ENSNLEG00000014974
ok
ENSMICG00000012252
ok
ENSPPYG00000000532
ok
ENSPPAG00000043910
ok
ENSCJAG00000010232
ok
ENSGGOG00000025385
ok
ENSPCOG00000023865
ok
ENSMFAG00000039988
ok
ENSRROG00000043039
ok
ENSMLEG00000043363
ok
ENSPSMG00000025598
ok
ENSTGEG00000006656
ok
ENSCCAG00000037913
ok
ENSCANG00000028954
ok
ENSRBIG00000036238
ok
ENSCSAG00000011125
ok
ENSPANG00000006361
ok
ENSANAG00000030143
ok
ENSCATG00000023069
ok
ENSMNEG00000035596
ok
ENSPTEG00000018195
ok
ENSMMUG00000015344
ok
ENSTSYG00000008314
ok
ENSOGAG00000016136
ok
ENSSBOG00000021307
ok
ENSPTRG00000012701
ok
ENSNLEG00000006310
ok
ENSMICG00000012638
ok
ENSPPYG00000012990
ok
ENSPPAG00000040188
ok
ENSCJAG00000042373
ok
ENSGGOG00000003773
ok
ENSPCOG00000019287
ok
ENSMFAG00000031604
ok
ENSRROG00000029796
ok
ENSMLEG00000036134
ok
ENSPSMG00000010500
ok
ENSTGEG00000026459
ok
ENSCCAG00000020579
ok
ENSCANG00000012006
ok
ENSRBIG00000028026
ok
ENSCSAG00000012861
ok
ENSPANG00000004250
ok
ENSANAG00000031121
ok
ENSCATG00000030184
ok
ENSMNEG00000038385
ok
ENSPTEG00000018226
ok
ENSMMUG00000016774
ok
ENSTSYG00000036879
ok
ENSOGAG00000001937
ok
ENSSBOG00000031276
ok
ENSPTRG00000009662
ok
ENSNLEG00000030489
ok
ENSMICG00000035411
ok
ENSPPYG00000008642
ok
ENSPPAG00000035634
ok
ENSCJAG00000013980
ok
ENSGGOG00000010533
ok
ENSPCOG00000027183
ok
ENSMFAG00000003538
ok
ENSRROG00000032636
ok
ENSMLEG00000042670
ok
ENSPSMG00000002961
ok
ENSTGEG00000002259
ok
ENSCCAG00000028682
ok
ENSCANG00000034957
ok
ENSRBIG00000036508
ok
ENSCSAG00000004905
ok
ENSPANG00000020079
ok
ENSANAG00000020780
ok
ENSCATG00000041085
ok
ENSMNEG00000037740
ok
ENSPTEG00000039682
ok
ENSMMUG00000018486
ok
ENSTSYG00000035445
ok
ENSOGAG00000027499
ok
ENSSBOG00000028721
ok
ENSPTRG00000048030
ok
ENSNLEG00000011209
ok
ENSMICG00000038610
ok
ENSPPYG00000013317
ok
ENSPPAG00000036961
ok
ENSCJAG00000000467
ok
ENSGGOG00000000092
ok
ENSPCOG00000026475
ok
ENSMFAG00000044924
ok
ENSRROG00000039164
ok
ENSMLEG00000043863
ok
ENSPSMG00000004271
ok
ENSTGEG00000023709
ok
ENSCCAG00000030132
ok
ENSCANG00000037657
ok
ENSRBIG00000037315
ok
ENSCSAG00000006080
ok
ENSPANG00000007875
ok
ENSANAG00000022298
ok
ENSCATG00000036953
ok
ENSMNEG00000029176
ok
ENSPTEG00000036636
ok
ENSMMUG00000019042
ok
ENSTSYG00000000496
ok
ENSOGAG00000004536
ok
ENSSBOG00000024626
ok
ENSPTRG00000005402
ok
ENSNLEG00000031611
ok
ENSMICG00000014280
ok
ENSPPYG00000004916
ok
ENSPPAG00000032685
ok
ENSCJAG00000015311
ok
ENSGGOG00000010116
ok
ENSPCOG00000015239
ok
ENSMFAG00000042790
ok
ENSRROG00000042685
ok
ENSMLEG00000038501
ok
ENSPSMG00000002551
ok
ENSTGEG00000012265
ok
ENSCCAG00000028647
ok
ENSCANG00000031057
ok
ENSRBIG00000036491
ok
ENSCSAG00000002888
ok
ENSPANG00000016135
ok
ENSANAG00000024935
ok
ENSCATG00000032610
ok
ENSMNEG00000013314
ok
ENSPTEG00000019141
ok
ENSMMUG00000002287
ok
ENSTSYG00000010350
ok
ENSOGAG00000010600
ok
ENSSBOG00000024570
ok
ENSPTRG00000002094
ok
ENSNLEG00000001544
ok
ENSMICG00000004140
ok
ENSPPYG00000000122
ok
ENSPPAG00000028509
ok
ENSCJAG00000011901
ok
ENSGGOG00000005004
ok
ENSPCOG00000013449
ok
ENSMFAG00000001236
ok
ENSRROG00000035909
ok
ENSMLEG00000031442
ok
ENSPSMG00000004965
ok
ENSTGEG00000010584
ok
ENSCCAG00000020494
ok
ENSCANG00000009380
ok
ENSRBIG00000027879
ok
ENSCSAG00000010581
ok
ENSPANG00000036150
ok
ENSANAG00000037429
ok
ENSCATG00000033334
ok
ENSMNEG00000031235
ok
ENSPTEG00000033916
ok
ENSMMUG00000013044
ok
ENSTSYG00000000344
ok
ENSOGAG00000010076
ok
ENSSBOG00000024062
ok
ENSPTRG00000001660
ok
ENSNLEG00000015004
ok
ENSMICG00000012288
ok
ENSPPYG00000000530
ok
ENSPPAG00000033608
ok
ENSCJAG00000010185
ok
ENSGGOG00000000935
ok
ENSPCOG00000007809
ok
ENSMFAG00000036068
ok
ENSRROG00000042724
ok
ENSMLEG00000027550
ok
ENSPSMG00000025582
ok
ENSTGEG00000006546
ok
ENSCCAG00000035312
ok
ENSCANG00000034577
ok
ENSRBIG00000044311
ok
ENSCSAG00000011257
ok
ENSPANG00000011947
ok
ENSANAG00000035384
ok
ENSCATG00000030070
ok
ENSMNEG00000040941
ok
ENSPTEG00000017991
ok
ENSMMUG00000007003
ok
ENSTSYG00000006536
ok
ENSOGAG00000009840
ok
ENSSBOG00000032574
ok
ENSPTRG00000011934
ok
ENSNLEG00000009354
ok
ENSMICG00000009369
ok
ENSPPYG00000012399
ok
ENSPPAG00000024705
ok
ENSCJAG00000009740
ok
ENSGGOG00000006867
ok
ENSPCOG00000015664
ok
ENSMFAG00000001927
ok
ENSRROG00000040537
ok
ENSMLEG00000038706
ok
ENSPSMG00000014688
ok
ENSTGEG00000006941
ok
ENSCCAG00000037909
ok
ENSCANG00000034019
ok
ENSRBIG00000043016
ok
ENSCSAG00000014324
ok
ENSPANG00000022846
ok
ENSANAG00000023709
ok
ENSCATG00000031551
ok
ENSMNEG00000038589
ok
ENSPTEG00000015337
ok
ENSMMUG00000019993
ok
ENSTSYG00000007558
ok
ENSOGAG00000010330
ok
ENSSBOG00000025091
ok
ENSPTRG00000000429
ok
ENSNLEG00000009780
ok
ENSMICG00000037742
ok
ENSPPYG00000001643
ok
ENSPPAG00000036650
ok
ENSCJAG00000009602
ok
ENSGGOG00000014485
ok
ENSPCOG00000023322
ok
ENSMFAG00000043063
ok
ENSRROG00000045413
ok
ENSMLEG00000036334
ok
ENSPSMG00000010685
ok
ENSTGEG00000009563
ok
ENSCCAG00000032713
ok
ENSCANG00000037630
ok
ENSRBIG00000028417
ok
ENSCSAG00000001009
ok
ENSPANG00000012598
ok
ENSANAG00000029947
ok
ENSCATG00000016723
ok
ENSMNEG00000040155
ok
ENSPTEG00000030550
ok
ENSMMUG00000018188
ok
ENSTSYG00000014245
ok
ENSOGAG00000016874
ok
ENSSBOG00000030967
ok
ENSPTRG00000004100
ok
ENSNLEG00000016736
ok
ENSMICG00000046391
ok
ENSPPYG00000003707
ok
ENSPPAG00000033740
ok
ENSCJAG00000015002
ok
ENSGGOG00000008102
ok
ENSPCOG00000026020
ok
ENSMFAG00000040563
ok
ENSRROG00000023992
ok
ENSMLEG00000044208
ok
ENSPSMG00000012887
ok
ENSTGEG00000001765
ok
ENSCCAG00000025757
ok
ENSCANG00000009435
ok
ENSRBIG00000037924
ok
ENSCSAG00000003828
ok
ENSPANG00000011944
ok
ENSANAG00000030211
ok
ENSCATG00000038800
ok
ENSMNEG00000038159
ok
ENSPTEG00000035753
ok
ENSMMUG00000005877
ok
ENSTSYG00000007527
ok
ENSOGAG00000011283
ok
ENSSBOG00000021187
ok
ENSPTRG00000002095
ok
ENSNLEG00000001549
ok
ENSMICG00000004171
ok
ENSPPYG00000000121
ok
ENSPPAG00000041497
ok
ENSCJAG00000011909
ok
ENSGGOG00000010454
ok
ENSPCOG00000020732
ok
ENSMFAG00000036591
ok
ENSRROG00000037474
ok
ENSMLEG00000030518
ok
ENSPSMG00000004877
ok
ENSTGEG00000010626
ok
ENSCCAG00000027158
ok
ENSCANG00000012784
ok
ENSRBIG00000032532
ok
ENSCSAG00000010573
ok
ENSPANG00000009759
ok
ENSANAG00000023360
ok
ENSCATG00000013816
ok
ENSMNEG00000028338
ok
ENSPTEG00000034010
ok
ENSMMUG00000042320
ok
ENSTSYG00000034366
ok
ENSOGAG00000004539
ok
ENSSBOG00000030650
ok
ENSPTRG00000049069
ok
ENSNLEG00000006762
ok
ENSMICG00000032427
ok
ENSPPYG00000004917
ok
ENSPPAG00000031466
ok
ENSCJAG00000015320
ok
ENSGGOG00000010125
ok
ENSPCOG00000022778
ok
ENSMFAG00000014872
ok
ENSRROG00000036949
ok
ENSMLEG00000042436
ok
ENSPSMG00000002558
ok
ENSTGEG00000012348
ok
ENSCCAG00000034028
ok
ENSCANG00000043687
ok
ENSRBIG00000036552
ok
ENSCSAG00000002884
ok
ENSPANG00000012188
ok
ENSANAG00000028941
ok
ENSCATG00000032817
ok
ENSMNEG00000006219
ok
ENSPTEG00000019205
ok
ENSMMUG00000003727
ok
ENSTSYG00000004347
ok
ENSOGAG00000014968
ok
ENSSBOG00000020414
ok
ENSPTRG00000001010
ok
ENSNLEG00000011908
ok
ENSMICG00000041631
ok
ENSPPYG00000001111
ok
ENSPPAG00000036615
ok
ENSCJAG00000003497
ok
ENSGGOG00000004415
ok
ENSPCOG00000012529
ok
ENSMFAG00000001251
ok
ENSRROG00000033098
ok
ENSMLEG00000039100
ok
ENSPSMG00000006614
ok
ENSTGEG00000026263
ok
ENSCCAG00000031127
ok
ENSCANG00000039957
ok
ENSRBIG00000040047
ok
ENSCSAG00000001512
ok
ENSPANG00000015544
ok
ENSANAG00000025566
ok
ENSCATG00000018698
ok
ENSMNEG00000042360
ok
ENSPTEG00000024308
ok
ENSMMUG00000020954
ok
ENSTSYG00000003043
ok
ENSOGAG00000002994
ok
ENSSBOG00000025104
ok
ENSPTRG00000014879
ok
ENSNLEG00000006390
ok
ENSMICG00000000733
ok
ENSPPYG00000013912
ok
ENSPPAG00000034700
ok
ENSCJAG00000002673
ok
ENSGGOG00000003912
ok
ENSPCOG00000014303
ok
ENSMFAG00000044959
ok
ENSRROG00000043440
ok
ENSMLEG00000041783
ok
ENSPSMG00000012648
ok
ENSTGEG00000009689
ok
ENSCCAG00000036181
ok
ENSCANG00000043591
ok
ENSRBIG00000040039
ok
ENSCSAG00000015941
ok
ENSPANG00000013403
ok
ENSANAG00000029789
ok
ENSCATG00000032942
ok
ENSMNEG00000037982
ok
ENSPTEG00000004306
ok
ENSMMUG00000004324
ok
ENSTSYG00000033149
ok
ENSOGAG00000012108
ok
ENSSBOG00000017214
ok
ENSPTRG00000011793
ok
ENSNLEG00000015371
ok
ENSMICG00000001254
ok
ENSPPYG00000012525
ok
ENSPPAG00000027706
ok
ENSCJAG00000008912
ok
ENSGGOG00000007738
ok
ENSPCOG00000017238
ok
ENSMFAG00000038248
ok
ENSRROG00000041224
ok
ENSMLEG00000032007
ok
ENSPSMG00000002664
ok
ENSTGEG00000024997
ok
ENSCCAG00000030498
ok
ENSCANG00000032273
ok
ENSRBIG00000018526
ok
ENSCSAG00000010731
ok
ENSPANG00000016919
ok
ENSANAG00000035464
ok
ENSCATG00000027142
ok
ENSMNEG00000028638
ok
ENSPTEG00000008467
ok
ENSMMUG00000014301
ok
ENSTSYG00000034551
ok
ENSOGAG00000012765
ok
ENSSBOG00000000440
ok
ENSPTRG00000011125
ok
ENSNLEG00000026567
ok
ENSMICG00000014030
ok
ENSPPYG00000010098
ok
ENSPPAG00000041775
ok
ENSCJAG00000013088
ok
ENSGGOG00000006364
ok
ENSPCOG00000020498
ok
ENSMFAG00000002540
ok
ENSRROG00000032653
ok
ENSMLEG00000043645
ok
ENSPSMG00000025265
ok
ENSTGEG00000019439
ok
ENSCCAG00000025986
ok
ENSCANG00000042079
ok
ENSRBIG00000028263
ok
ENSCSAG00000003251
ok
ENSPANG00000019932
ok
ENSANAG00000032757
ok
ENSCATG00000039140
ok
ENSMNEG00000038991
ok
ENSPTEG00000035843
ok
ENSMMUG00000017534
ok
ENSTSYG00000011715
ok
ENSOGAG00000009660
ok
ENSSBOG00000028582
ok
ENSPTRG00000002736
ok
ENSNLEG00000033953
ok
ENSMICG00000047990
ok
ENSPPYG00000002467
ok
ENSPPAG00000004000
ok
ENSCJAG00000011216
ok
ENSGGOG00000003981
ok
ENSPCOG00000016774
ok
ENSMFAG00000040940
ok
ENSRROG00000034590
ok
ENSMLEG00000029293
ok
ENSPSMG00000002426
ok
ENSTGEG00000007471
ok
ENSCCAG00000021215
ok
ENSCANG00000028303
ok
ENSRBIG00000000113
ok
ENSCSAG00000006768
ok
ENSPANG00000021702
ok
ENSANAG00000038185
ok
ENSCATG00000040377
ok
ENSMNEG00000044200
ok
ENSPTEG00000037002
ok
ENSMMUG00000005881
ok
ENSTSYG00000005134
ok
ENSOGAG00000011286
ok
ENSSBOG00000025357
ok
ENSPTRG00000002096
ok
ENSNLEG00000001707
ok
ENSMICG00000028058
ok
ENSPPYG00000000120
ok
ENSPPAG00000027230
ok
ENSCJAG00000038998
ok
ENSGGOG00000000197
ok
ENSPCOG00000027337
ok
ENSMFAG00000008235
ok
ENSRROG00000043839
ok
ENSMLEG00000033716
ok
ENSPSMG00000004800
ok
ENSTGEG00000010650
ok
ENSCCAG00000008245
ok
ENSCANG00000030087
ok
ENSRBIG00000038862
ok
ENSCSAG00000010562
ok
ENSPANG00000019886
ok
ENSANAG00000021401
ok
ENSCATG00000036835
ok
ENSMNEG00000030630
ok
ENSPTEG00000034029
ok
ENSMMUG00000003728
ok
ENSTSYG00000005185
ok
ENSOGAG00000014971
ok
ENSSBOG00000034422
ok
ENSPTRG00000001011
ok
ENSNLEG00000027129
ok
ENSMICG00000005242
ok
ENSPPYG00000001109
ok
ENSPPAG00000008786
ok
ENSCJAG00000003508
ok
ENSGGOG00000038899
ok
ENSPCOG00000024348
ok
ENSMFAG00000043538
ok
ENSRROG00000007377
ok
ENSMLEG00000041288
ok
ENSPSMG00000006633
ok
ENSTGEG00000026276
ok
ENSCCAG00000022048
ok
ENSCANG00000038438
ok
ENSRBIG00000030719
ok
ENSCSAG00000001513
ok
ENSPANG00000004420
ok
ENSANAG00000028715
ok
ENSCATG00000036739
ok
ENSMNEG00000029842
ok
ENSPTEG00000024260
ok
ENSMMUG00000005882
ok
ENSTSYG00000007861
ok
ENSOGAG00000003044
ok
ENSSBOG00000021363
ok
ENSPTRG00000002097
ok
ENSNLEG00000001757
ok
ENSMICG00000004194
ok
ENSPPYG00000000119
ok
ENSPPAG00000039081
ok
ENSCJAG00000011997
ok
ENSGGOG00000012858
ok
ENSPCOG00000028789
ok
ENSMFAG00000042957
ok
ENSRROG00000040749
ok
ENSMLEG00000032786
ok
ENSPSMG00000004764
ok
ENSTGEG00000010860
ok
ENSCCAG00000020272
ok
ENSCANG00000017803
ok
ENSRBIG00000028536
ok
ENSCSAG00000010513
ok
ENSPANG00000019210
ok
ENSANAG00000021609
ok
ENSCATG00000028850
ok
ENSMNEG00000045133
ok
ENSPTEG00000034209
ok
ENSMMUG00000018908
ok
ENSTSYG00000002789
ok
ENSOGAG00000006241
ok
ENSSBOG00000035801
ok
ENSPTRG00000013088
ok
ENSNLEG00000011223
ok
ENSMICG00000007351
ok
ENSPPYG00000013320
ok
ENSPPAG00000043125
ok
ENSCJAG00000000443
ok
ENSGGOG00000000098
ok
ENSPCOG00000023348
ok
ENSMFAG00000042266
ok
ENSRROG00000028943
ok
ENSMLEG00000042481
ok
ENSPSMG00000004199
ok
ENSTGEG00000023870
ok
ENSCCAG00000025102
ok
ENSCANG00000036350
ok
ENSRBIG00000033267
ok
ENSCSAG00000006045
ok
ENSPANG00000019808
ok
ENSANAG00000035398
ok
ENSCATG00000042465
ok
ENSMNEG00000028395
ok
ENSPTEG00000036779
ok
ENSMMUG00000023570
ok
ENSTSYG00000008756
ok
ENSOGAG00000004079
ok
ENSSBOG00000009204
ok
ENSPTRG00000001917
ok
ENSNLEG00000000802
ok
ENSMICG00000008359
ok
ENSPPYG00000000281
ok
ENSPPAG00000035187
ok
ENSCJAG00000018527
ok
ENSGGOG00000004303
ok
ENSPCOG00000003243
ok
ENSMFAG00000036818
ok
ENSRROG00000039291
ok
ENSMLEG00000025880
ok
ENSPSMG00000007985
ok
ENSTGEG00000012331
ok
ENSCCAG00000037895
ok
ENSCANG00000028146
ok
ENSRBIG00000025966
ok
ENSCSAG00000014994
ok
ENSPANG00000029329
ok
ENSANAG00000022185
ok
ENSCATG00000041266
ok
ENSMNEG00000035037
ok
ENSPTEG00000034593
ok
ENSMMUG00000008007
ok
ENSTSYG00000030711
ok
ENSOGAG00000007644
ok
ENSSBOG00000026335
ok
ENSPTRG00000007189
ok
ENSNLEG00000012863
ok
ENSMICG00000004354
ok
ENSPPYG00000006574
ok
ENSPPAG00000043580
ok
ENSCJAG00000007353
ok
ENSGGOG00000000293
ok
ENSPCOG00000016212
ok
ENSMFAG00000038247
ok
ENSRROG00000025747
ok
ENSMLEG00000042443
ok
ENSPSMG00000007120
ok
ENSTGEG00000024643
ok
ENSCCAG00000029113
ok
ENSCANG00000033437
ok
ENSRBIG00000032238
ok
ENSCSAG00000013112
ok
ENSPANG00000016670
ok
ENSANAG00000031211
ok
ENSCATG00000032543
ok
ENSMNEG00000028540
ok
ENSPTEG00000034050
ok
ENSMMUG00000013719
ok
ENSTSYG00000001388
ok
ENSOGAG00000011735
ok
ENSSBOG00000023699
ok
ENSPTRG00000047803
ok
ENSNLEG00000001335
ok
ENSMICG00000016952
ok
ENSPPYG00000018233
ok
ENSPPAG00000041688
ok
ENSCJAG00000015156
ok
ENSGGOG00000001976
ok
ENSPCOG00000016763
ok
ENSMFAG00000040814
ok
ENSRROG00000034365
ok
ENSMLEG00000028821
ok
ENSPSMG00000009876
ok
ENSTGEG00000008229
ok
ENSCCAG00000034720
ok
ENSCANG00000028630
ok
ENSRBIG00000031906
ok
ENSCSAG00000006413
ok
ENSPANG00000006916
ok
ENSANAG00000029627
ok
ENSCATG00000035592
