ENSG00000111790
ok
ENSG00000135451
ok
ENSG00000172638
ok
ENSG00000140948
ok
ENSG00000105227
ok
ENSG00000119913
ok
ENSG00000156535
ok
ENSG00000188130
ok
ENSG00000120457
ok
ENSG00000110888
ok
ENSG00000155897
ok
ENSG00000179242
ok
ENSG00000149179
ok
ENSG00000159461
ok
ENSG00000179151
ok
ENSG00000146802
ok
ENSG00000156427
ok
ENSG00000162981
ok
ENSG00000179526
ok
ENSG00000162849
ok
ENSG00000134247
ok
ENSG00000145860
ok
ENSG00000168228
ok
ENSG00000165349
ok
ENSG00000168038
ok
ENSG00000134256
ok
ENSG00000169554
ok
ENSG00000162664
ok
ENSG00000155287
ok
ENSG00000135406
ok
ENSG00000131746
ok
ENSG00000132600
ok
ENSG00000028277
ok
ENSG00000068784
ok
ENSG00000134744
ok
ENSG00000027001
ok
ENSG00000100403
ok
ENSG00000135318
ok
ENSG00000169641
ok
ENSG00000006282
ok
ENSG00000135424
ok
ENSG00000004487
ok
ENSG00000162851
ok
ENSG00000196911
ok
ENSG00000162105
ok
ENSG00000162852
ok
ENSG00000134245
ok
ENSG00000160695
ok
ENSG00000163935
ok
ENSG00000007341
ok
ENSG00000130234
ok
ENSG00000143653
ok
ENSG00000141424
ok
ENSG00000071073
ok
ENSG00000178950
ok
ENSG00000125124
ok
ENSG00000132361
ok
ENSG00000134759
ok
ENSG00000158286
ok
ENSG00000153207
ok
ENSG00000114268
ok
ENSG00000103056
ok
ENSG00000116254
ok
ENSG00000126353
ok
ENSG00000144659
ok
ENSG00000101577
ok
ENSG00000160224
ok
ENSG00000104325
ok
ENSG00000183579
ok
ENSG00000086827
ok
ENSG00000111231
ok
ENSG00000164603
ok
ENSG00000124882
ok
ENSG00000184271
ok
ENSG00000109321
ok
ENSG00000196358
ok
ENSG00000065154
ok
ENSG00000137073
ok
ENSG00000166359
ok
ENSG00000139055
ok
ENSG00000144810
ok
ENSG00000204252
ok
ENSG00000164604
ok
ENSG00000147162
ok
ENSG00000160323
ok
ENSG00000020129
ok
ENSG00000129667
ok
ENSG00000104059
ok
ENSG00000151164
ok
ENSG00000189042
ok
ENSG00000186187
ok
ENSG00000143032
ok
ENSG00000116237
ok
ENSG00000184481
ok
ENSG00000168297
ok
ENSG00000147689
ok
ENSG00000145632
ok
ENSG00000135048
ok
ENSG00000198018
ok
ENSG00000134909
ok
ENSG00000112214
ok
ENSG00000125845
ok
ENSG00000183597
ok
ENSG00000198879
ok
ENSG00000102181
ok
ENSG00000142687
ok
ENSG00000162714
ok
ENSG00000121350
ok
ENSG00000076864
ok
ENSG00000079739
ok
ENSG00000139218
ok
ENSG00000171872
ok
ENSG00000080854
ok
ENSG00000162711
ok
ENSG00000166557
ok
ENSG00000004700
ok
ENSG00000103671
ok
ENSG00000115593
ok
ENSG00000104901
ok
ENSG00000203965
ok
ENSG00000165244
ok
ENSG00000154415
ok
ENSG00000241058
ok
ENSG00000099365
ok
ENSG00000163586
ok
ENSG00000091704
ok
ENSG00000090013
ok
ENSG00000165995
ok
ENSG00000134258
ok
ENSG00000164484
ok
ENSG00000113924
ok
ENSG00000014914
ok
ENSG00000137942
ok
ENSG00000137764
ok
ENSG00000102387
ok
ENSG00000189319
ok
ENSG00000198753
ok
ENSG00000107902
ok
ENSG00000181085
ok
ENSG00000171132
ok
ENSG00000152944
ok
ENSG00000174373
ok
ENSG00000159714
ok
ENSG00000072840
ok
ENSG00000122482
ok
ENSG00000177398
ok
ENSG00000151729
ok
ENSG00000198876
ok
ENSG00000103042
ok
ENSG00000160801
ok
ENSG00000136261
ok
ENSG00000072832
ok
ENSG00000106236
ok
ENSG00000071859
ok
ENSG00000166816
ok
ENSG00000109762
ok
ENSG00000165861
ok
ENSG00000083544
ok
ENSG00000166086
ok
ENSG00000109684
ok
ENSG00000099256
ok
ENSG00000168530
ok
ENSG00000197892
ok
ENSG00000137745
ok
ENSG00000109771
ok
ENSG00000183508
ok
ENSG00000130427
ok
ENSG00000139610
ok
ENSG00000101986
ok
ENSG00000128573
ok
ENSG00000167600
ok
ENSG00000105875
ok
ENSG00000155511
ok
ENSG00000100249
ok
ENSG00000099282
ok
ENSG00000174990
ok
ENSG00000183762
ok
ENSG00000160808
ok
ENSG00000264522
ok
ENSG00000213722
ok
ENSG00000211455
ok
ENSG00000105612
ok
ENSG00000184517
ok
ENSG00000076604
ok
ENSG00000178028
ok
ENSG00000065485
ok
ENSG00000171246
ok
ENSG00000174808
ok
ENSG00000121741
ok
ENSG00000065361
ok
ENSG00000197969
ok
ENSG00000125869
ok
ENSG00000162669
ok
ENSG00000042445
ok
ENSG00000143278
ok
ENSG00000186810
ok
ENSG00000066279
ok
ENSG00000110900
ok
ENSG00000103496
ok
ENSG00000130956
ok
ENSG00000185100
ok
ENSG00000175137
ok
ENSG00000155714
ok
ENSG00000135945
ok
ENSG00000166448
ok
ENSG00000140262
ok
ENSG00000018699
ok
ENSG00000171163
ok
ENSG00000197142
ok
ENSG00000204300
ok
ENSG00000152932
ok
ENSG00000136631
ok
ENSG00000183423
ok
ENSG00000167601
ok
ENSG00000137936
ok
ENSG00000137692
ok
ENSG00000044090
ok
ENSG00000102178
ok
ENSG00000164815
ok
ENSG00000105610
ok
ENSG00000204852
ok
ENSG00000143437
ok
ENSG00000143365
ok
ENSG00000137171
ok
ENSG00000158411
ok
ENSG00000164332
ok
ENSG00000180357
ok
ENSG00000165660
ok
ENSG00000185220
ok
ENSG00000104812
ok
ENSG00000106080
ok
ENSG00000130363
ok
ENSG00000132781
ok
ENSG00000136193
ok
ENSG00000185674
ok
ENSG00000149527
ok
ENSG00000111711
ok
ENSG00000153406
ok
ENSG00000198010
ok
ENSG00000113302
ok
ENSG00000168298
ok
ENSG00000167244
ok
ENSG00000158106
ok
ENSG00000103460
ok
ENSG00000170322
ok
ENSG00000104714
ok
ENSG00000031081
ok
ENSG00000164190
ok
ENSG00000144063
ok
ENSG00000198336
ok
ENSG00000130758
ok
ENSG00000130876
ok
ENSG00000105810
ok
ENSG00000185002
ok
ENSG00000173988
ok
ENSG00000140848
ok
ENSG00000165623
ok
ENSG00000198099
ok
ENSG00000170624
ok
ENSG00000181790
ok
ENSG00000165923
ok
ENSG00000122986
ok
ENSG00000019995
ok
ENSG00000135250
ok
ENSG00000100908
ok
ENSG00000121361
ok
ENSG00000184939
ok
ENSG00000134548
ok
ENSG00000176142
ok
ENSG00000165025
ok
ENSG00000129353
ok
ENSG00000101040
ok
ENSG00000124787
ok
ENSG00000151490
ok
ENSG00000198252
ok
ENSG00000170162
ok
ENSG00000033627
ok
ENSG00000029153
ok
ENSG00000132466
ok
ENSG00000129566
ok
ENSG00000005243
ok
ENSG00000140009
ok
ENSG00000094755
ok
ENSG00000111713
ok
ENSG00000005483
ok
ENSG00000171109
ok
ENSG00000168488
ok
ENSG00000137976
ok
ENSG00000133103
ok
ENSG00000071889
ok
ENSG00000142208
ok
ENSG00000151779
ok
ENSG00000196505
ok
ENSG00000113312
ok
ENSG00000166535
ok
ENSG00000146857
ok
ENSG00000134533
ok
ENSG00000170234
ok
ENSG00000080802
ok
ENSG00000108821
ok
ENSG00000077254
ok
ENSG00000106541
ok
ENSG00000050438
ok
ENSG00000168077
ok
ENSG00000158863
ok
ENSG00000131686
ok
ENSG00000164694
ok
ENSG00000104814
ok
ENSG00000134987
ok
ENSG00000100365
ok
ENSG00000070759
ok
ENSG00000102882
ok
ENSG00000111752
ok
ENSG00000196642
ok
ENSG00000105607
ok
ENSG00000128191
ok
ENSG00000125246
ok
ENSG00000146067
ok
ENSG00000171224
ok
ENSG00000166863
ok
ENSG00000161544
ok
ENSG00000099899
ok
ENSG00000172071
ok
ENSG00000143355
ok
ENSG00000132623
ok
ENSG00000167325
ok
ENSG00000104980
ok
ENSG00000139629
ok
ENSG00000122432
ok
ENSG00000197241
ok
ENSG00000132639
ok
ENSG00000235173
ok
ENSG00000003056
ok
ENSG00000162511
ok
ENSG00000124721
ok
ENSG00000188175
ok
ENSG00000011347
ok
ENSG00000021826
ok
ENSG00000144559
ok
ENSG00000186998
ok
ENSG00000072315
ok
ENSG00000165730
ok
ENSG00000107362
ok
ENSG00000184156
ok
ENSG00000204131
ok
ENSG00000163389
ok
ENSG00000185483
ok
ENSG00000073712
ok
ENSG00000166866
ok
ENSG00000069702
ok
ENSG00000188522
ok
ENSG00000023909
ok
ENSG00000167394
ok
ENSG00000158470
ok
ENSG00000154025
ok
ENSG00000101323
ok
ENSG00000143379
ok
ENSG00000275074
ok
ENSG00000173175
ok
ENSG00000184220
ok
ENSG00000177294
ok
ENSG00000155761
ok
ENSG00000167858
ok
ENSG00000082641
ok
ENSG00000162512
ok
ENSG00000086758
ok
ENSG00000104081
ok
ENSG00000168386
ok
ENSG00000116157
ok
ENSG00000179588
ok
ENSG00000187726
ok
ENSG00000144061
ok
ENSG00000043355
ok
ENSG00000137776
ok
ENSG00000100077
ok
ENSG00000175267
ok
ENSG00000113845
ok
ENSG00000062038
ok
ENSG00000082898
ok
ENSG00000107290
ok
ENSG00000196338
ok
ENSG00000101654
ok
ENSG00000167105
ok
ENSG00000047936
ok
ENSG00000102003
ok
ENSG00000160570
ok
ENSG00000135697
ok
ENSG00000177414
ok
ENSG00000197818
ok
ENSG00000155561
ok
ENSG00000158480
ok
ENSG00000158109
ok
ENSG00000145391
ok
ENSG00000072786
ok
ENSG00000158545
ok
ENSG00000157450
ok
ENSG00000099875
ok
ENSG00000144120
ok
ENSG00000011332
ok
ENSG00000157765
ok
ENSG00000092607
ok
ENSG00000140379
ok
ENSG00000170325
ok
ENSG00000152767
ok
ENSG00000124391
ok
ENSG00000182508
ok
ENSG00000140479
ok
ENSG00000151790
ok
ENSG00000126016
ok
ENSG00000124194
ok
ENSG00000144681
ok
ENSG00000101605
ok
ENSG00000166167
ok
ENSG00000261609
ok
ENSG00000108984
ok
ENSG00000150760
ok
ENSG00000007545
ok
ENSG00000120875
ok
ENSG00000235568
ok
ENSG00000184402
ok
ENSG00000272886
ok
ENSG00000135519
ok
ENSG00000102572
ok
ENSG00000164707
ok
ENSG00000016391
ok
ENSG00000149305
ok
ENSG00000179902
ok
ENSG00000142583
ok
ENSG00000157388
ok
ENSG00000038219
ok
ENSG00000188916
ok
ENSG00000183921
ok
ENSG00000204681
ok
ENSG00000138030
ok
ENSG00000108839
ok
ENSG00000171320
ok
ENSG00000139641
ok
ENSG00000184368
ok
ENSG00000176273
ok
ENSG00000154096
ok
ENSG00000180488
ok
ENSG00000164326
ok
ENSG00000186260
ok
ENSG00000023902
ok
ENSG00000104067
ok
ENSG00000135632
ok
ENSG00000168453
ok
ENSG00000204248
ok
ENSG00000075413
ok
ENSG00000105967
ok
ENSG00000135083
ok
ENSG00000158528
ok
ENSG00000179046
ok
ENSG00000078900
ok
ENSG00000153237
ok
ENSG00000158966
ok
ENSG00000129295
ok
ENSG00000173093
ok
ENSG00000153815
ok
ENSG00000116874
ok
ENSG00000185559
ok
ENSG00000141526
ok
ENSG00000131089
ok
ENSG00000135269
ok
ENSG00000105887
ok
ENSG00000154945
ok
ENSG00000145861
ok
ENSG00000017483
ok
ENSG00000114784
ok
ENSG00000170011
ok
ENSG00000030066
ok
ENSG00000105971
ok
ENSG00000104635
ok
ENSG00000134294
ok
ENSG00000111245
ok
ENSG00000180879
ok
ENSG00000203995
ok
ENSG00000113194
ok
ENSG00000103319
ok
ENSG00000100368
ok
ENSG00000148090
ok
ENSG00000108602
ok
ENSG00000157827
ok
ENSG00000111249
ok
ENSG00000123243
ok
ENSG00000182504
ok
ENSG00000089723
ok
ENSG00000163710
ok
ENSG00000137948
ok
ENSG00000085871
ok
ENSG00000256043
ok
ENSG00000162434
ok
ENSG00000188313
ok
ENSG00000101181
ok
ENSG00000221886
ok
ENSG00000110514
ok
ENSG00000150394
ok
ENSG00000070731
ok
ENSG00000051523
ok
ENSG00000215018
ok
ENSMMUG00000006468
ok
ENSTSYG00000032425
ok
ENSOGAG00000003431
ok
ENSSBOG00000026484
ok
ENSPTRG00000004783
ok
ENSNLEG00000005400
ok
ENSMICG00000035135
ok
ENSPPYG00000004375
ok
ENSPPAG00000032185
ok
ENSCJAG00000043357
ok
ENSGGOG00000023849
ok
ENSPCOG00000025820
ok
ENSMFAG00000043095
ok
ENSRROG00000031733
ok
ENSMLEG00000036726
ok
ENSPSMG00000018233
ok
ENSTGEG00000027069
ok
ENSCCAG00000025617
ok
ENSCANG00000040321
ok
ENSRBIG00000040847
ok
ENSCSAG00000007670
ok
ENSPANG00000001088
ok
ENSANAG00000035478
ok
ENSCATG00000044835
ok
ENSMNEG00000029096
ok
ENSPTEG00000030315
ok
ENSMMUG00000007544
ok
ENSTSYG00000027138
ok
ENSOGAG00000009440
ok
ENSSBOG00000034178
ok
ENSPTRG00000004904
ok
ENSNLEG00000017830
ok
ENSMICG00000016409
ok
ENSPPYG00000004485
ok
ENSPPAG00000030045
ok
ENSCJAG00000020910
ok
ENSGGOG00000012528
ok
ENSPCOG00000020936
ok
ENSMFAG00000021053
ok
ENSRROG00000041094
ok
ENSMLEG00000035849
ok
ENSPSMG00000017778
ok
ENSTGEG00000001783
ok
ENSCCAG00000036621
ok
ENSCANG00000038920
ok
ENSRBIG00000000994
ok
ENSCSAG00000006131
ok
ENSPANG00000012632
ok
ENSANAG00000032177
ok
ENSCATG00000043456
ok
ENSMNEG00000039086
ok
ENSPTEG00000007873
ok
ENSMMUG00000019012
ok
ENSTSYG00000034402
ok
ENSOGAG00000016509
ok
ENSSBOG00000031069
ok
ENSPTRG00000003897
ok
ENSNLEG00000005884
ok
ENSMICG00000012803
ok
ENSPPYG00000003045
ok
ENSPPAG00000028608
ok
ENSCJAG00000001847
ok
ENSGGOG00000010836
ok
ENSPCOG00000023038
ok
ENSMFAG00000033077
ok
ENSRROG00000033390
ok
ENSMLEG00000028906
ok
ENSPSMG00000022755
ok
ENSTGEG00000007691
ok
ENSCCAG00000020038
ok
ENSCANG00000039529
ok
ENSRBIG00000034539
ok
ENSCSAG00000008035
ok
ENSPANG00000001161
ok
ENSANAG00000036221
ok
ENSCATG00000038612
ok
ENSMNEG00000042669
ok
ENSPTEG00000032311
ok
ENSMMUG00000017615
ok
ENSTSYG00000034736
ok
ENSOGAG00000029811
ok
ENSSBOG00000024962
ok
ENSPTRG00000008446
ok
ENSNLEG00000011527
ok
ENSMICG00000034441
ok
ENSPPYG00000007629
ok
ENSPPAG00000032523
ok
ENSCJAG00000004460
ok
ENSGGOG00000026113
ok
ENSPCOG00000003282
ok
ENSMFAG00000044504
ok
ENSRROG00000040386
ok
ENSMLEG00000043156
ok
ENSPSMG00000008326
ok
ENSTGEG00000019729
ok
ENSCCAG00000024606
ok
ENSCANG00000033306
ok
ENSRBIG00000039663
ok
ENSCSAG00000003131
ok
ENSPANG00000022199
ok
ENSANAG00000035488
ok
ENSCATG00000035317
ok
ENSMNEG00000045229
ok
ENSPTEG00000015940
ok
ENSMMUG00000022625
ok
ENSTSYG00000035236
ok
ENSOGAG00000001178
ok
ENSSBOG00000002633
ok
ENSPTRG00000010996
ok
ENSNLEG00000000416
ok
ENSMICG00000026838
ok
ENSPPYG00000009991
ok
ENSPPAG00000033658
ok
ENSCJAG00000014649
ok
ENSGGOG00000011031
ok
ENSPCOG00000018737
ok
ENSMFAG00000044290
ok
ENSRROG00000030389
ok
ENSMLEG00000036387
ok
ENSPSMG00000022548
ok
ENSTGEG00000024327
ok
ENSCCAG00000026015
ok
ENSCANG00000030675
ok
ENSRBIG00000006899
ok
ENSCSAG00000003728
ok
ENSPANG00000010722
ok
ENSANAG00000017711
ok
ENSCATG00000039380
ok
ENSMNEG00000039011
ok
ENSPTEG00000036678
ok
ENSMMUG00000003548
ok
ENSTSYG00000009819
ok
ENSOGAG00000005295
ok
ENSSBOG00000027856
ok
ENSPTRG00000002944
ok
ENSNLEG00000015701
ok
ENSMICG00000043013
ok
ENSPPYG00000002656
ok
ENSPPAG00000033959
ok
ENSCJAG00000018940
ok
ENSGGOG00000009163
ok
ENSPCOG00000009393
ok
ENSMFAG00000036424
ok
ENSRROG00000042168
ok
ENSMLEG00000035432
ok
ENSPSMG00000017301
ok
ENSTGEG00000023879
ok
ENSCCAG00000018317
ok
ENSCANG00000000621
ok
ENSRBIG00000043297
ok
ENSCSAG00000005141
ok
ENSPANG00000020793
ok
ENSANAG00000036218
ok
ENSCATG00000039438
ok
ENSMNEG00000025162
ok
ENSPTEG00000029395
ok
ENSMMUG00000017806
ok
ENSTSYG00000006438
ok
ENSOGAG00000008674
ok
ENSSBOG00000020327
ok
ENSPTRG00000018349
ok
ENSNLEG00000004794
ok
ENSMICG00000009612
ok
ENSPPYG00000016779
ok
ENSPPAG00000029267
ok
ENSCJAG00000010082
ok
ENSGGOG00000004082
ok
ENSPCOG00000015200
ok
ENSMFAG00000044576
ok
ENSRROG00000043905
ok
ENSMLEG00000018460
ok
ENSPSMG00000004758
ok
ENSTGEG00000013444
ok
ENSCCAG00000027471
ok
ENSCANG00000041607
ok
ENSRBIG00000043018
ok
ENSCSAG00000014064
ok
ENSPANG00000025498
ok
ENSANAG00000037433
ok
ENSCATG00000041228
ok
ENSMNEG00000033808
ok
ENSPTEG00000025374
ok
ENSMMUG00000014106
ok
ENSTSYG00000033903
ok
ENSOGAG00000014169
ok
ENSSBOG00000021144
ok
ENSPTRG00000014535
ok
ENSNLEG00000000606
ok
ENSMICG00000027958
ok
ENSPPYG00000011980
ok
ENSPPAG00000029760
ok
ENSCJAG00000003322
ok
ENSGGOG00000014464
ok
ENSPCOG00000018807
ok
ENSMFAG00000034798
ok
ENSRROG00000038852
ok
ENSMLEG00000037798
ok
ENSPSMG00000018037
ok
ENSTGEG00000001948
ok
ENSCCAG00000031607
ok
ENSCANG00000030236
ok
ENSRBIG00000028039
ok
ENSCSAG00000004951
ok
ENSPANG00000016972
ok
ENSANAG00000034296
ok
ENSCATG00000034080
ok
ENSMNEG00000042652
ok
ENSPTEG00000007490
ok
ENSMMUG00000003145
ok
ENSTSYG00000014532
ok
ENSOGAG00000013078
ok
ENSSBOG00000021100
ok
ENSPTRG00000048168
ok
ENSNLEG00000007481
ok
ENSMICG00000016759
ok
ENSPPYG00000004055
ok
ENSPPAG00000035367
ok
ENSCJAG00000009078
ok
ENSGGOG00000028551
ok
ENSPCOG00000017726
ok
ENSMFAG00000041999
ok
ENSRROG00000041908
ok
ENSMLEG00000042367
ok
ENSPSMG00000008946
ok
ENSTGEG00000028527
ok
ENSCCAG00000021826
ok
ENSCANG00000029999
ok
ENSRBIG00000020784
ok
ENSCSAG00000002236
ok
ENSPANG00000004683
ok
ENSANAG00000004276
ok
ENSCATG00000012196
ok
ENSMNEG00000029242
ok
ENSPTEG00000001251
ok
ENSMMUG00000001359
ok
ENSTSYG00000008590
ok
ENSOGAG00000010071
ok
ENSSBOG00000028650
ok
ENSPTRG00000004802
ok
ENSNLEG00000005730
ok
ENSMICG00000010650
ok
ENSPPYG00000004394
ok
ENSPPAG00000041410
ok
ENSCJAG00000001080
ok
ENSGGOG00000006182
ok
ENSPCOG00000024022
ok
ENSMFAG00000025167
ok
ENSRROG00000033123
ok
ENSMLEG00000034760
ok
ENSPSMG00000005874
ok
ENSTGEG00000028180
ok
ENSCCAG00000027709
ok
ENSCANG00000035343
ok
ENSRBIG00000033178
ok
ENSCSAG00000007446
ok
ENSPANG00000005858
ok
ENSANAG00000035460
ok
ENSCATG00000031463
ok
ENSMNEG00000029750
ok
ENSPTEG00000027690
ok
ENSMMUG00000010440
ok
ENSTSYG00000011776
ok
ENSOGAG00000001459
ok
ENSSBOG00000024320
ok
ENSPTRG00000020589
ok
ENSNLEG00000005650
ok
ENSMICG00000045984
ok
ENSPPYG00000018885
ok
ENSPPAG00000037493
ok
ENSCJAG00000004325
ok
ENSGGOG00000015786
ok
ENSPCOG00000017518
ok
ENSMFAG00000000140
ok
ENSRROG00000000947
ok
ENSMLEG00000023634
ok
ENSPSMG00000003629
ok
ENSTGEG00000011625
ok
ENSCCAG00000029810
ok
ENSCANG00000036941
ok
ENSRBIG00000035736
ok
ENSCSAG00000010082
ok
ENSPANG00000021038
ok
ENSANAG00000034325
ok
ENSCATG00000034246
ok
ENSMNEG00000040109
ok
ENSPTEG00000030290
ok
ENSMMUG00000012314
ok
ENSTSYG00000010646
ok
ENSOGAG00000007919
ok
ENSSBOG00000028115
ok
ENSPTRG00000013693
ok
ENSNLEG00000015745
ok
ENSMICG00000004615
ok
ENSPPYG00000011193
ok
ENSPPAG00000031709
ok
ENSCJAG00000042612
ok
ENSGGOG00000000182
ok
ENSPCOG00000027008
ok
ENSMFAG00000042158
ok
ENSRROG00000029814
ok
ENSMLEG00000040626
ok
ENSPSMG00000019629
ok
ENSTGEG00000010734
ok
ENSCCAG00000022146
ok
ENSCANG00000012137
ok
ENSRBIG00000040281
ok
ENSCSAG00000015698
ok
ENSPANG00000011746
ok
ENSANAG00000021592
ok
ENSCATG00000042334
ok
ENSMNEG00000020065
ok
ENSPTEG00000005261
ok
ENSMMUG00000006355
ok
ENSTSYG00000014153
ok
ENSOGAG00000012396
ok
ENSSBOG00000033686
ok
ENSPTRG00000003555
ok
ENSNLEG00000014283
ok
ENSMICG00000007010
ok
ENSPPYG00000003314
ok
ENSPPAG00000040870
ok
ENSCJAG00000019962
ok
ENSGGOG00000008547
ok
ENSPCOG00000013763
ok
ENSMFAG00000038437
ok
ENSRROG00000045631
ok
ENSMLEG00000040490
ok
ENSPSMG00000022997
ok
ENSTGEG00000026509
ok
ENSCCAG00000028967
ok
ENSCANG00000028356
ok
ENSRBIG00000040070
ok
ENSCSAG00000005689
ok
ENSPANG00000001891
ok
ENSANAG00000037882
ok
ENSCATG00000034976
ok
ENSMNEG00000043208
ok
ENSPTEG00000032815
ok
ENSMMUG00000019902
ok
ENSTSYG00000014600
ok
ENSOGAG00000014884
ok
ENSSBOG00000025598
ok
ENSPTRG00000008130
ok
ENSNLEG00000001861
ok
ENSMICG00000003847
ok
ENSPPYG00000007364
ok
ENSPPAG00000041202
ok
ENSCJAG00000012741
ok
ENSGGOG00000041520
ok
ENSPCOG00000022395
ok
ENSMFAG00000042034
ok
ENSRROG00000045026
ok
ENSMLEG00000043009
ok
ENSPSMG00000015776
ok
ENSTGEG00000024244
ok
ENSCCAG00000028350
ok
ENSCANG00000032507
ok
ENSRBIG00000037299
ok
ENSCSAG00000005139
ok
ENSPANG00000015100
ok
ENSANAG00000032893
ok
ENSCATG00000042472
ok
ENSMNEG00000042160
ok
ENSPTEG00000022444
ok
ENSMMUG00000011071
ok
ENSTSYG00000004822
ok
ENSOGAG00000014441
ok
ENSSBOG00000004896
ok
ENSPTRG00000007279
ok
ENSNLEG00000014577
ok
ENSMICG00000043190
ok
ENSPPYG00000006642
ok
ENSPPAG00000040143
ok
ENSCJAG00000017681
ok
ENSGGOG00000003552
ok
ENSPCOG00000013364
ok
ENSMFAG00000043074
ok
ENSRROG00000034959
ok
ENSMLEG00000030372
ok
ENSPSMG00000007230
ok
ENSTGEG00000028270
ok
ENSCCAG00000021663
ok
ENSCANG00000028699
ok
ENSRBIG00000019488
ok
ENSCSAG00000014239
ok
ENSPANG00000015997
ok
ENSANAG00000024078
ok
ENSCATG00000037511
ok
ENSMNEG00000035316
ok
ENSPTEG00000023801
ok
ENSMMUG00000015543
ok
ENSTSYG00000036953
ok
ENSOGAG00000004826
ok
ENSSBOG00000028241
ok
ENSPTRG00000019604
ok
ENSNLEG00000011346
ok
ENSMICG00000007451
ok
ENSPPYG00000017920
ok
ENSPPAG00000042305
ok
ENSCJAG00000016982
ok
ENSGGOG00000017194
ok
ENSPCOG00000017402
ok
ENSMFAG00000022462
ok
ENSRROG00000039550
ok
ENSMLEG00000032724
ok
ENSPSMG00000009717
ok
ENSTGEG00000015290
ok
ENSCCAG00000034296
ok
ENSCANG00000039765
ok
ENSRBIG00000039130
ok
ENSCSAG00000011110
ok
ENSPANG00000025365
ok
ENSANAG00000020281
ok
ENSCATG00000045315
ok
ENSMNEG00000045244
ok
ENSPTEG00000021796
ok
ENSMMUG00000045352
ok
ENSTSYG00000029720
ok
ENSOGAG00000013617
ok
ENSSBOG00000024519
ok
ENSPTRG00000017524
ok
ENSNLEG00000000334
ok
ENSMICG00000012403
ok
ENSPPYG00000016038
ok
ENSPPAG00000043852
ok
ENSCJAG00000019329
ok
ENSGGOG00000007226
ok
ENSPCOG00000028662
ok
ENSMFAG00000038560
ok
ENSRROG00000044210
ok
ENSMLEG00000029867
ok
ENSPSMG00000017028
ok
ENSTGEG00000012130
ok
ENSCCAG00000025826
ok
ENSCANG00000042858
ok
ENSRBIG00000042277
ok
ENSCSAG00000009667
ok
ENSPANG00000017661
ok
ENSANAG00000028876
ok
ENSCATG00000040646
ok
ENSMNEG00000039895
ok
ENSPTEG00000032464
ok
ENSMMUG00000004215
ok
ENSTSYG00000028881
ok
ENSOGAG00000032892
ok
ENSSBOG00000015385
ok
ENSPTRG00000046886
ok
ENSNLEG00000014270
ok
ENSMICG00000042880
ok
ENSPPYG00000012640
ok
ENSPPAG00000000774
ok
ENSCJAG00000046159
ok
ENSGGOG00000039574
ok
ENSPCOG00000007737
ok
ENSMFAG00000027588
ok
ENSRROG00000010790
ok
ENSMLEG00000014430
ok
ENSPSMG00000008472
ok
ENSTGEG00000016989
ok
ENSCCAG00000019002
ok
ENSCANG00000011467
ok
ENSRBIG00000004537
ok
ENSCSAG00000000375
ok
ENSPANG00000018765
ok
ENSANAG00000010804
ok
ENSCATG00000021787
ok
ENSMNEG00000027054
ok
ENSPTEG00000022706
ok
ENSMMUG00000007152
ok
ENSTSYG00000036624
ok
ENSOGAG00000007415
ok
ENSSBOG00000022572
ok
ENSPTRG00000020680
ok
ENSNLEG00000010468
ok
ENSMICG00000015597
ok
ENSPPYG00000018962
ok
ENSPPAG00000036790
ok
ENSCJAG00000021452
ok
ENSGGOG00000027471
ok
ENSPCOG00000027890
ok
ENSMFAG00000038852
ok
ENSRROG00000041299
ok
ENSMLEG00000016210
ok
ENSPSMG00000025323
ok
ENSTGEG00000018173
ok
ENSCCAG00000036190
ok
ENSCANG00000036973
ok
ENSRBIG00000041448
ok
ENSCSAG00000008778
ok
ENSPANG00000032690
ok
ENSANAG00000027556
ok
ENSCATG00000036395
ok
ENSMNEG00000003728
ok
ENSPTEG00000024516
ok
ENSMMUG00000017324
ok
ENSTSYG00000025530
ok
ENSOGAG00000027006
ok
ENSSBOG00000034697
ok
ENSPTRG00000002185
ok
ENSNLEG00000004117
ok
ENSMICG00000005649
ok
ENSPPYG00000000048
ok
ENSPPAG00000036407
ok
ENSCJAG00000016866
ok
ENSGGOG00000010397
ok
ENSPCOG00000022607
ok
ENSMFAG00000023144
ok
ENSRROG00000034054
ok
ENSMLEG00000033132
ok
ENSPSMG00000021984
ok
ENSTGEG00000018118
ok
ENSCCAG00000031008
ok
ENSCANG00000031161
ok
ENSRBIG00000037736
ok
ENSCSAG00000009182
ok
ENSPANG00000009793
ok
ENSANAG00000030464
ok
ENSCATG00000040207
ok
ENSMNEG00000043221
ok
ENSPTEG00000002064
ok
ENSMMUG00000016900
ok
ENSTSYG00000028135
ok
ENSOGAG00000005271
ok
ENSSBOG00000020242
ok
ENSPTRG00000001158
ok
ENSNLEG00000005178
ok
ENSMICG00000009691
ok
ENSPPYG00000000978
ok
ENSPPAG00000043179
ok
ENSCJAG00000005961
ok
ENSGGOG00000011825
ok
ENSPCOG00000013705
ok
ENSMFAG00000038301
ok
ENSRROG00000044241
ok
ENSMLEG00000033407
ok
ENSPSMG00000015068
ok
ENSTGEG00000007578
ok
ENSCCAG00000034342
ok
ENSCANG00000039053
ok
ENSRBIG00000044418
ok
ENSCSAG00000001697
ok
ENSPANG00000023468
ok
ENSANAG00000034823
ok
ENSCATG00000034409
ok
ENSMNEG00000040097
ok
ENSPTEG00000033079
ok
ENSMMUG00000021699
ok
ENSTSYG00000004024
ok
ENSOGAG00000014001
ok
ENSSBOG00000034936
ok
ENSPTRG00000017479
