ENSG00000137413
ok
ENSG00000144619
ok
ENSG00000133800
ok
ENSG00000111962
ok
ENSG00000007392
ok
ENSG00000118898
ok
ENSG00000072952
ok
ENSG00000150459
ok
ENSG00000055208
ok
ENSG00000168813
ok
ENSG00000168944
ok
ENSG00000164142
ok
ENSG00000152611
ok
ENSG00000103310
ok
ENSG00000186566
ok
ENSG00000181778
ok
ENSG00000150764
ok
ENSG00000145495
ok
ENSG00000178904
ok
ENSG00000156299
ok
ENSG00000132965
ok
ENSG00000104679
ok
ENSG00000114473
ok
ENSG00000130844
ok
ENSG00000103647
ok
ENSG00000058404
ok
ENSG00000102802
ok
ENSG00000175664
ok
ENSG00000055813
ok
ENSG00000105672
ok
ENSG00000101190
ok
ENSG00000139880
ok
ENSG00000022277
ok
ENSG00000105063
ok
ENSG00000170946
ok
ENSG00000141161
ok
ENSG00000196209
ok
ENSG00000164930
ok
ENSG00000158258
ok
ENSG00000088833
ok
ENSG00000091157
ok
ENSG00000090432
ok
ENSG00000160214
ok
ENSG00000256525
ok
ENSG00000153266
ok
ENSG00000137497
ok
ENSG00000107099
ok
ENSG00000198838
ok
ENSG00000159322
ok
ENSG00000134109
ok
ENSG00000182010
ok
ENSG00000158825
ok
ENSG00000123552
ok
ENSG00000139973
ok
ENSG00000148700
ok
ENSG00000142197
ok
ENSG00000128731
ok
ENSG00000143951
ok
ENSG00000256463
ok
ENSG00000136840
ok
ENSG00000068650
ok
ENSG00000132437
ok
ENSG00000070269
ok
ENSG00000140474
ok
ENSG00000134013
ok
ENSG00000177302
ok
ENSG00000083814
ok
ENSG00000147526
ok
ENSG00000146592
ok
ENSG00000007541
ok
ENSG00000185133
ok
ENSG00000155890
ok
ENSG00000154065
ok
ENSG00000095627
ok
ENSG00000132915
ok
ENSG00000173991
ok
ENSG00000131748
ok
ENSG00000107242
ok
ENSG00000093072
ok
ENSG00000107771
ok
ENSG00000180329
ok
ENSG00000149256
ok
ENSG00000091844
ok
ENSG00000166069
ok
ENSG00000112739
ok
ENSG00000048545
ok
ENSG00000059691
ok
ENSG00000188517
ok
ENSG00000169085
ok
ENSG00000122012
ok
ENSG00000115241
ok
ENSG00000126746
ok
ENSG00000069122
ok
ENSG00000067082
ok
ENSG00000169032
ok
ENSG00000106948
ok
ENSG00000258890
ok
ENSG00000117000
ok
ENSG00000137310
ok
ENSG00000129221
ok
ENSG00000138119
ok
ENSG00000134871
ok
ENSG00000178199
ok
ENSG00000113716
ok
ENSG00000108854
ok
ENSG00000184924
ok
ENSG00000150773
ok
ENSG00000133398
ok
ENSG00000155850
ok
ENSG00000138031
ok
ENSG00000148154
ok
ENSG00000134061
ok
ENSG00000173926
ok
ENSG00000184787
ok
ENSG00000109756
ok
ENSG00000100320
ok
ENSG00000206418
ok
ENSG00000150768
ok
ENSG00000108947
ok
ENSG00000266524
ok
ENSG00000123219
ok
ENSG00000176029
ok
ENSG00000167695
ok
ENSG00000160013
ok
ENSG00000123191
ok
ENSG00000166407
ok
ENSG00000166452
ok
ENSG00000152583
ok
ENSG00000174611
ok
ENSG00000122550
ok
ENSG00000263761
ok
ENSG00000163440
ok
ENSG00000153292
ok
ENSG00000196353
ok
ENSG00000104371
ok
ENSG00000165409
ok
ENSG00000165816
ok
ENSG00000124104
ok
ENSG00000154928
ok
ENSG00000132004
ok
ENSG00000188800
ok
ENSG00000163820
ok
ENSG00000168502
ok
ENSG00000013293
ok
ENSG00000072110
ok
ENSG00000133265
ok
ENSG00000122877
ok
ENSG00000100221
ok
ENSG00000137573
ok
ENSG00000125733
ok
ENSG00000133739
ok
ENSG00000100030
ok
ENSG00000105668
ok
ENSG00000164291
ok
ENSG00000265203
ok
ENSG00000164236
ok
ENSG00000163879
ok
ENSG00000148842
ok
ENSG00000109111
ok
ENSG00000185008
ok
ENSG00000197905
ok
ENSG00000031003
ok
ENSG00000108799
ok
ENSG00000182771
ok
ENSG00000115392
ok
ENSG00000164068
ok
ENSG00000113161
ok
ENSG00000108509
ok
ENSG00000129595
ok
ENSG00000157554
ok
ENSG00000113119
ok
ENSG00000180776
ok
ENSG00000145949
ok
ENSG00000166068
ok
ENSG00000124496
ok
ENSG00000164932
ok
ENSG00000078795
ok
ENSG00000100034
ok
ENSG00000100351
ok
ENSG00000009954
ok
ENSG00000161649
ok
ENSG00000084073
ok
ENSG00000170458
ok
ENSG00000100038
ok
ENSG00000113163
ok
ENSG00000169129
ok
ENSG00000157036
ok
ENSG00000135346
ok
ENSG00000164794
ok
ENSG00000166794
ok
ENSG00000073464
ok
ENSG00000127418
ok
ENSG00000157734
ok
ENSG00000067141
ok
ENSG00000185585
ok
ENSG00000080839
ok
ENSG00000196388
ok
ENSG00000211452
ok
ENSG00000173540
ok
ENSG00000140538
ok
ENSG00000182578
ok
ENSG00000091622
ok
ENSG00000105701
ok
ENSG00000100813
ok
ENSG00000145757
ok
ENSG00000138738
ok
ENSG00000115756
ok
ENSG00000099954
ok
ENSG00000169856
ok
ENSG00000176406
ok
ENSG00000133477
ok
ENSG00000134070
ok
ENSG00000115355
ok
ENSG00000122692
ok
ENSG00000151322
ok
ENSG00000144635
ok
ENSG00000106635
ok
ENSG00000106066
ok
ENSG00000167106
ok
ENSG00000068079
ok
ENSG00000065491
ok
ENSG00000137033
ok
ENSG00000035720
ok
ENSG00000167674
ok
ENSG00000014257
ok
ENSG00000164050
ok
ENSG00000168843
ok
ENSG00000151470
ok
ENSG00000132635
ok
ENSG00000164187
ok
ENSG00000136240
ok
ENSG00000113555
ok
ENSG00000013561
ok
ENSG00000164292
ok
ENSG00000183914
ok
ENSG00000152592
ok
ENSG00000146039
ok
ENSG00000121764
ok
ENSG00000183255
ok
ENSG00000132670
ok
ENSG00000077684
ok
ENSG00000162086
ok
ENSG00000124535
ok
ENSG00000113657
ok
ENSG00000105576
ok
ENSG00000139193
ok
ENSG00000139192
ok
ENSG00000105287
ok
ENSG00000184507
ok
ENSG00000006194
ok
ENSG00000165282
ok
ENSG00000225663
ok
ENSG00000183023
ok
ENSG00000184470
ok
ENSG00000126368
ok
ENSG00000099204
ok
ENSG00000164615
ok
ENSG00000139190
ok
ENSG00000138942
ok
ENSG00000167699
ok
ENSG00000112280
ok
ENSG00000130382
ok
ENSG00000145794
ok
ENSG00000139044
ok
ENSG00000272333
ok
ENSG00000138802
ok
ENSG00000166135
ok
ENSG00000029559
ok
ENSG00000145012
ok
ENSG00000107249
ok
ENSG00000171236
ok
ENSG00000126246
ok
ENSG00000156304
ok
ENSG00000075826
ok
ENSG00000167880
ok
ENSG00000100934
ok
ENSG00000164494
ok
ENSG00000250506
ok
ENSG00000095713
ok
ENSG00000174442
ok
ENSG00000122008
ok
ENSG00000161533
ok
ENSG00000161558
ok
ENSG00000177045
ok
ENSG00000176049
ok
ENSG00000158270
ok
ENSG00000101191
ok
ENSG00000155265
ok
ENSG00000108405
ok
ENSG00000278540
ok
ENSG00000095261
ok
ENSG00000152595
ok
ENSG00000116138
ok
ENSG00000146374
ok
ENSG00000143867
ok
ENSG00000117245
ok
ENSG00000101391
ok
ENSG00000122034
ok
ENSG00000132510
ok
ENSG00000134815
ok
ENSG00000163577
ok
ENSG00000277363
ok
ENSG00000162341
ok
ENSG00000168067
ok
ENSG00000103316
ok
ENSG00000123908
ok
ENSG00000188994
ok
ENSG00000130413
ok
ENSG00000167525
ok
ENSG00000122033
ok
ENSG00000126785
ok
ENSG00000100983
ok
ENSG00000175311
ok
ENSG00000171988
ok
ENSG00000157017
ok
ENSG00000138180
ok
ENSG00000159259
ok
ENSG00000140575
ok
ENSG00000121797
ok
ENSG00000196116
ok
ENSG00000138207
ok
ENSG00000203872
ok
ENSG00000159256
ok
ENSG00000169499
ok
ENSG00000138079
ok
ENSG00000106483
ok
ENSG00000141480
ok
ENSG00000086288
ok
ENSG00000095303
ok
ENSG00000124198
ok
ENSG00000099889
ok
ENSG00000171552
ok
ENSG00000123159
ok
ENSG00000188501
ok
ENSG00000106638
ok
ENSG00000073146
ok
ENSG00000112972
ok
ENSG00000100246
ok
ENSG00000164509
ok
ENSG00000130560
ok
ENSG00000173846
ok
ENSG00000085117
ok
ENSG00000176209
ok
ENSG00000112038
ok
ENSG00000047662
ok
ENSG00000100979
ok
ENSG00000100242
ok
ENSG00000136937
ok
ENSG00000168575
ok
ENSG00000138078
ok
ENSG00000104154
ok
ENSG00000275023
ok
ENSG00000137145
ok
ENSG00000108576
ok
ENSG00000112115
ok
ENSG00000136925
ok
ENSG00000112116
ok
ENSG00000083307
ok
ENSG00000154001
ok
ENSG00000136842
ok
ENSG00000112118
ok
ENSG00000113721
ok
ENSG00000130731
ok
ENSG00000101193
ok
ENSG00000103245
ok
ENSG00000172179
ok
ENSG00000136935
ok
ENSG00000169764
ok
ENSG00000196235
ok
ENSG00000144741
ok
ENSG00000182541
ok
ENSG00000198087
ok
ENSG00000173611
ok
ENSG00000141668
ok
ENSG00000087157
ok
ENSG00000070367
ok
ENSG00000187091
ok
ENSG00000148335
ok
ENSG00000046653
ok
ENSG00000112130
ok
ENSG00000165124
ok
ENSG00000184937
ok
ENSG00000171148
ok
ENSG00000124568
ok
ENSG00000145725
ok
ENSG00000095464
ok
ENSG00000148331
ok
ENSG00000186625
ok
ENSG00000053770
ok
ENSG00000168916
ok
ENSG00000169218
ok
ENSG00000134072
ok
ENSG00000061337
ok
ENSG00000119403
ok
ENSG00000146285
ok
ENSG00000181904
ok
ENSG00000169490
ok
ENSG00000108828
ok
ENSG00000157557
ok
ENSG00000137076
ok
ENSG00000164543
ok
ENSG00000105467
ok
ENSG00000178522
ok
ENSG00000012223
ok
ENSG00000050730
ok
ENSG00000186642
ok
ENSG00000157570
ok
ENSG00000120907
ok
ENSG00000139687
ok
ENSG00000044446
ok
ENSG00000198092
ok
ENSG00000137868
ok
ENSG00000101194
ok
ENSG00000109163
ok
ENSG00000184347
ok
ENSG00000137502
ok
ENSG00000187054
ok
ENSG00000100354
ok
ENSG00000182224
ok
ENSG00000161395
ok
ENSG00000125843
ok
ENSG00000164916
ok
ENSG00000170004
ok
ENSG00000120694
ok
ENSG00000175274
ok
ENSG00000101400
ok
ENSG00000096696
ok
ENSG00000105438
ok
ENSG00000189410
ok
ENSG00000121068
ok
ENSG00000136161
ok
ENSG00000145675
ok
ENSG00000011105
ok
ENSG00000141736
ok
ENSG00000105464
ok
ENSG00000157106
ok
ENSG00000090989
ok
ENSG00000177511
ok
ENSG00000117425
ok
ENSG00000137509
ok
ENSG00000277258
ok
ENSG00000111652
ok
ENSG00000112658
ok
ENSG00000102678
ok
ENSG00000117408
ok
ENSG00000158865
ok
ENSG00000064607
ok
ENSG00000155304
ok
ENSG00000166024
ok
ENSG00000172575
ok
ENSG00000099958
ok
ENSG00000138604
ok
ENSG00000104763
ok
ENSG00000166415
ok
ENSG00000066926
ok
ENSG00000135363
ok
ENSG00000131023
ok
ENSG00000108830
ok
ENSG00000151458
ok
ENSG00000176454
ok
ENSG00000183960
ok
ENSG00000132465
ok
ENSG00000101958
ok
ENSG00000151882
ok
ENSG00000278505
ok
ENSG00000151881
ok
ENSG00000242802
ok
ENSG00000171587
ok
ENSG00000108883
ok
ENSG00000099817
ok
ENSG00000100319
ok
ENSG00000125779
ok
ENSG00000129250
ok
ENSG00000122375
ok
ENSG00000132199
ok
ENSG00000141497
ok
ENSG00000155307
ok
ENSG00000198730
ok
ENSG00000116922
ok
ENSG00000164220
ok
ENSG00000073711
ok
ENSG00000101236
ok
ENSG00000137414
ok
ENSG00000076344
ok
ENSG00000088325
ok
ENSG00000182676
ok
ENSG00000188001
ok
ENSG00000056558
ok
ENSG00000137200
ok
ENSG00000106688
ok
ENSG00000145506
ok
ENSG00000159263
ok
ENSG00000163581
ok
ENSG00000106686
ok
ENSG00000082269
ok
ENSG00000101327
ok
ENSG00000215045
ok
ENSG00000171311
ok
ENSG00000079101
ok
ENSG00000112624
ok
ENSMMUG00000012470
ok
ENSTSYG00000007576
ok
ENSOGAG00000016885
ok
ENSSBOG00000025407
ok
ENSPTRG00000018165
ok
ENSNLEG00000004816
ok
ENSMICG00000031201
ok
ENSPPYG00000016608
ok
ENSPPAG00000003755
ok
ENSCJAG00000004292
ok
ENSGGOG00000011576
ok
ENSPCOG00000024880
ok
ENSMFAG00000037574
ok
ENSRROG00000039649
ok
ENSMLEG00000038495
ok
ENSPSMG00000015571
ok
ENSTGEG00000029610
ok
ENSCCAG00000019516
ok
ENSCANG00000028285
ok
ENSRBIG00000040154
ok
ENSCSAG00000011346
ok
ENSPANG00000016963
ok
ENSANAG00000027075
ok
ENSCATG00000042087
ok
ENSMNEG00000037201
ok
ENSPTEG00000035875
ok
ENSMMUG00000001847
ok
ENSTSYG00000004268
ok
ENSOGAG00000007059
ok
ENSSBOG00000025686
ok
ENSPTRG00000014562
ok
ENSNLEG00000003113
ok
ENSMICG00000016581
ok
ENSPPYG00000013704
ok
ENSPPAG00000030378
ok
ENSCJAG00000015394
ok
ENSGGOG00000001075
ok
ENSPCOG00000022861
ok
ENSMFAG00000031919
ok
ENSRROG00000038142
ok
ENSMLEG00000030078
ok
ENSPSMG00000021437
ok
ENSTGEG00000023937
ok
ENSCCAG00000026651
ok
ENSCANG00000017799
ok
ENSRBIG00000028848
ok
ENSCSAG00000011111
ok
ENSPANG00000011250
ok
ENSANAG00000030047
ok
ENSCATG00000013943
ok
ENSMNEG00000044169
ok
ENSPTEG00000030553
ok
ENSMMUG00000015790
ok
ENSTSYG00000001649
ok
ENSOGAG00000001766
ok
ENSSBOG00000023211
ok
ENSPTRG00000003359
ok
ENSNLEG00000017602
ok
ENSMICG00000008609
ok
ENSPPYG00000003488
ok
ENSPPAG00000040153
ok
ENSCJAG00000011002
ok
ENSGGOG00000027082
ok
ENSPCOG00000027751
ok
ENSMFAG00000031520
ok
ENSRROG00000044684
ok
ENSMLEG00000035470
ok
ENSPSMG00000021055
ok
ENSTGEG00000016274
ok
ENSCCAG00000034644
ok
ENSCANG00000036385
ok
ENSRBIG00000032592
ok
ENSCSAG00000004570
ok
ENSPANG00000014363
ok
ENSANAG00000034004
ok
ENSCATG00000009025
ok
ENSMNEG00000019818
ok
ENSPTEG00000007371
ok
ENSMMUG00000014360
ok
ENSTSYG00000002258
ok
ENSOGAG00000003801
ok
ENSSBOG00000022454
ok
ENSPTRG00000018689
ok
ENSNLEG00000015303
ok
ENSMICG00000014507
ok
ENSPPYG00000017083
ok
ENSPPAG00000027785
ok
ENSCJAG00000019562
ok
ENSGGOG00000043927
ok
ENSPCOG00000021446
ok
ENSMFAG00000036448
ok
ENSRROG00000045759
ok
ENSMLEG00000037474
ok
ENSPSMG00000019453
ok
ENSTGEG00000027522
ok
ENSCCAG00000023891
ok
ENSCANG00000037009
ok
ENSRBIG00000040143
ok
ENSCSAG00000017203
ok
ENSPANG00000024029
ok
ENSANAG00000030378
ok
ENSCATG00000045290
ok
ENSMNEG00000016207
ok
ENSPTEG00000004819
ok
ENSMMUG00000000596
ok
ENSTSYG00000010685
ok
ENSOGAG00000009427
ok
ENSSBOG00000019983
ok
ENSPTRG00000007533
ok
ENSNLEG00000032729
ok
ENSMICG00000010397
ok
ENSPPYG00000006901
ok
ENSPPAG00000041773
ok
ENSCJAG00000011674
ok
ENSGGOG00000016488
ok
ENSPCOG00000027410
ok
ENSMFAG00000003743
ok
ENSRROG00000041858
ok
ENSMLEG00000044144
ok
ENSPSMG00000019713
ok
ENSTGEG00000008418
ok
ENSCCAG00000020620
ok
ENSCANG00000034129
ok
ENSRBIG00000033552
ok
ENSCSAG00000013092
ok
ENSPANG00000020037
ok
ENSANAG00000034574
ok
ENSCATG00000041326
ok
ENSMNEG00000044263
ok
ENSPTEG00000006214
ok
ENSMMUG00000017822
ok
ENSTSYG00000033264
ok
ENSOGAG00000000221
ok
ENSSBOG00000020202
ok
ENSPTRG00000007732
ok
ENSNLEG00000009985
ok
ENSMICG00000015966
ok
ENSPPYG00000007073
ok
ENSPPAG00000030861
ok
ENSCJAG00000019959
ok
ENSGGOG00000012555
ok
ENSPCOG00000027149
ok
ENSMFAG00000000780
ok
ENSRROG00000030809
ok
ENSMLEG00000033409
ok
ENSPSMG00000024715
ok
ENSTGEG00000023471
ok
ENSCCAG00000033042
ok
ENSCANG00000038196
ok
ENSRBIG00000004990
ok
ENSCSAG00000008910
ok
ENSPANG00000007407
ok
ENSANAG00000020804
ok
ENSCATG00000042028
ok
ENSMNEG00000029273
ok
ENSPTEG00000033935
ok
ENSMMUG00000015792
ok
ENSTSYG00000007871
ok
ENSOGAG00000001768
ok
ENSSBOG00000024549
ok
ENSPTRG00000003360
ok
ENSNLEG00000017605
ok
ENSMICG00000008630
ok
ENSPPYG00000003487
ok
ENSPPAG00000010949
ok
ENSCJAG00000010880
ok
ENSGGOG00000007864
ok
ENSPCOG00000024269
ok
ENSMFAG00000035351
ok
ENSRROG00000042998
ok
ENSMLEG00000038215
ok
ENSPSMG00000020996
ok
ENSTGEG00000016204
ok
ENSCCAG00000020968
ok
ENSCANG00000028833
ok
ENSRBIG00000040292
ok
ENSCSAG00000004576
ok
ENSPANG00000016363
ok
ENSANAG00000029417
ok
ENSCATG00000039606
ok
ENSMNEG00000039090
ok
ENSPTEG00000007782
ok
ENSMMUG00000010416
ok
ENSTSYG00000032201
ok
ENSOGAG00000010062
ok
ENSSBOG00000031979
ok
ENSPTRG00000005692
ok
ENSNLEG00000001995
ok
ENSMICG00000046836
ok
ENSPPYG00000005198
ok
ENSPPAG00000029789
ok
ENSCJAG00000039528
ok
ENSGGOG00000014535
ok
ENSPCOG00000016663
ok
ENSMFAG00000004917
ok
ENSRROG00000029968
ok
ENSMLEG00000019447
ok
ENSPSMG00000008063
ok
ENSTGEG00000016813
ok
ENSCCAG00000031758
ok
ENSCANG00000028392
ok
ENSRBIG00000022284
ok
ENSCSAG00000018130
ok
ENSPANG00000022551
ok
ENSANAG00000000055
ok
ENSCATG00000033285
ok
ENSMNEG00000032581
ok
ENSPTEG00000011167
ok
ENSMMUG00000014995
ok
ENSTSYG00000007872
ok
ENSOGAG00000032673
ok
ENSSBOG00000031098
ok
ENSPTRG00000018690
ok
ENSNLEG00000015304
ok
ENSMICG00000027001
ok
ENSPPYG00000017085
ok
ENSPPAG00000030235
ok
ENSCJAG00000019580
ok
ENSGGOG00000016734
ok
ENSPCOG00000023142
ok
ENSMFAG00000036867
ok
ENSRROG00000029159
ok
ENSMLEG00000039627
ok
ENSPSMG00000019496
ok
ENSTGEG00000027488
ok
ENSCCAG00000014764
ok
ENSCANG00000036704
ok
ENSRBIG00000030216
ok
ENSCSAG00000017214
ok
ENSPANG00000009982
ok
ENSANAG00000004249
ok
ENSCATG00000032153
ok
ENSMNEG00000016867
ok
ENSPTEG00000005070
ok
ENSMMUG00000010840
ok
ENSTSYG00000005934
ok
ENSOGAG00000002674
ok
ENSSBOG00000029395
ok
ENSPTRG00000010789
ok
ENSNLEG00000010854
ok
ENSMICG00000012333
ok
ENSPPYG00000010581
ok
ENSPPAG00000042851
ok
ENSCJAG00000018378
ok
ENSGGOG00000010501
ok
ENSPCOG00000017580
ok
ENSMFAG00000031054
ok
ENSRROG00000033058
ok
ENSMLEG00000043374
ok
ENSPSMG00000015392
ok
ENSTGEG00000015810
ok
ENSCCAG00000032775
ok
ENSCANG00000041640
ok
ENSRBIG00000034646
ok
ENSCSAG00000004822
ok
ENSPANG00000010840
ok
ENSANAG00000022070
ok
ENSCATG00000032058
ok
ENSMNEG00000028743
ok
ENSPTEG00000039081
ok
ENSMMUG00000015767
ok
ENSTSYG00000000927
ok
ENSOGAG00000000278
ok
ENSSBOG00000032810
ok
ENSPTRG00000017181
ok
ENSNLEG00000012069
ok
ENSMICG00000047467
ok
ENSPPYG00000015721
ok
ENSPPAG00000032492
ok
ENSCJAG00000017322
ok
ENSGGOG00000008568
ok
ENSPCOG00000023766
ok
ENSMFAG00000000165
ok
ENSRROG00000030012
ok
ENSMLEG00000041090
ok
ENSPSMG00000012366
ok
ENSTGEG00000013690
ok
ENSCCAG00000033353
ok
ENSCANG00000042523
ok
ENSRBIG00000005638
ok
ENSCSAG00000014571
ok
ENSPANG00000008620
ok
ENSANAG00000027276
ok
ENSCATG00000029280
ok
ENSMNEG00000035699
ok
ENSPTEG00000012868
ok
ENSMMUG00000041800
ok
ENSTSYG00000031998
ok
ENSOGAG00000032830
ok
ENSSBOG00000025309
ok
ENSPTRG00000016512
ok
ENSNLEG00000005829
ok
ENSMICG00000027501
ok
ENSPPYG00000015120
ok
ENSPPAG00000032398
ok
ENSCJAG00000002164
ok
ENSGGOG00000016578
ok
ENSPCOG00000023440
ok
ENSMFAG00000035212
ok
ENSRROG00000031149
ok
ENSMLEG00000043501
ok
ENSPSMG00000021372
ok
ENSTGEG00000014761
ok
ENSCCAG00000023721
ok
ENSCANG00000036619
ok
ENSRBIG00000032166
ok
ENSCSAG00000003322
ok
ENSPANG00000017864
ok
ENSANAG00000031939
ok
ENSCATG00000043916
ok
ENSMNEG00000036401
ok
ENSPTEG00000003731
ok
ENSMMUG00000001678
ok
ENSTSYG00000032097
ok
ENSOGAG00000025579
ok
ENSSBOG00000023443
ok
ENSPTRG00000016791
ok
ENSNLEG00000015973
ok
ENSMICG00000042256
ok
ENSPPYG00000015397
ok
ENSPPAG00000019420
ok
ENSCJAG00000018371
ok
ENSGGOG00000022838
ok
ENSPCOG00000015639
ok
ENSMFAG00000002782
ok
ENSRROG00000030833
ok
ENSMLEG00000030886
ok
ENSPSMG00000004114
ok
ENSTGEG00000006904
ok
ENSCCAG00000036140
ok
ENSCANG00000023465
ok
ENSRBIG00000043161
ok
ENSCSAG00000017045
ok
ENSPANG00000011302
ok
ENSANAG00000024812
ok
ENSCATG00000036845
ok
ENSMNEG00000035600
ok
ENSPTEG00000025085
ok
ENSMMUG00000016759
ok
ENSTSYG00000014002
ok
ENSOGAG00000011155
ok
ENSSBOG00000035893
ok
ENSPTRG00000007856
ok
ENSNLEG00000010495
ok
ENSMICG00000015048
ok
ENSPPYG00000007168
ok
ENSPPAG00000037420
ok
ENSCJAG00000009206
ok
ENSGGOG00000000083
ok
ENSPCOG00000017301
ok
ENSMFAG00000034578
ok
ENSRROG00000028639
ok
ENSMLEG00000041137
ok
ENSPSMG00000018030
ok
ENSTGEG00000021186
ok
ENSCCAG00000038069
ok
ENSCANG00000039581
ok
ENSRBIG00000034237
ok
ENSCSAG00000007417
ok
ENSPANG00000024575
ok
ENSANAG00000034351
ok
ENSCATG00000040132
ok
ENSMNEG00000043172
ok
ENSPTEG00000013473
ok
ENSMMUG00000012658
ok
ENSTSYG00000033153
ok
ENSOGAG00000033643
ok
ENSSBOG00000023544
ok
ENSPTRG00000009278
ok
ENSNLEG00000000184
ok
ENSMICG00000028586
ok
ENSPPYG00000008329
ok
ENSPPAG00000040523
ok
ENSCJAG00000009807
ok
ENSGGOG00000013860
ok
ENSPCOG00000019209
ok
ENSMFAG00000039126
ok
ENSRROG00000029623
ok
ENSMLEG00000038860
ok
ENSPSMG00000015348
ok
ENSTGEG00000015570
ok
ENSCCAG00000030686
ok
ENSCANG00000039731
ok
ENSRBIG00000033713
ok
ENSCSAG00000003586
ok
ENSPANG00000021304
ok
ENSANAG00000032773
ok
ENSCATG00000028156
ok
ENSMNEG00000031426
ok
ENSPTEG00000025166
ok
ENSMMUG00000008233
ok
ENSTSYG00000014722
ok
ENSOGAG00000015132
ok
ENSSBOG00000022996
ok
ENSPTRG00000046632
ok
ENSNLEG00000028670
ok
ENSMICG00000044472
ok
ENSPPYG00000019269
ok
ENSPPAG00000038837
ok
ENSCJAG00000047141
ok
ENSGGOG00000015514
ok
ENSPCOG00000027673
ok
ENSMFAG00000004003
ok
ENSRROG00000041998
ok
ENSMLEG00000014717
ok
ENSPSMG00000025655
ok
ENSTGEG00000023586
ok
ENSCCAG00000036655
ok
ENSCANG00000023002
ok
ENSRBIG00000012350
ok
ENSCSAG00000008529
ok
ENSPANG00000025115
ok
ENSANAG00000027739
ok
ENSCATG00000030856
ok
ENSMNEG00000034076
ok
ENSPTEG00000039667
ok
ENSMMUG00000017565
ok
ENSTSYG00000013175
ok
ENSOGAG00000008552
ok
ENSSBOG00000023537
ok
ENSPTRG00000004278
ok
ENSNLEG00000007288
ok
ENSMICG00000015829
ok
ENSPPYG00000003871
ok
ENSPPAG00000006134
ok
ENSCJAG00000010812
ok
ENSGGOG00000002510
ok
ENSPCOG00000014302
ok
ENSMFAG00000043024
ok
ENSRROG00000027413
ok
ENSMLEG00000035610
ok
ENSPSMG00000020875
ok
ENSTGEG00000018641
ok
ENSCCAG00000022299
ok
ENSCANG00000040857
ok
ENSRBIG00000038176
ok
ENSCSAG00000002858
ok
ENSPANG00000006433
ok
ENSANAG00000037841
ok
ENSCATG00000034970
ok
ENSMNEG00000029280
ok
ENSPTEG00000027130
ok
ENSMMUG00000009758
ok
ENSTSYG00000013810
ok
ENSOGAG00000002304
ok
ENSSBOG00000020372
ok
ENSPTRG00000016727
ok
ENSNLEG00000011608
ok
ENSMICG00000010632
ok
ENSPPYG00000015344
ok
ENSPPAG00000036651
ok
ENSCJAG00000009091
ok
ENSGGOG00000004929
ok
ENSPCOG00000015148
ok
ENSMFAG00000002411
ok
ENSRROG00000045721
ok
ENSMLEG00000029472
ok
ENSPSMG00000012234
ok
ENSTGEG00000001981
ok
ENSCCAG00000028814
ok
ENSCANG00000029706
ok
ENSRBIG00000041484
ok
ENSCSAG00000017319
ok
ENSPANG00000001813
ok
ENSANAG00000037794
ok
ENSCATG00000013412
ok
ENSMNEG00000037349
ok
ENSPTEG00000022735
ok
ENSMMUG00000010842
ok
ENSTSYG00000013262
ok
ENSOGAG00000002677
ok
ENSSBOG00000016884
ok
ENSPTRG00000010790
ok
ENSNLEG00000007610
ok
ENSMICG00000012369
ok
ENSPPYG00000009816
ok
ENSPPAG00000028384
ok
ENSCJAG00000018385
ok
ENSGGOG00000009160
ok
ENSPCOG00000016162
ok
ENSMFAG00000043628
ok
ENSRROG00000030373
ok
ENSMLEG00000041227
ok
ENSPSMG00000015366
ok
ENSTGEG00000015723
ok
ENSCCAG00000035339
ok
ENSCANG00000037713
ok
ENSRBIG00000030615
ok
ENSCSAG00000004818
ok
ENSPANG00000010375
ok
ENSANAG00000019965
ok
ENSCATG00000040765
ok
ENSMNEG00000006138
ok
ENSPTEG00000039139
ok
ENSMMUG00000019571
ok
ENSTSYG00000002634
ok
ENSOGAG00000004005
ok
ENSSBOG00000023093
ok
ENSPTRG00000013846
ok
ENSNLEG00000003443
ok
ENSMICG00000016829
ok
ENSPPYG00000011351
ok
ENSPPAG00000033381
ok
ENSCJAG00000008881
ok
ENSGGOG00000014747
ok
ENSPCOG00000026538
ok
ENSMFAG00000002250
ok
ENSRROG00000028697
ok
ENSMLEG00000033214
ok
ENSPSMG00000009838
ok
ENSTGEG00000027576
ok
ENSCCAG00000036707
ok
ENSCANG00000028824
ok
ENSRBIG00000033361
ok
ENSCSAG00000009418
ok
ENSPANG00000016520
ok
ENSANAG00000032940
ok
ENSCATG00000015629
ok
ENSMNEG00000044871
ok
ENSPTEG00000013936
ok
ENSMMUG00000005572
ok
ENSTSYG00000028885
ok
ENSOGAG00000015495
ok
ENSSBOG00000035529
ok
ENSPTRG00000005757
ok
ENSNLEG00000029333
ok
ENSMICG00000001953
ok
ENSPPYG00000005255
ok
ENSPPAG00000033826
ok
ENSCJAG00000021617
ok
ENSGGOG00000013859
ok
ENSPCOG00000016712
ok
ENSMFAG00000032586
ok
ENSRROG00000038443
ok
ENSMLEG00000031542
ok
ENSPSMG00000017803
ok
ENSTGEG00000021075
ok
ENSCCAG00000017801
ok
ENSCANG00000021204
ok
ENSRBIG00000042429
ok
ENSCSAG00000017950
ok
ENSPANG00000020217
ok
ENSANAG00000012027
ok
ENSCATG00000030048
ok
ENSMNEG00000043933
ok
ENSPTEG00000020214
ok
ENSMMUG00000016655
ok
ENSTSYG00000000511
ok
ENSOGAG00000001291
ok
ENSSBOG00000022590
ok
ENSPTRG00000020076
ok
ENSNLEG00000015944
ok
ENSMICG00000011146
ok
ENSPPYG00000018436
ok
ENSPPAG00000033165
ok
ENSCJAG00000020118
ok
ENSGGOG00000013817
ok
ENSPCOG00000027554
ok
ENSMFAG00000032894
ok
ENSRROG00000031126
ok
ENSMLEG00000030147
ok
ENSPSMG00000006721
ok
ENSTGEG00000001225
ok
ENSCCAG00000037811
ok
ENSCANG00000029441
ok
ENSRBIG00000028045
ok
ENSCSAG00000016250
ok
ENSPANG00000000453
ok
ENSANAG00000036169
ok
ENSCATG00000032971
ok
ENSMNEG00000043283
ok
ENSPTEG00000027589
ok
ENSMMUG00000031190
ok
ENSTSYG00000005022
ok
ENSOGAG00000031897
ok
ENSSBOG00000030070
ok
ENSPTRG00000015799
ok
ENSNLEG00000015597
