ENSG00000069206
ok
ENSG00000170266
ok
ENSG00000166949
ok
ENSG00000124486
ok
ENSG00000164088
ok
ENSG00000119321
ok
ENSG00000029639
ok
ENSG00000213079
ok
ENSG00000102804
ok
ENSG00000157426
ok
ENSG00000102595
ok
ENSG00000070193
ok
ENSG00000171564
ok
ENSG00000102543
ok
ENSG00000119862
ok
ENSG00000019582
ok
ENSG00000184459
ok
ENSG00000095015
ok
ENSG00000184349
ok
ENSG00000076641
ok
ENSG00000128342
ok
ENSG00000203867
ok
ENSG00000141738
ok
ENSG00000166391
ok
ENSG00000197077
ok
ENSG00000112984
ok
ENSG00000187239
ok
ENSG00000101265
ok
ENSG00000078053
ok
ENSG00000140534
ok
ENSG00000171105
ok
ENSG00000213995
ok
ENSG00000108559
ok
ENSG00000145743
ok
ENSG00000107077
ok
ENSG00000099985
ok
ENSG00000166813
ok
ENSG00000007520
ok
ENSG00000078328
ok
ENSG00000132646
ok
ENSG00000188352
ok
ENSG00000139737
ok
ENSG00000150593
ok
ENSG00000172869
ok
ENSG00000166477
ok
ENSG00000110048
ok
ENSG00000129197
ok
ENSG00000136738
ok
ENSG00000138594
ok
ENSG00000029364
ok
ENSG00000065526
ok
ENSG00000108840
ok
ENSG00000187021
ok
ENSG00000137103
ok
ENSG00000178761
ok
ENSG00000129460
ok
ENSG00000121075
ok
ENSG00000169026
ok
ENSG00000137473
ok
ENSG00000086544
ok
ENSG00000162929
ok
ENSG00000188493
ok
ENSG00000134443
ok
ENSG00000120685
ok
ENSG00000107643
ok
ENSG00000005100
ok
ENSG00000112305
ok
ENSG00000112996
ok
ENSG00000161381
ok
ENSG00000173039
ok
ENSG00000090316
ok
ENSG00000113389
ok
ENSG00000165688
ok
ENSG00000152942
ok
ENSG00000029725
ok
ENSG00000104957
ok
ENSG00000166569
ok
ENSG00000087495
ok
ENSG00000186130
ok
ENSG00000102547
ok
ENSG00000168237
ok
ENSG00000166889
ok
ENSG00000140396
ok
ENSG00000120158
ok
ENSG00000100982
ok
ENSG00000115421
ok
ENSG00000012171
ok
ENSG00000185658
ok
ENSG00000136875
ok
ENSG00000124702
ok
ENSG00000110076
ok
ENSG00000182511
ok
ENSG00000166333
ok
ENSG00000112139
ok
ENSG00000131061
ok
ENSG00000183486
ok
ENSG00000108813
ok
ENSG00000138623
ok
ENSG00000136319
ok
ENSG00000155592
ok
ENSG00000079215
ok
ENSG00000155545
ok
ENSG00000181722
ok
ENSG00000084674
ok
ENSG00000145050
ok
ENSG00000109113
ok
ENSG00000108349
ok
ENSG00000062282
ok
ENSG00000108370
ok
ENSG00000170537
ok
ENSG00000095787
ok
ENSG00000244752
ok
ENSG00000155542
ok
ENSG00000110328
ok
ENSG00000119396
ok
ENSG00000151617
ok
ENSG00000156172
ok
ENSG00000083896
ok
ENSG00000164400
ok
ENSG00000188811
ok
ENSG00000204130
ok
ENSG00000015532
ok
ENSG00000166340
ok
ENSG00000133313
ok
ENSG00000144868
ok
ENSG00000164430
ok
ENSG00000169213
ok
ENSG00000175985
ok
ENSG00000129810
ok
ENSG00000157625
ok
ENSG00000133104
ok
ENSG00000126233
ok
ENSG00000137872
ok
ENSG00000057935
ok
ENSG00000185615
ok
ENSG00000108187
ok
ENSG00000100565
ok
ENSG00000131435
ok
ENSG00000036828
ok
ENSG00000128829
ok
ENSG00000083635
ok
ENSG00000108878
ok
ENSG00000147481
ok
ENSG00000101290
ok
ENSG00000092096
ok
ENSG00000108556
ok
ENSG00000173757
ok
ENSG00000105221
ok
ENSG00000166900
ok
ENSG00000260314
ok
ENSG00000072682
ok
ENSG00000125755
ok
ENSG00000156466
ok
ENSG00000197136
ok
ENSG00000162298
ok
ENSG00000162631
ok
ENSG00000149289
ok
ENSG00000109689
ok
ENSG00000196628
ok
ENSG00000123124
ok
ENSG00000085276
ok
ENSG00000089057
ok
ENSG00000095383
ok
ENSG00000148482
ok
ENSG00000183722
ok
ENSG00000105613
ok
ENSG00000184162
ok
ENSG00000276234
ok
ENSG00000205744
ok
ENSG00000127463
ok
ENSG00000165272
ok
ENSG00000064490
ok
ENSG00000159023
ok
ENSG00000095066
ok
ENSG00000137824
ok
ENSG00000145879
ok
ENSG00000161958
ok
ENSG00000113946
ok
ENSG00000204287
ok
ENSG00000198231
ok
ENSG00000006715
ok
ENSG00000125319
ok
ENSG00000132275
ok
ENSG00000184560
ok
ENSG00000136169
ok
ENSG00000174740
ok
ENSG00000069974
ok
ENSG00000122870
ok
ENSG00000198382
ok
ENSG00000125648
ok
ENSG00000175606
ok
ENSG00000060069
ok
ENSG00000113758
ok
ENSG00000087128
ok
ENSG00000165309
ok
ENSG00000104889
ok
ENSG00000197416
ok
ENSG00000144837
ok
ENSG00000012232
ok
ENSG00000260916
ok
ENSG00000132792
ok
ENSG00000010610
ok
ENSG00000152990
ok
ENSG00000123643
ok
ENSG00000067167
ok
ENSG00000114745
ok
ENSG00000100647
ok
ENSG00000198026
ok
ENSG00000063180
ok
ENSG00000119900
ok
ENSG00000172009
ok
ENSG00000154269
ok
ENSG00000198785
ok
ENSG00000123268
ok
ENSG00000123737
ok
ENSG00000148634
ok
ENSG00000186583
ok
ENSG00000243156
ok
ENSG00000165443
ok
ENSG00000168826
ok
ENSG00000178685
ok
ENSG00000132518
ok
ENSG00000114742
ok
ENSG00000148541
ok
ENSG00000186318
ok
ENSG00000110768
ok
ENSG00000173517
ok
ENSG00000168438
ok
ENSG00000165271
ok
ENSG00000168026
ok
ENSG00000113600
ok
ENSG00000164080
ok
ENSG00000198522
ok
ENSG00000165997
ok
ENSG00000153071
ok
ENSG00000134215
ok
ENSG00000114054
ok
ENSG00000156030
ok
ENSG00000176248
ok
ENSG00000135341
ok
ENSG00000170558
ok
ENSG00000259431
ok
ENSG00000164081
ok
ENSG00000151789
ok
ENSG00000176101
ok
ENSG00000113318
ok
ENSG00000134757
ok
ENSG00000136110
ok
ENSG00000169684
ok
ENSG00000080493
ok
ENSG00000182752
ok
ENSG00000174343
ok
ENSG00000154589
ok
ENSG00000052723
ok
ENSG00000185019
ok
ENSG00000129654
ok
ENSG00000141576
ok
ENSG00000136099
ok
ENSG00000243927
ok
ENSG00000196159
ok
ENSG00000118156
ok
ENSG00000243943
ok
ENSG00000166140
ok
ENSG00000164877
ok
ENSG00000086570
ok
ENSG00000103528
ok
ENSG00000140199
ok
ENSG00000163798
ok
ENSG00000108592
ok
ENSG00000152193
ok
ENSG00000249948
ok
ENSG00000117410
ok
ENSG00000136160
ok
ENSG00000170961
ok
ENSG00000102837
ok
ENSG00000114841
ok
ENSG00000152270
ok
ENSG00000087191
ok
ENSG00000106536
ok
ENSG00000204767
ok
ENSG00000103034
ok
ENSG00000185565
ok
ENSG00000167703
ok
ENSG00000132768
ok
ENSG00000173548
ok
ENSG00000134996
ok
ENSG00000148384
ok
ENSG00000170242
ok
ENSG00000124140
ok
ENSG00000169016
ok
ENSG00000104381
ok
ENSG00000198265
ok
ENSG00000106605
ok
ENSG00000161405
ok
ENSG00000105204
ok
ENSG00000198765
ok
ENSG00000128918
ok
ENSG00000204764
ok
ENSG00000120899
ok
ENSG00000140254
ok
ENSG00000167904
ok
ENSG00000131697
ok
ENSG00000221890
ok
ENSG00000105699
ok
ENSG00000115902
ok
ENSG00000147592
ok
ENSG00000101337
ok
ENSG00000115084
ok
ENSG00000145545
ok
ENSG00000175066
ok
ENSG00000106608
ok
ENSG00000166090
ok
ENSG00000108312
ok
ENSG00000088899
ok
ENSG00000137574
ok
ENSG00000266200
ok
ENSG00000103569
ok
ENSG00000100985
ok
ENSG00000183287
ok
ENSG00000109472
ok
ENSG00000166035
ok
ENSG00000134200
ok
ENSG00000189184
ok
ENSG00000101292
ok
ENSG00000140092
ok
ENSG00000085733
ok
ENSG00000137857
ok
ENSG00000166902
ok
ENSG00000168646
ok
ENSG00000221947
ok
ENSG00000184254
ok
ENSG00000197599
ok
ENSG00000164066
ok
ENSG00000114030
ok
ENSG00000172673
ok
ENSG00000104313
ok
ENSG00000240065
ok
ENSG00000213445
ok
ENSG00000184363
ok
ENSG00000204264
ok
ENSG00000108506
ok
ENSG00000095539
ok
ENSG00000134198
ok
ENSG00000188316
ok
ENSG00000170142
ok
ENSG00000112715
ok
ENSG00000046604
ok
ENSG00000187164
ok
ENSG00000204427
ok
ENSG00000064225
ok
ENSG00000166091
ok
ENSG00000148450
ok
ENSG00000148396
ok
ENSG00000183888
ok
ENSG00000121691
ok
ENSG00000165868
ok
ENSG00000125772
ok
ENSG00000118271
ok
ENSG00000124588
ok
ENSG00000168234
ok
ENSG00000198951
ok
ENSG00000105559
ok
ENSG00000055957
ok
ENSG00000126561
ok
ENSG00000140279
ok
ENSG00000198171
ok
ENSG00000166819
ok
ENSG00000149488
ok
ENSG00000197594
ok
ENSG00000117115
ok
ENSG00000079999
ok
ENSG00000168591
ok
ENSG00000138606
ok
ENSG00000215912
ok
ENSG00000110046
ok
ENSG00000113580
ok
ENSG00000144455
ok
ENSG00000276023
ok
ENSG00000080986
ok
ENSG00000109819
ok
ENSG00000138346
ok
ENSG00000117971
ok
ENSG00000100350
ok
ENSG00000186104
ok
ENSG00000140274
ok
ENSG00000179148
ok
ENSG00000112246
ok
ENSG00000105538
ok
ENSG00000171475
ok
ENSG00000144847
ok
ENSG00000146166
ok
ENSG00000057019
ok
ENSG00000065615
ok
ENSG00000118276
ok
ENSG00000139793
ok
ENSG00000173546
ok
ENSG00000164880
ok
ENSG00000156136
ok
ENSG00000185313
ok
ENSG00000170606
ok
ENSG00000158296
ok
ENSG00000175928
ok
ENSG00000135297
ok
ENSG00000168269
ok
ENSG00000204710
ok
ENSG00000120915
ok
ENSG00000074660
ok
ENSG00000173641
ok
ENSG00000107984
ok
ENSG00000126003
ok
ENSG00000005882
ok
ENSG00000170608
ok
ENSG00000129925
ok
ENSG00000011523
ok
ENSG00000179954
ok
ENSG00000103249
ok
ENSG00000275835
ok
ENSG00000105737
ok
ENSG00000067191
ok
ENSG00000146376
ok
ENSG00000104299
ok
ENSG00000124574
ok
ENSG00000130714
ok
ENSG00000183386
ok
ENSG00000007174
ok
ENSG00000140057
ok
ENSG00000167100
ok
ENSG00000137338
ok
ENSG00000144852
ok
ENSG00000105397
ok
ENSG00000134827
ok
ENSG00000108510
ok
ENSG00000104883
ok
ENSG00000178537
ok
ENSG00000145321
ok
ENSG00000162267
ok
ENSG00000188566
ok
ENSG00000102048
ok
ENSG00000136928
ok
ENSG00000164082
ok
ENSG00000101346
ok
ENSG00000153558
ok
ENSG00000181333
ok
ENSG00000149292
ok
ENSG00000196177
ok
ENSG00000134755
ok
ENSG00000198794
ok
ENSG00000164855
ok
ENSG00000154957
ok
ENSG00000043462
ok
ENSG00000107789
ok
ENSG00000089199
ok
ENSG00000142319
ok
ENSG00000110811
ok
ENSG00000110218
ok
ENSG00000174032
ok
ENSG00000162426
ok
ENSG00000175220
ok
ENSG00000069869
ok
ENSG00000107521
ok
ENSG00000132821
ok
ENSG00000085491
ok
ENSG00000099139
ok
ENSG00000069966
ok
ENSG00000144867
ok
ENSG00000198682
ok
ENSG00000196923
ok
ENSG00000074771
ok
ENSG00000167107
ok
ENSG00000137558
ok
ENSG00000107282
ok
ENSG00000163781
ok
ENSG00000113749
ok
ENSG00000169851
ok
ENSG00000139173
ok
ENSG00000172977
ok
ENSG00000169251
ok
ENSG00000085741
ok
ENSG00000125877
ok
ENSG00000053108
ok
ENSG00000141429
ok
ENSG00000154917
ok
ENSG00000101546
ok
ENSG00000101407
ok
ENSG00000118523
ok
ENSG00000162391
ok
ENSG00000128285
ok
ENSG00000091513
ok
ENSG00000115085
ok
ENSG00000175213
ok
ENSG00000144711
ok
ENSG00000112511
ok
ENSG00000038295
ok
ENSG00000141447
ok
ENSG00000114378
ok
ENSG00000196199
ok
ENSG00000171557
ok
ENSG00000104983
ok
ENSG00000165192
ok
ENSG00000163687
ok
ENSMMUG00000007909
ok
ENSTSYG00000010308
ok
ENSOGAG00000015171
ok
ENSSBOG00000033466
ok
ENSPTRG00000020086
ok
ENSNLEG00000016022
ok
ENSMICG00000002694
ok
ENSPPYG00000018447
ok
ENSPPAG00000042630
ok
ENSCJAG00000020053
ok
ENSGGOG00000001012
ok
ENSPCOG00000026532
ok
ENSMFAG00000045244
ok
ENSRROG00000030812
ok
ENSMLEG00000041479
ok
ENSPSMG00000007340
ok
ENSTGEG00000001868
ok
ENSCCAG00000028360
ok
ENSCANG00000039501
ok
ENSRBIG00000022906
ok
ENSCSAG00000016187
ok
ENSPANG00000017131
ok
ENSANAG00000024071
ok
ENSCATG00000041478
ok
ENSMNEG00000041516
ok
ENSPTEG00000028461
ok
ENSMMUG00000020109
ok
ENSTSYG00000014019
ok
ENSOGAG00000008431
ok
ENSSBOG00000027999
ok
ENSPTRG00000014726
ok
ENSNLEG00000004433
ok
ENSMICG00000049053
ok
ENSPPYG00000014034
ok
ENSPPAG00000037867
ok
ENSCJAG00000011922
ok
ENSGGOG00000015782
ok
ENSPCOG00000022814
ok
ENSMFAG00000005291
ok
ENSRROG00000035705
ok
ENSMLEG00000001975
ok
ENSPSMG00000024839
ok
ENSTGEG00000021405
ok
ENSCCAG00000037373
ok
ENSCANG00000029758
ok
ENSRBIG00000033594
ok
ENSCSAG00000009502
ok
ENSPANG00000008353
ok
ENSANAG00000028634
ok
ENSCATG00000030809
ok
ENSMNEG00000035974
ok
ENSPTEG00000016161
ok
ENSMMUG00000015455
ok
ENSTSYG00000025697
ok
ENSOGAG00000014217
ok
ENSSBOG00000020894
ok
ENSPTRG00000007199
ok
ENSNLEG00000012983
ok
ENSMICG00000006119
ok
ENSPPYG00000006583
ok
ENSPPAG00000033769
ok
ENSCJAG00000002088
ok
ENSGGOG00000043207
ok
ENSPCOG00000023000
ok
ENSMFAG00000001781
ok
ENSRROG00000024517
ok
ENSMLEG00000032633
ok
ENSPSMG00000001058
ok
ENSTGEG00000025044
ok
ENSCCAG00000020767
ok
ENSCANG00000003032
ok
ENSRBIG00000026650
ok
ENSCSAG00000013275
ok
ENSPANG00000016627
ok
ENSANAG00000001462
ok
ENSCATG00000009733
ok
ENSMNEG00000033094
ok
ENSPTEG00000033282
ok
ENSMMUG00000013753
ok
ENSTSYG00000036418
ok
ENSOGAG00000027364
ok
ENSSBOG00000031035
ok
ENSPTRG00000045541
ok
ENSNLEG00000001837
ok
ENSMICG00000027320
ok
ENSPPYG00000020256
ok
ENSPPAG00000039671
ok
ENSCJAG00000004005
ok
ENSGGOG00000004363
ok
ENSPCOG00000028687
ok
ENSMFAG00000025475
ok
ENSRROG00000035055
ok
ENSMLEG00000029360
ok
ENSPSMG00000001598
ok
ENSTGEG00000009702
ok
ENSCCAG00000013484
ok
ENSCANG00000029086
ok
ENSRBIG00000043890
ok
ENSCSAG00000013968
ok
ENSPANG00000009041
ok
ENSANAG00000036319
ok
ENSCATG00000045108
ok
ENSMNEG00000035247
ok
ENSPTEG00000003220
ok
ENSMMUG00000008236
ok
ENSTSYG00000034520
ok
ENSOGAG00000016027
ok
ENSSBOG00000031764
ok
ENSPTRG00000014993
ok
ENSNLEG00000007097
ok
ENSMICG00000002725
ok
ENSPPYG00000013813
ok
ENSPPAG00000037368
ok
ENSCJAG00000006090
ok
ENSGGOG00000015824
ok
ENSPCOG00000020890
ok
ENSMFAG00000035503
ok
ENSRROG00000037382
ok
ENSMLEG00000036643
ok
ENSPSMG00000006238
ok
ENSTGEG00000002339
ok
ENSCCAG00000024537
ok
ENSCANG00000035619
ok
ENSRBIG00000044032
ok
ENSCSAG00000013770
ok
ENSPANG00000020526
ok
ENSANAG00000035341
ok
ENSCATG00000000663
ok
ENSMNEG00000002813
ok
ENSPTEG00000038772
ok
ENSMMUG00000000173
ok
ENSTSYG00000009282
ok
ENSOGAG00000007791
ok
ENSSBOG00000029948
ok
ENSPTRG00000021271
ok
ENSNLEG00000016599
ok
ENSMICG00000014966
ok
ENSPPYG00000019513
ok
ENSPPAG00000029425
ok
ENSCJAG00000017793
ok
ENSGGOG00000013548
ok
ENSPCOG00000012350
ok
ENSMFAG00000029994
ok
ENSRROG00000042540
ok
ENSMLEG00000030261
ok
ENSPSMG00000025640
ok
ENSTGEG00000028334
ok
ENSCCAG00000036564
ok
ENSCANG00000042214
ok
ENSRBIG00000042282
ok
ENSCSAG00000012396
ok
ENSPANG00000025773
ok
ENSANAG00000028947
ok
ENSCATG00000026994
ok
ENSMNEG00000031826
ok
ENSPTEG00000034060
ok
ENSMMUG00000011171
ok
ENSTSYG00000012298
ok
ENSOGAG00000011681
ok
ENSSBOG00000008663
ok
ENSPTRG00000018730
ok
ENSNLEG00000034352
ok
ENSMICG00000045849
ok
ENSPPYG00000017123
ok
ENSPPAG00000030834
ok
ENSCJAG00000012540
ok
ENSGGOG00000012189
ok
ENSPCOG00000028453
ok
ENSMFAG00000031968
ok
ENSRROG00000033802
ok
ENSMLEG00000000044
ok
ENSPSMG00000021571
ok
ENSTGEG00000025378
ok
ENSCCAG00000015250
ok
ENSCANG00000029768
ok
ENSRBIG00000039975
ok
ENSCSAG00000013259
ok
ENSPANG00000007489
ok
ENSANAG00000021469
ok
ENSCATG00000009009
ok
ENSMNEG00000042278
ok
ENSPTEG00000037163
ok
ENSMMUG00000015163
ok
ENSTSYG00000010991
ok
ENSOGAG00000034223
ok
ENSSBOG00000027023
ok
ENSPTRG00000018727
ok
ENSNLEG00000015509
ok
ENSMICG00000028965
ok
ENSPPYG00000017121
ok
ENSPPAG00000039826
ok
ENSCJAG00000012631
ok
ENSGGOG00000008645
ok
ENSPCOG00000002067
ok
ENSMFAG00000032738
ok
ENSRROG00000013580
ok
ENSMLEG00000034845
ok
ENSPSMG00000021483
ok
ENSTGEG00000025656
ok
ENSCCAG00000024952
ok
ENSCANG00000039499
ok
ENSRBIG00000035769
ok
ENSCSAG00000013430
ok
ENSPANG00000017489
ok
ENSANAG00000036184
ok
ENSCATG00000035361
ok
ENSMNEG00000043466
ok
ENSPTEG00000036875
ok
ENSMMUG00000003753
ok
ENSTSYG00000031058
ok
ENSOGAG00000032902
ok
ENSSBOG00000021407
ok
ENSPTRG00000005837
ok
ENSNLEG00000001960
ok
ENSMICG00000035276
ok
ENSPPYG00000005330
ok
ENSPPAG00000039757
ok
ENSCJAG00000019808
ok
ENSGGOG00000012857
ok
ENSPCOG00000015247
ok
ENSMFAG00000003381
ok
ENSRROG00000003362
ok
ENSMLEG00000033850
ok
ENSPSMG00000009498
ok
ENSTGEG00000001826
ok
ENSCCAG00000026065
ok
ENSCANG00000039182
ok
ENSRBIG00000034232
ok
ENSCSAG00000017781
ok
ENSPANG00000017753
ok
ENSANAG00000020042
ok
ENSCATG00000015087
ok
ENSMNEG00000000209
ok
ENSPTEG00000027182
ok
ENSMMUG00000016360
ok
ENSTSYG00000006878
ok
ENSOGAG00000003569
ok
ENSSBOG00000029836
ok
ENSPTRG00000016079
ok
ENSNLEG00000008681
ok
ENSMICG00000008484
ok
ENSPPYG00000014755
ok
ENSPPAG00000031321
ok
ENSCJAG00000018076
ok
ENSGGOG00000023372
ok
ENSPCOG00000017744
ok
ENSMFAG00000033449
ok
ENSRROG00000000101
ok
ENSMLEG00000038213
ok
ENSPSMG00000019697
ok
ENSTGEG00000021889
ok
ENSCCAG00000026639
ok
ENSCANG00000036185
ok
ENSRBIG00000040658
ok
ENSCSAG00000005057
ok
ENSPANG00000018913
ok
ENSANAG00000035915
ok
ENSCATG00000009332
ok
ENSMNEG00000041209
ok
ENSPTEG00000027484
ok
ENSMMUG00000005842
ok
ENSTSYG00000033162
ok
ENSOGAG00000004472
ok
ENSSBOG00000009151
ok
ENSPTRG00000005977
ok
ENSNLEG00000016646
ok
ENSMICG00000005273
ok
ENSPPYG00000005452
ok
ENSPPAG00000036675
ok
ENSCJAG00000003433
ok
ENSGGOG00000010803
ok
ENSPCOG00000018019
ok
ENSMFAG00000043763
ok
ENSRROG00000039464
ok
ENSMLEG00000034078
ok
ENSPSMG00000015174
ok
ENSTGEG00000010555
ok
ENSCCAG00000018899
ok
ENSCANG00000042943
ok
ENSRBIG00000036496
ok
ENSCSAG00000017524
ok
ENSPANG00000022725
ok
ENSANAG00000037596
ok
ENSCATG00000029500
ok
ENSMNEG00000045319
ok
ENSPTEG00000005063
ok
ENSMMUG00000047162
ok
ENSTSYG00000033585
ok
ENSOGAG00000001148
ok
ENSSBOG00000019373
ok
ENSPTRG00000051664
ok
ENSNLEG00000031462
ok
ENSMICG00000034543
ok
ENSPPYG00000015444
ok
ENSPPAG00000039278
ok
ENSCJAG00000039806
ok
ENSGGOG00000004647
ok
ENSPCOG00000003326
ok
ENSMFAG00000003698
ok
ENSRROG00000019051
ok
ENSMLEG00000029055
ok
ENSPSMG00000009567
ok
ENSTGEG00000011309
ok
ENSCCAG00000030310
ok
ENSCANG00000027255
ok
ENSRBIG00000007273
ok
ENSCSAG00000016741
ok
ENSPANG00000004001
ok
ENSANAG00000038395
ok
ENSCATG00000038941
ok
ENSMNEG00000033964
ok
ENSPTEG00000019950
ok
ENSMMUG00000021302
ok
ENSTSYG00000003639
ok
ENSOGAG00000011311
ok
ENSSBOG00000030250
ok
ENSPTRG00000016534
ok
ENSNLEG00000006050
ok
ENSMICG00000003228
ok
ENSPPYG00000015139
ok
ENSPPAG00000032537
ok
ENSCJAG00000001822
ok
ENSGGOG00000014050
ok
ENSPCOG00000015023
ok
ENSMFAG00000045146
ok
ENSRROG00000043112
ok
ENSMLEG00000018838
ok
ENSPSMG00000020673
ok
ENSTGEG00000015803
ok
ENSCCAG00000018250
ok
ENSCANG00000034539
ok
ENSRBIG00000035008
ok
ENSCSAG00000003272
ok
ENSPANG00000007344
ok
ENSANAG00000033162
ok
ENSCATG00000035392
ok
ENSMNEG00000036263
ok
ENSPTEG00000006320
ok
ENSMMUG00000013470
ok
ENSTSYG00000004957
ok
ENSOGAG00000016751
ok
ENSSBOG00000025762
ok
ENSPTRG00000005871
ok
ENSNLEG00000003574
ok
ENSMICG00000017527
ok
ENSPPYG00000005365
ok
ENSPPAG00000028450
ok
ENSCJAG00000008925
ok
ENSGGOG00000005192
ok
ENSPCOG00000010000
ok
ENSMFAG00000032976
ok
ENSRROG00000032374
ok
ENSMLEG00000002766
ok
ENSPSMG00000016735
ok
ENSTGEG00000003923
ok
ENSCCAG00000037595
ok
ENSCANG00000029635
ok
ENSRBIG00000004767
ok
ENSCSAG00000017720
ok
ENSPANG00000017052
ok
ENSANAG00000024556
ok
ENSCATG00000033587
ok
ENSMNEG00000018746
ok
ENSPTEG00000029550
ok
ENSMMUG00000010238
ok
ENSTSYG00000037311
ok
ENSOGAG00000007901
ok
ENSSBOG00000029775
ok
ENSPTRG00000047293
ok
ENSNLEG00000031680
ok
ENSMICG00000031755
ok
ENSPPYG00000012366
ok
ENSPPAG00000039473
ok
ENSCJAG00000006878
ok
ENSGGOG00000006386
ok
ENSPCOG00000024215
ok
ENSMFAG00000031922
ok
ENSRROG00000038015
ok
ENSMLEG00000042260
ok
ENSPSMG00000023973
ok
ENSTGEG00000009866
ok
ENSCCAG00000035879
ok
ENSCANG00000035534
ok
ENSRBIG00000034300
ok
ENSCSAG00000014717
ok
ENSPANG00000007113
ok
ENSANAG00000035714
ok
ENSCATG00000029852
ok
ENSMNEG00000029755
ok
ENSPTEG00000021568
ok
ENSMMUG00000009113
ok
ENSTSYG00000026871
ok
ENSOGAG00000004628
ok
ENSSBOG00000024664
ok
ENSPTRG00000017417
ok
ENSNLEG00000010343
ok
ENSMICG00000002890
ok
ENSPPYG00000015949
ok
ENSPPAG00000037472
ok
ENSCJAG00000038854
ok
ENSGGOG00000011709
ok
ENSPCOG00000016171
ok
ENSMFAG00000042836
ok
ENSRROG00000034231
ok
ENSMLEG00000035018
ok
ENSPSMG00000023546
ok
ENSTGEG00000004356
ok
ENSCCAG00000026085
ok
ENSCANG00000009648
ok
ENSRBIG00000042547
ok
ENSCSAG00000011542
ok
ENSPANG00000003593
ok
ENSANAG00000024731
ok
ENSCATG00000041658
ok
ENSMNEG00000036530
ok
ENSPTEG00000006979
ok
ENSMMUG00000006726
ok
ENSTSYG00000012321
ok
ENSOGAG00000001429
ok
ENSSBOG00000029780
ok
ENSPTRG00000014288
ok
ENSNLEG00000004931
ok
ENSMICG00000013327
ok
ENSPPYG00000011753
ok
ENSPPAG00000029071
ok
ENSCJAG00000006209
ok
ENSGGOG00000026845
ok
ENSPCOG00000001087
ok
ENSMFAG00000025303
ok
ENSRROG00000034578
ok
ENSMLEG00000033471
ok
ENSPSMG00000010198
ok
ENSTGEG00000016125
ok
ENSCCAG00000029912
ok
ENSCANG00000031044
ok
ENSRBIG00000028604
ok
ENSCSAG00000008309
ok
ENSPANG00000016603
ok
ENSANAG00000005622
ok
ENSCATG00000032658
ok
ENSMNEG00000031112
ok
ENSPTEG00000014042
ok
ENSMMUG00000012387
ok
ENSTSYG00000010310
ok
ENSOGAG00000002694
ok
ENSSBOG00000025580
ok
ENSPTRG00000016891
ok
ENSNLEG00000002250
ok
ENSMICG00000000427
ok
ENSPPYG00000015478
ok
ENSPPAG00000036823
ok
ENSCJAG00000002136
ok
ENSGGOG00000014603
ok
ENSPCOG00000016534
ok
ENSMFAG00000014401
ok
ENSRROG00000035924
ok
ENSMLEG00000035245
ok
ENSPSMG00000015876
ok
ENSTGEG00000014075
ok
ENSCCAG00000017106
ok
ENSCANG00000036515
ok
ENSRBIG00000005725
ok
ENSCSAG00000016180
ok
ENSPANG00000018805
ok
ENSANAG00000027994
ok
ENSCATG00000041398
ok
ENSMNEG00000039290
ok
ENSPTEG00000018589
ok
ENSMMUG00000018398
ok
ENSTSYG00000000240
ok
ENSOGAG00000002444
ok
ENSSBOG00000035083
ok
ENSPTRG00000017115
ok
ENSNLEG00000011201
ok
ENSMICG00000026448
ok
ENSPPYG00000015670
ok
ENSPPAG00000014646
ok
ENSCJAG00000016099
ok
ENSGGOG00000000371
ok
ENSPCOG00000027671
ok
ENSMFAG00000000459
ok
ENSRROG00000034056
ok
ENSMLEG00000025611
ok
ENSPSMG00000002959
ok
ENSTGEG00000008891
ok
ENSCCAG00000027305
ok
ENSCANG00000037381
ok
ENSRBIG00000035556
ok
ENSCSAG00000015123
ok
ENSPANG00000025087
ok
ENSANAG00000030098
ok
ENSCATG00000034296
ok
ENSMNEG00000028986
ok
ENSPTEG00000019180
ok
ENSMMUG00000023342
ok
ENSTSYG00000011556
ok
ENSOGAG00000010590
ok
ENSSBOG00000027925
ok
ENSPTRG00000020372
ok
ENSNLEG00000002436
ok
ENSMICG00000001308
ok
ENSPPYG00000018698
ok
ENSPPAG00000012288
ok
ENSCJAG00000000451
ok
ENSGGOG00000010323
ok
ENSPCOG00000005873
ok
ENSMFAG00000035710
ok
ENSRROG00000041842
ok
ENSMLEG00000032516
ok
ENSPSMG00000011078
ok
ENSTGEG00000024516
ok
ENSCCAG00000032193
ok
ENSCANG00000028496
ok
ENSRBIG00000038808
ok
ENSCSAG00000013312
ok
ENSPANG00000010440
ok
ENSANAG00000035690
ok
ENSCATG00000021872
ok
ENSMNEG00000042751
ok
ENSPTEG00000017074
ok
ENSMMUG00000048630
ok
ENSTSYG00000031653
ok
ENSOGAG00000012924
ok
ENSSBOG00000026316
ok
ENSPTRG00000014236
ok
ENSNLEG00000003520
ok
ENSMICG00000032126
ok
ENSPPYG00000011702
ok
ENSPPAG00000012787
ok
ENSCJAG00000010302
ok
ENSGGOG00000007167
ok
ENSPCOG00000000587
ok
ENSMFAG00000004963
ok
ENSRROG00000000646
ok
ENSMLEG00000029716
ok
ENSPSMG00000016984
ok
ENSTGEG00000024058
ok
ENSCCAG00000031628
ok
ENSCANG00000008666
ok
ENSRBIG00000011752
ok
ENSCSAG00000009509
ok
ENSPANG00000009277
ok
ENSANAG00000033931
ok
ENSCATG00000036747
ok
ENSMNEG00000038722
ok
ENSPTEG00000026225
ok
ENSMMUG00000019883
ok
ENSTSYG00000000271
ok
ENSOGAG00000012579
ok
ENSSBOG00000022589
ok
ENSPTRG00000029726
ok
ENSNLEG00000015535
ok
ENSMICG00000008736
ok
ENSPPYG00000002648
ok
ENSPPAG00000035303
ok
ENSCJAG00000018786
ok
ENSGGOG00000006372
ok
ENSPCOG00000021994
ok
ENSMFAG00000036795
ok
ENSRROG00000024884
ok
ENSMLEG00000029981
ok
ENSPSMG00000017005
ok
ENSTGEG00000023596
ok
ENSCCAG00000026869
ok
ENSCANG00000007647
ok
ENSRBIG00000028625
ok
ENSCSAG00000005155
ok
ENSPANG00000020808
ok
ENSANAG00000033591
ok
ENSCATG00000030346
ok
ENSMNEG00000030297
ok
ENSPTEG00000029011
ok
ENSMMUG00000020775
ok
ENSTSYG00000027126
ok
ENSOGAG00000014410
ok
ENSSBOG00000031273
ok
ENSPTRG00000009102
ok
ENSNLEG00000001102
ok
ENSMICG00000010557
ok
ENSPPYG00000008477
ok
ENSPPAG00000032432
ok
ENSCJAG00000008900
ok
ENSGGOG00000015455
ok
ENSPCOG00000014941
ok
ENSMFAG00000040332
ok
ENSRROG00000029520
ok
ENSMLEG00000039604
ok
ENSPSMG00000009979
ok
ENSTGEG00000004082
ok
ENSCCAG00000020830
ok
ENSCANG00000040928
ok
ENSRBIG00000031976
ok
ENSCSAG00000002728
ok
ENSPANG00000021741
ok
ENSANAG00000021434
ok
ENSCATG00000041915
ok
ENSMNEG00000034703
ok
ENSPTEG00000017434
ok
ENSMMUG00000000506
ok
ENSTSYG00000013339
ok
ENSOGAG00000000329
ok
ENSSBOG00000028341
ok
ENSPTRG00000004086
ok
ENSNLEG00000028048
ok
ENSMICG00000015272
ok
ENSPPYG00000003693
ok
ENSPPAG00000012175
ok
ENSCJAG00000015357
ok
ENSGGOG00000040080
ok
ENSPCOG00000017739
ok
ENSMFAG00000032272
ok
ENSRROG00000018289
ok
ENSMLEG00000031977
ok
ENSPSMG00000021175
ok
ENSTGEG00000000033
ok
ENSCCAG00000033399
ok
ENSCANG00000033580
ok
ENSRBIG00000034550
ok
ENSCSAG00000003906
ok
ENSPANG00000008371
ok
ENSANAG00000030684
ok
ENSCATG00000038955
ok
ENSMNEG00000017020
ok
ENSPTEG00000025781
ok
ENSMMUG00000031049
ok
ENSTSYG00000025810
ok
ENSOGAG00000034367
ok
ENSSBOG00000028799
ok
ENSPTRG00000014183
ok
ENSNLEG00000036022
ok
ENSMICG00000037430
ok
ENSPPYG00000011656
ok
ENSPPAG00000042972
ok
ENSCJAG00000009362
ok
ENSGGOG00000011414
ok
ENSPCOG00000017223
ok
ENSMFAG00000044139
ok
ENSRROG00000033197
ok
ENSMLEG00000040930
ok
ENSPSMG00000024480
ok
ENSTGEG00000027654
ok
ENSCCAG00000037498
ok
ENSCANG00000029987
ok
ENSRBIG00000033938
ok
ENSCSAG00000010221
ok
ENSPANG00000022558
ok
ENSANAG00000020740
ok
ENSCATG00000043893
ok
ENSMNEG00000041829
ok
ENSPTEG00000026132
ok
ENSMMUG00000001511
ok
ENSTSYG00000011920
ok
ENSOGAG00000003396
ok
ENSSBOG00000022753
ok
ENSPTRG00000017281
ok
ENSNLEG00000008743
ok
ENSMICG00000001676
ok
ENSPPYG00000015822
ok
ENSPPAG00000003703
ok
ENSCJAG00000006393
ok
ENSGGOG00000007112
ok
ENSPCOG00000023493
ok
ENSMFAG00000039764
ok
ENSRROG00000032422
ok
ENSMLEG00000031956
ok
ENSPSMG00000006346
ok
ENSTGEG00000022826
ok
ENSCCAG00000033674
ok
ENSCANG00000033796
ok
ENSRBIG00000037694
ok
ENSCSAG00000013219
ok
ENSPANG00000007094
ok
ENSANAG00000034059
ok
ENSCATG00000035376
ok
ENSMNEG00000045484
ok
ENSPTEG00000032661
ok
ENSMMUG00000003799
ok
ENSTSYG00000027918
ok
ENSOGAG00000034453
ok
ENSSBOG00000021918
ok
ENSPTRG00000021468
ok
ENSNLEG00000017666
ok
ENSMICG00000009605
ok
ENSPPYG00000019687
ok
ENSPPAG00000014368
ok
ENSCJAG00000020360
ok
ENSGGOG00000003548
ok
ENSPCOG00000018475
ok
ENSMFAG00000042440
ok
ENSRROG00000005509
ok
ENSMLEG00000035886
ok
ENSPSMG00000019223
ok
ENSTGEG00000016063
ok
ENSCCAG00000027876
ok
ENSCANG00000029198
ok
ENSRBIG00000040367
ok
ENSCSAG00000014702
ok
ENSPANG00000025974
ok
ENSANAG00000034541
ok
ENSCATG00000043882
ok
ENSMNEG00000038706
ok
ENSPTEG00000003778
ok
ENSMMUG00000020004
ok
ENSTSYG00000010354
ok
ENSOGAG00000004527
ok
ENSSBOG00000034856
ok
ENSPTRG00000013219
ok
ENSNLEG00000029934
ok
ENSMICG00000014332
ok
ENSPPYG00000010798
ok
ENSPPAG00000027320
ok
ENSCJAG00000021256
ok
ENSGGOG00000036959
ok
ENSPCOG00000001538
ok
ENSMFAG00000042354
ok
ENSRROG00000031022
ok
ENSMLEG00000034179
ok
ENSPSMG00000011994
ok
ENSTGEG00000013703
ok
ENSCCAG00000034388
ok
ENSCANG00000028326
ok
ENSRBIG00000013928
ok
ENSCSAG00000013371
ok
ENSPANG00000024262
ok
ENSANAG00000027057
ok
ENSCATG00000036174
ok
ENSMNEG00000029702
ok
ENSPTEG00000006191
ok
ENSMMUG00000023667
ok
ENSTSYG00000011426
ok
ENSOGAG00000000682
ok
ENSSBOG00000026809
ok
ENSPTRG00000019102
ok
ENSNLEG00000002797
ok
ENSMICG00000013941
ok
ENSPPYG00000017623
ok
ENSPPAG00000042505
ok
ENSCJAG00000012658
ok
ENSGGOG00000010988
ok
ENSPCOG00000008799
ok
ENSMFAG00000000228
ok
ENSRROG00000011911
ok
ENSMLEG00000037087
ok
ENSPSMG00000023421
ok
ENSTGEG00000014935
ok
ENSCCAG00000026838
ok
ENSCANG00000036149
ok
ENSRBIG00000043999
ok
ENSCSAG00000015175
ok
ENSPANG00000013001
ok
ENSANAG00000023088
ok
ENSCATG00000019532
ok
ENSMNEG00000032575
ok
ENSPTEG00000008212
ok
ENSMMUG00000001254
ok
ENSTSYG00000025913
ok
ENSOGAG00000003831
ok
ENSSBOG00000035734
ok
ENSPTRG00000007433
ok
ENSNLEG00000011685
ok
ENSMICG00000008265
ok
ENSPPYG00000006766
ok
ENSPPAG00000040895
ok
ENSCJAG00000012742
ok
ENSGGOG00000008492
ok
ENSPCOG00000013938
ok
ENSMFAG00000031426
ok
ENSRROG00000042267
ok
ENSMLEG00000031117
ok
ENSPSMG00000008701
ok
ENSTGEG00000007434
ok
ENSCCAG00000020179
ok
ENSCANG00000040626
ok
ENSRBIG00000040734
ok
ENSCSAG00000017156
ok
ENSPANG00000011179
ok
ENSANAG00000026551
ok
ENSCATG00000042250
ok
ENSMNEG00000039151
ok
ENSPTEG00000000063
ok
ENSMMUG00000028907
ok
ENSTSYG00000001830
ok
ENSOGAG00000002968
ok
ENSSBOG00000023439
ok
ENSPTRG00000010386
ok
ENSNLEG00000000403
ok
ENSMICG00000011978
ok
ENSPPYG00000009471
ok
ENSPPAG00000028332
ok
ENSCJAG00000016091
ok
ENSGGOG00000013703
ok
ENSPCOG00000025098
ok
ENSMFAG00000041609
ok
ENSRROG00000039199
ok
ENSMLEG00000032885
ok
ENSPSMG00000023047
ok
ENSTGEG00000020791
ok
ENSCCAG00000023219
ok
ENSCANG00000041029
ok
ENSRBIG00000036045
ok
ENSCSAG00000008965
ok
ENSPANG00000022952
ok
ENSANAG00000021860
ok
ENSCATG00000022887
ok
ENSMNEG00000022660
ok
ENSPTEG00000028663
ok
ENSMMUG00000012663
ok
ENSTSYG00000028280
ok
ENSOGAG00000010184
ok
ENSSBOG00000021199
ok
ENSPTRG00000006034
ok
ENSNLEG00000007951
ok
ENSMICG00000011311
ok
ENSPPYG00000005502
ok
ENSPPAG00000034536
ok
ENSCJAG00000014207
ok
ENSGGOG00000011247
ok
ENSPCOG00000021886
ok
ENSMFAG00000031500
ok
ENSRROG00000043151
ok
ENSMLEG00000028570
ok
ENSPSMG00000022236
ok
ENSTGEG00000014103
ok
ENSCCAG00000034469
ok
ENSCANG00000002397
ok
ENSRBIG00000028163
ok
ENSCSAG00000017467
ok
ENSPANG00000000957
ok
ENSANAG00000026770
ok
ENSCATG00000040026
ok
ENSMNEG00000007683
ok
ENSPTEG00000033601
ok
ENSMMUG00000010467
ok
ENSTSYG00000005391
ok
ENSOGAG00000001608
ok
ENSSBOG00000032719
ok
ENSPTRG00000008629
ok
ENSNLEG00000009043
ok
ENSMICG00000012678
ok
ENSPPYG00000007867
ok
ENSPPAG00000029496
ok
ENSCJAG00000011424
ok
ENSGGOG00000002734
ok
ENSPCOG00000014919
ok
ENSMFAG00000036967
ok
ENSRROG00000043571
ok
ENSMLEG00000040540
ok
ENSPSMG00000020024
ok
ENSTGEG00000020498
ok
ENSCCAG00000025459
ok
ENSCANG00000035064
ok
ENSRBIG00000043260
ok
ENSCSAG00000012818
ok
ENSPANG00000024295
ok
ENSANAG00000032703
ok
ENSCATG00000035026
ok
ENSMNEG00000040349
ok
ENSPTEG00000020389
ok
ENSMMUG00000013183
ok
ENSTSYG00000004015
ok
ENSOGAG00000007976
ok
ENSSBOG00000009051
ok
ENSPTRG00000017116
ok
ENSNLEG00000033017
ok
ENSMICG00000031242
ok
ENSPPYG00000015671
ok
ENSPPAG00000028652
ok
ENSCJAG00000016107
ok
ENSGGOG00000015039
ok
ENSPCOG00000018851
ok
ENSMFAG00000042858
ok
ENSRROG00000036616
ok
ENSMLEG00000029945
ok
ENSPSMG00000002976
ok
ENSTGEG00000008981
ok
ENSCCAG00000021199
ok
ENSCANG00000035730
ok
ENSRBIG00000038660
ok
ENSCSAG00000015121
ok
ENSPANG00000011933
ok
ENSANAG00000034615
ok
ENSCATG00000037828
ok
ENSMNEG00000030050
ok
ENSPTEG00000019349
ok
ENSMMUG00000015985
ok
ENSTSYG00000010388
ok
ENSOGAG00000009288
ok
ENSSBOG00000025118
ok
ENSPTRG00000023432
ok
ENSNLEG00000017670
ok
ENSMICG00000010464
ok
ENSPPYG00000019222
ok
ENSPPAG00000042410
ok
ENSCJAG00000011746
ok
ENSGGOG00000000506
ok
ENSPCOG00000018901
ok
ENSMFAG00000003778
ok
ENSRROG00000044519
ok
ENSMLEG00000033133
ok
ENSPSMG00000002067
ok
ENSTGEG00000019913
ok
ENSCCAG00000034322
ok
ENSCANG00000029691
ok
ENSRBIG00000035245
ok
ENSCSAG00000008997
ok
ENSPANG00000025200
ok
ENSANAG00000024798
ok
ENSCATG00000044738
ok
ENSMNEG00000029324
ok
ENSPTEG00000004914
ok
ENSMMUG00000005545
ok
ENSTSYG00000035548
ok
ENSOGAG00000011864
ok
ENSSBOG00000025764
ok
ENSPTRG00000014237
ok
ENSNLEG00000003527
ok
ENSMICG00000036578
ok
ENSPPYG00000011704
ok
ENSPPAG00000028806
ok
ENSCJAG00000010320
ok
ENSGGOG00000007173
ok
ENSPCOG00000001440
ok
ENSMFAG00000044743
ok
ENSRROG00000038264
ok
ENSMLEG00000042826
ok
ENSPSMG00000016986
ok
ENSTGEG00000024044
ok
ENSCCAG00000016312
ok
ENSCANG00000028277
ok
ENSRBIG00000034811
ok
ENSCSAG00000009500
ok
ENSPANG00000017140
ok
ENSANAG00000026878
ok
ENSCATG00000042903
ok
ENSMNEG00000041957
ok
ENSPTEG00000026253
ok
ENSMMUG00000009435
ok
ENSTSYG00000036014
ok
ENSOGAG00000030585
ok
ENSSBOG00000025528
ok
ENSPTRG00000007434
ok
ENSNLEG00000011722
ok
ENSMICG00000040228
ok
ENSPPYG00000006767
ok
ENSPPAG00000039761
ok
ENSCJAG00000012723
ok
ENSGGOG00000008509
ok
ENSPCOG00000018726
ok
ENSMFAG00000044171
ok
ENSRROG00000032564
ok
ENSMLEG00000032641
ok
ENSPSMG00000008674
ok
ENSTGEG00000007323
ok
ENSCCAG00000033647
ok
ENSCANG00000036605
ok
ENSRBIG00000032898
ok
ENSCSAG00000017151
ok
ENSPANG00000011178
ok
ENSANAG00000025008
ok
ENSCATG00000014352
ok
ENSMNEG00000041972
ok
ENSPTEG00000036670
ok
ENSMMUG00000006428
ok
ENSTSYG00000026081
ok
ENSOGAG00000001433
ok
ENSSBOG00000020595
ok
ENSPTRG00000007589
ok
ENSNLEG00000029520
ok
ENSMICG00000045072
ok
ENSPPYG00000006948
ok
ENSPPAG00000032379
ok
ENSCJAG00000013185
ok
ENSGGOG00000011679
ok
ENSPCOG00000027967
ok
ENSMFAG00000031171
ok
ENSRROG00000042532
ok
ENSMLEG00000030991
ok
ENSPSMG00000024865
ok
ENSTGEG00000005210
ok
ENSCCAG00000034922
ok
ENSCANG00000026836
ok
ENSRBIG00000043958
ok
ENSCSAG00000011742
ok
ENSPANG00000006419
ok
ENSANAG00000023143
ok
ENSCATG00000002510
ok
ENSMNEG00000038392
ok
ENSPTEG00000035794
ok
ENSMMUG00000003458
ok
ENSTSYG00000005334
ok
ENSOGAG00000025535
ok
ENSSBOG00000033726
ok
ENSPTRG00000007744
ok
ENSNLEG00000010017
ok
ENSMICG00000034286
ok
ENSPPYG00000007079
ok
ENSPPAG00000036238
ok
ENSCJAG00000017351
ok
ENSGGOG00000016871
ok
ENSPCOG00000025687
ok
ENSMFAG00000036447
ok
ENSRROG00000044411
ok
ENSMLEG00000015382
ok
ENSPSMG00000020464
ok
ENSTGEG00000027011
ok
ENSCCAG00000023031
ok
ENSCANG00000033125
ok
ENSRBIG00000044478
ok
ENSCSAG00000008739
ok
ENSPANG00000026500
ok
ENSANAG00000029527
ok
ENSCATG00000033816
ok
ENSMNEG00000032034
ok
ENSPTEG00000033286
ok
ENSMMUG00000013259
ok
ENSTSYG00000027832
ok
ENSOGAG00000033161
ok
ENSSBOG00000020289
ok
ENSPTRG00000013222
ok
ENSNLEG00000007726
ok
ENSMICG00000033133
ok
ENSPPYG00000010795
ok
ENSPPAG00000033332
ok
ENSCJAG00000021278
ok
ENSGGOG00000001695
ok
ENSPCOG00000015805
ok
ENSMFAG00000036845
ok
ENSRROG00000029613
ok
ENSMLEG00000011036
ok
ENSPSMG00000008507
ok
ENSTGEG00000013866
ok
ENSCCAG00000037224
ok
ENSCANG00000031191
ok
ENSRBIG00000027580
ok
ENSCSAG00000013400
ok
ENSPANG00000017144
ok
ENSANAG00000037488
ok
ENSCATG00000030844
ok
ENSMNEG00000031953
ok
ENSPTEG00000005663
ok
ENSMMUG00000019070
ok
ENSTSYG00000006797
ok
ENSOGAG00000007818
ok
ENSSBOG00000024709
ok
ENSPTRG00000020809
ok
ENSNLEG00000017507
ok
ENSMICG00000009888
ok
ENSPPYG00000019187
ok
ENSPPAG00000033033
ok
ENSCJAG00000008887
ok
ENSGGOG00000008191
ok
ENSPCOG00000017012
ok
ENSMFAG00000040075
ok
ENSRROG00000007268
ok
ENSMLEG00000040934
ok
ENSPSMG00000004807
ok
ENSTGEG00000013628
ok
ENSCCAG00000018687
ok
ENSCANG00000042993
ok
ENSRBIG00000027028
ok
ENSCSAG00000009599
ok
ENSPANG00000025247
ok
ENSANAG00000029314
ok
ENSCATG00000042057
ok
ENSMNEG00000038816
ok
ENSPTEG00000013398
ok
ENSMMUG00000000049
ok
ENSTSYG00000003545
ok
ENSOGAG00000003808
ok
ENSSBOG00000027553
ok
ENSPTRG00000005945
ok
ENSNLEG00000016365
ok
ENSMICG00000002711
ok
ENSPPYG00000005427
ok
ENSPPAG00000041856
ok
ENSCJAG00000021252
ok
ENSGGOG00000001158
ok
ENSPCOG00000014177
ok
ENSMFAG00000002894
ok
ENSRROG00000040440
ok
ENSMLEG00000032306
ok
ENSPSMG00000005296
ok
ENSTGEG00000008390
ok
ENSCCAG00000005198
ok
ENSCANG00000001432
ok
ENSRBIG00000041323
ok
ENSCSAG00000017572
ok
ENSPANG00000006284
ok
ENSANAG00000006524
ok
ENSCATG00000032181
ok
ENSMNEG00000030939
ok
ENSPTEG00000011345
ok
ENSMMUG00000017204
ok
ENSTSYG00000014536
ok
ENSOGAG00000012583
ok
ENSSBOG00000026392
ok
ENSPTRG00000002940
ok
ENSNLEG00000015556
ok
ENSMICG00000008747
ok
ENSPPYG00000002649
ok
ENSPPAG00000041002
ok
ENSCJAG00000018795
ok
ENSGGOG00000025550
ok
ENSPCOG00000021133
ok
ENSMFAG00000001786
ok
ENSRROG00000042371
ok
ENSMLEG00000035966
ok
ENSPSMG00000017069
ok
ENSTGEG00000023699
ok
ENSCCAG00000031181
ok
ENSCANG00000027874
ok
ENSRBIG00000036033
ok
ENSCSAG00000005152
ok
ENSPANG00000020809
ok
ENSANAG00000031719
ok
ENSCATG00000034630
ok
ENSMNEG00000043104
ok
ENSPTEG00000029121
ok
ENSMMUG00000018640
ok
ENSTSYG00000006322
ok
ENSOGAG00000013715
ok
ENSSBOG00000031925
ok
ENSPTRG00000017166
ok
ENSNLEG00000011838
ok
ENSMICG00000015937
ok
ENSPPYG00000015708
ok
ENSPPAG00000034761
ok
ENSCJAG00000016870
ok
ENSGGOG00000016805
ok
ENSPCOG00000002445
ok
ENSMFAG00000040275
ok
ENSRROG00000033968
ok
ENSMLEG00000034133
ok
ENSPSMG00000024459
ok
ENSTGEG00000012225
ok
ENSCCAG00000027240
ok
ENSCANG00000036152
ok
ENSRBIG00000036998
ok
ENSCSAG00000014679
ok
ENSPANG00000011300
ok
ENSANAG00000028002
ok
ENSCATG00000035576
ok
ENSMNEG00000030191
ok
ENSPTEG00000035015
ok
ENSMMUG00000002346
ok
ENSTSYG00000006317
ok
ENSOGAG00000002254
ok
ENSSBOG00000030660
ok
ENSPTRG00000007081
ok
ENSNLEG00000006468
ok
ENSMICG00000003454
ok
ENSPPYG00000006481
ok
ENSPPAG00000040132
ok
ENSCJAG00000000966
ok
ENSGGOG00000008181
ok
ENSPCOG00000020510
ok
ENSMFAG00000032135
ok
ENSRROG00000036360
ok
ENSMLEG00000043547
ok
ENSPSMG00000017949
ok
ENSTGEG00000014107
ok
ENSCCAG00000025911
ok
ENSCANG00000028375
ok
ENSRBIG00000036945
ok
ENSCSAG00000011342
ok
ENSPANG00000017453
ok
ENSANAG00000032692
ok
ENSCATG00000014510
ok
ENSMNEG00000038033
ok
ENSPTEG00000010661
ok
ENSMMUG00000001745
ok
ENSTSYG00000009796
ok
ENSOGAG00000004348
ok
ENSSBOG00000020751
ok
ENSPTRG00000003696
ok
ENSNLEG00000013069
ok
ENSMICG00000004162
ok
ENSPPYG00000003231
ok
ENSPPAG00000037393
ok
ENSCJAG00000016132
ok
ENSGGOG00000011343
ok
ENSPCOG00000023048
ok
ENSMFAG00000043591
ok
ENSRROG00000043982
ok
ENSMLEG00000037616
ok
ENSPSMG00000004596
ok
ENSTGEG00000020321
ok
ENSCCAG00000029829
ok
ENSCANG00000027326
ok
ENSRBIG00000045010
ok
ENSCSAG00000006091
ok
ENSPANG00000023498
ok
ENSANAG00000034847
ok
ENSCATG00000039383
ok
ENSMNEG00000043336
ok
ENSPTEG00000029235
ok
ENSMMUG00000010468
ok
ENSTSYG00000005428
ok
ENSOGAG00000027179
ok
ENSSBOG00000028497
ok
ENSPTRG00000008630
ok
ENSNLEG00000009055
ok
ENSMICG00000012694
ok
ENSPPYG00000007868
ok
ENSPPAG00000031332
ok
ENSCJAG00000011370
ok
ENSGGOG00000002740
ok
ENSPCOG00000003013
ok
ENSMFAG00000042296
ok
ENSRROG00000041520
ok
ENSMLEG00000036331
ok
ENSPSMG00000019877
ok
ENSTGEG00000020613
ok
ENSCCAG00000030587
ok
ENSCANG00000036738
ok
ENSRBIG00000011156
ok
ENSCSAG00000012808
ok
ENSPANG00000031716
ok
ENSANAG00000028660
ok
ENSCATG00000034115
ok
ENSMNEG00000033025
ok
ENSPTEG00000020332
ok
ENSMMUG00000001700
ok
ENSTSYG00000003141
ok
ENSOGAG00000005101
ok
ENSSBOG00000026521
ok
ENSPTRG00000002333
ok
ENSNLEG00000012603
ok
ENSMICG00000005948
ok
ENSPPYG00000002126
ok
ENSPPAG00000018265
ok
ENSCJAG00000008590
ok
ENSGGOG00000000306
ok
ENSPCOG00000015443
ok
ENSMFAG00000045137
ok
ENSRROG00000036523
ok
ENSMLEG00000041638
ok
ENSPSMG00000024700
ok
ENSTGEG00000006958
ok
ENSCCAG00000028994
ok
ENSCANG00000032441
